#
# There is insufficient memory for the Java Runtime Environment to continue.
# Native memory allocation (malloc) failed to allocate 32744 bytes for ChunkPool::allocate
# Possible reasons:
#   The system is out of physical RAM or swap space
#   The process is running with CompressedOops enabled, and the Java Heap may be blocking the growth of the native heap
# Possible solutions:
#   Reduce memory load on the system
#   Increase physical memory or swap space
#   Check if swap backing store is full
#   Decrease Java heap size (-Xmx/-Xms)
#   Decrease number of Java threads
#   Decrease Java thread stack sizes (-Xss)
#   Set larger code cache with -XX:ReservedCodeCacheSize=
#   JVM is running with Unscaled Compressed Oops mode in which the Java heap is
#     placed in the first 4GB address space. The Java Heap base address is the
#     maximum limit for the native heap growth. Please use -XX:HeapBaseMinAddress
#     to set the Java Heap base and to place the Java Heap above 4GB virtual address.
# This output file may be truncated or incomplete.
#
#  Out of Memory Error (./src/hotspot/share/memory/arena.cpp:81), pid=17712, tid=15848
#
# JRE version: OpenJDK Runtime Environment (11.0.10) (build 11.0.10+0-b96-7249189)
# Java VM: OpenJDK 64-Bit Server VM (11.0.10+0-b96-7249189, mixed mode, tiered, compressed oops, g1 gc, windows-amd64)
# No core dump will be written. Minidumps are not enabled by default on client versions of Windows
#

---------------  S U M M A R Y ------------

Command Line: --add-opens=java.base/java.util=ALL-UNNAMED --add-opens=java.base/java.lang=ALL-UNNAMED --add-opens=java.base/java.lang.invoke=ALL-UNNAMED --add-opens=java.base/java.util=ALL-UNNAMED --add-opens=java.prefs/java.util.prefs=ALL-UNNAMED --add-opens=java.prefs/java.util.prefs=ALL-UNNAMED --add-opens=java.base/java.nio.charset=ALL-UNNAMED --add-opens=java.base/java.net=ALL-UNNAMED --add-opens=java.base/java.util.concurrent.atomic=ALL-UNNAMED -Xmx2048m -Dfile.encoding=UTF-8 -Duser.country=CN -Duser.language=zh -Duser.variant org.gradle.launcher.daemon.bootstrap.GradleDaemon 7.0.2

Host: AMD Ryzen 5 4600U with Radeon Graphics         , 12 cores, 15G,  Windows 10 , 64 bit Build 19041 (10.0.19041.928)
Time: Wed Sep  1 00:28:36 2021 中国标准时间 elapsed time: 632.652961 seconds (0d 0h 10m 32s)

---------------  T H R E A D  ---------------

Current thread (0x000001d0158d4800):  JavaThread "C1 CompilerThread0" daemon [_thread_in_native, id=15848, stack(0x0000009b34d00000,0x0000009b34e00000)]


Current CompileTask:
C1: 632653 14735       3       org.gradle.api.internal.artifacts.ivyservice.modulecache.ModuleMetadataCacheEntrySerializer::read (106 bytes)

Stack: [0x0000009b34d00000,0x0000009b34e00000]
Native frames: (J=compiled Java code, j=interpreted, Vv=VM code, C=native code)
V  [jvm.dll+0x5ecfaa]
V  [jvm.dll+0x722bd5]
V  [jvm.dll+0x72412d]
V  [jvm.dll+0x7247e3]
V  [jvm.dll+0x242928]
V  [jvm.dll+0xbc75b]
V  [jvm.dll+0xbca0c]
V  [jvm.dll+0x10d436]
V  [jvm.dll+0x16852c]
V  [jvm.dll+0x1695a6]
V  [jvm.dll+0x12376c]
V  [jvm.dll+0x123279]
V  [jvm.dll+0x1233e3]
V  [jvm.dll+0x1226f7]
V  [jvm.dll+0x1242c7]
V  [jvm.dll+0x208ee7]
V  [jvm.dll+0x207731]
V  [jvm.dll+0x6eb1cf]
V  [jvm.dll+0x6e3d45]
V  [jvm.dll+0x5ebe96]
C  [ucrtbase.dll+0x21bb2]
C  [KERNEL32.DLL+0x17034]
C  [ntdll.dll+0x52651]


---------------  P R O C E S S  ---------------

Threads class SMR info:
_java_thread_list=0x000001d01cac98c0, length=50, elements={
0x000001d07a4ce800, 0x000001d015850000, 0x000001d015851000, 0x000001d0158c6000,
0x000001d0158c7000, 0x000001d0158c8000, 0x000001d0158cb000, 0x000001d0158d4800,
0x000001d0158d5800, 0x000001d015a58800, 0x000001d016e25000, 0x000001d016ef4800,
0x000001d017c7b800, 0x000001d018606000, 0x000001d018607800, 0x000001d018608800,
0x000001d018605000, 0x000001d018603800, 0x000001d018e83000, 0x000001d018e84000,
0x000001d018e80000, 0x000001d018e7e000, 0x000001d018e86800, 0x000001d01b6a0800,
0x000001d01b69d800, 0x000001d01b6a4000, 0x000001d01b6a3000, 0x000001d01b6a0000,
0x000001d01b69e000, 0x000001d01b6a8000, 0x000001d01b6a9800, 0x000001d01b6a9000,
0x000001d01b6a5800, 0x000001d01b6a4800, 0x000001d01e06b800, 0x000001d01e068000,
0x000001d01e065800, 0x000001d01e065000, 0x000001d01e069000, 0x000001d01e063000,
0x000001d01e066800, 0x000001d01e067800, 0x000001d01e06a000, 0x000001d01e064000,
0x000001d01e06c000, 0x000001d01e06d000, 0x000001d01e06f800, 0x000001d01e070800,
0x000001d01e06a800, 0x000001d01e072000
}

Java Threads: ( => current thread )
  0x000001d07a4ce800 JavaThread "main" [_thread_blocked, id=11552, stack(0x0000009b34000000,0x0000009b34100000)]
  0x000001d015850000 JavaThread "Reference Handler" daemon [_thread_blocked, id=19124, stack(0x0000009b34700000,0x0000009b34800000)]
  0x000001d015851000 JavaThread "Finalizer" daemon [_thread_blocked, id=14324, stack(0x0000009b34800000,0x0000009b34900000)]
  0x000001d0158c6000 JavaThread "Signal Dispatcher" daemon [_thread_blocked, id=19180, stack(0x0000009b34900000,0x0000009b34a00000)]
  0x000001d0158c7000 JavaThread "Attach Listener" daemon [_thread_blocked, id=13032, stack(0x0000009b34a00000,0x0000009b34b00000)]
  0x000001d0158c8000 JavaThread "Service Thread" daemon [_thread_blocked, id=10984, stack(0x0000009b34b00000,0x0000009b34c00000)]
  0x000001d0158cb000 JavaThread "C2 CompilerThread0" daemon [_thread_in_native, id=504, stack(0x0000009b34c00000,0x0000009b34d00000)]
=>0x000001d0158d4800 JavaThread "C1 CompilerThread0" daemon [_thread_in_native, id=15848, stack(0x0000009b34d00000,0x0000009b34e00000)]
  0x000001d0158d5800 JavaThread "Sweeper thread" daemon [_thread_blocked, id=18120, stack(0x0000009b34e00000,0x0000009b34f00000)]
  0x000001d015a58800 JavaThread "Common-Cleaner" daemon [_thread_blocked, id=18576, stack(0x0000009b34f00000,0x0000009b35000000)]
  0x000001d016e25000 JavaThread "Daemon health stats" [_thread_blocked, id=13904, stack(0x0000009b35600000,0x0000009b35700000)]
  0x000001d016ef4800 JavaThread "Incoming local TCP Connector on port 8695" [_thread_in_native, id=19612, stack(0x0000009b35100000,0x0000009b35200000)]
  0x000001d017c7b800 JavaThread "Daemon periodic checks" [_thread_blocked, id=14448, stack(0x0000009b35700000,0x0000009b35800000)]
  0x000001d018606000 JavaThread "Cache worker for file hash cache (C:\Users\ojhdt\.gradle\caches\7.0.2\fileHashes)" [_thread_blocked, id=17524, stack(0x0000009b35f00000,0x0000009b36000000)]
  0x000001d018607800 JavaThread "File lock request listener" [_thread_in_native, id=16740, stack(0x0000009b36000000,0x0000009b36100000)]
  0x000001d018608800 JavaThread "Cache worker for journal cache (C:\Users\ojhdt\.gradle\caches\journal-1)" [_thread_blocked, id=18464, stack(0x0000009b36800000,0x0000009b36900000)]
  0x000001d018605000 JavaThread "File watcher server" daemon [_thread_in_native, id=4188, stack(0x0000009b36c00000,0x0000009b36d00000)]
  0x000001d018603800 JavaThread "File watcher consumer" daemon [_thread_blocked, id=17328, stack(0x0000009b36d00000,0x0000009b36e00000)]
  0x000001d018e83000 JavaThread "Cache worker for execution history cache (C:\Users\ojhdt\.gradle\caches\7.0.2\executionHistory)" [_thread_blocked, id=16104, stack(0x0000009b37100000,0x0000009b37200000)]
  0x000001d018e84000 JavaThread "jar transforms" [_thread_blocked, id=16648, stack(0x0000009b37200000,0x0000009b37300000)]
  0x000001d018e80000 JavaThread "jar transforms Thread 2" [_thread_blocked, id=13408, stack(0x0000009b37300000,0x0000009b37400000)]
  0x000001d018e7e000 JavaThread "Cache worker for file content cache (C:\Users\ojhdt\.gradle\caches\7.0.2\fileContent)" [_thread_blocked, id=19396, stack(0x0000009b37400000,0x0000009b37500000)]
  0x000001d018e86800 JavaThread "jar transforms Thread 3" [_thread_blocked, id=18988, stack(0x0000009b37600000,0x0000009b37700000)]
  0x000001d01b6a0800 JavaThread "jar transforms Thread 4" [_thread_blocked, id=20472, stack(0x0000009b38400000,0x0000009b38500000)]
  0x000001d01b69d800 JavaThread "jar transforms Thread 5" [_thread_blocked, id=15396, stack(0x0000009b38500000,0x0000009b38600000)]
  0x000001d01b6a4000 JavaThread "jar transforms Thread 6" [_thread_blocked, id=11936, stack(0x0000009b38600000,0x0000009b38700000)]
  0x000001d01b6a3000 JavaThread "jar transforms Thread 7" [_thread_blocked, id=17848, stack(0x0000009b38700000,0x0000009b38800000)]
  0x000001d01b6a0000 JavaThread "jar transforms Thread 8" [_thread_blocked, id=4908, stack(0x0000009b38800000,0x0000009b38900000)]
  0x000001d01b69e000 JavaThread "jar transforms Thread 9" [_thread_blocked, id=18428, stack(0x0000009b38900000,0x0000009b38a00000)]
  0x000001d01b6a8000 JavaThread "jar transforms Thread 10" [_thread_blocked, id=14884, stack(0x0000009b38a00000,0x0000009b38b00000)]
  0x000001d01b6a9800 JavaThread "jar transforms Thread 11" [_thread_blocked, id=19660, stack(0x0000009b38b00000,0x0000009b38c00000)]
  0x000001d01b6a9000 JavaThread "jar transforms Thread 12" [_thread_blocked, id=11492, stack(0x0000009b38c00000,0x0000009b38d00000)]
  0x000001d01b6a5800 JavaThread "Memory manager" [_thread_blocked, id=12484, stack(0x0000009b38d00000,0x0000009b38e00000)]
  0x000001d01b6a4800 JavaThread "pool-3-thread-1" [_thread_blocked, id=20096, stack(0x0000009b38f00000,0x0000009b39000000)]
  0x000001d01e06b800 JavaThread "ForkJoinPool.commonPool-worker-27" daemon [_thread_blocked, id=6996, stack(0x0000009b3ae00000,0x0000009b3af00000)]
  0x000001d01e068000 JavaThread "Daemon Thread 2" [_thread_blocked, id=12944, stack(0x0000009b33d00000,0x0000009b33e00000)]
  0x000001d01e065800 JavaThread "Handler for socket connection from /127.0.0.1:8695 to /127.0.0.1:11859" [_thread_in_native, id=7380, stack(0x0000009b33e00000,0x0000009b33f00000)]
  0x000001d01e065000 JavaThread "Cancel handler" [_thread_blocked, id=15952, stack(0x0000009b33f00000,0x0000009b34000000)]
  0x000001d01e069000 JavaThread "Daemon worker Thread 2" [_thread_in_Java, id=11536, stack(0x0000009b35800000,0x0000009b35900000)]
  0x000001d01e063000 JavaThread "Asynchronous log dispatcher for DefaultDaemonConnection: socket connection from /127.0.0.1:8695 to /127.0.0.1:11859" [_thread_blocked, id=17384, stack(0x0000009b35900000,0x0000009b35a00000)]
  0x000001d01e066800 JavaThread "Stdin handler" [_thread_blocked, id=18756, stack(0x0000009b35a00000,0x0000009b35b00000)]
  0x000001d01e067800 JavaThread "Daemon client event forwarder" [_thread_blocked, id=6492, stack(0x0000009b35b00000,0x0000009b35c00000)]
  0x000001d01e06a000 JavaThread "Cache worker for file hash cache (D:\Project\Media\.gradle\7.0.2\fileHashes)" [_thread_blocked, id=13216, stack(0x0000009b35c00000,0x0000009b35d00000)]
  0x000001d01e064000 JavaThread "C2 CompilerThread1" daemon [_thread_blocked, id=19380, stack(0x0000009b35d00000,0x0000009b35e00000)]
  0x000001d01e06c000 JavaThread "C2 CompilerThread2" daemon [_thread_in_native, id=3392, stack(0x0000009b35e00000,0x0000009b35f00000)]
  0x000001d01e06d000 JavaThread "Cache worker for checksums cache (D:\Project\Media\.gradle\checksums)" [_thread_blocked, id=14516, stack(0x0000009b36900000,0x0000009b36a00000)]
  0x000001d01e06f800 JavaThread "Cache worker for cache directory md-supplier (C:\Users\ojhdt\.gradle\caches\7.0.2\md-supplier)" [_thread_blocked, id=16812, stack(0x0000009b36a00000,0x0000009b36b00000)]
  0x000001d01e070800 JavaThread "Cache worker for cache directory md-rule (C:\Users\ojhdt\.gradle\caches\7.0.2\md-rule)" [_thread_blocked, id=1900, stack(0x0000009b36e00000,0x0000009b36f00000)]
  0x000001d01e06a800 JavaThread "Cache worker for dependencies-accessors (D:\Project\Media\.gradle\7.0.2\dependencies-accessors)" [_thread_blocked, id=16704, stack(0x0000009b36f00000,0x0000009b37000000)]
  0x000001d01e072000 JavaThread "Cache worker for Build Output Cleanup Cache (D:\Project\Media\.gradle\buildOutputCleanup)" [_thread_blocked, id=14880, stack(0x0000009b37000000,0x0000009b37100000)]

Other Threads:
  0x000001d01584c000 VMThread "VM Thread" [stack: 0x0000009b34600000,0x0000009b34700000] [id=15644]
  0x000001d015a6a000 WatcherThread [stack: 0x0000009b35000000,0x0000009b35100000] [id=11332]
  0x000001d07a4e7000 GCTaskThread "GC Thread#0" [stack: 0x0000009b34100000,0x0000009b34200000] [id=5060]
  0x000001d016129000 GCTaskThread "GC Thread#1" [stack: 0x0000009b35200000,0x0000009b35300000] [id=12188]
  0x000001d016569000 GCTaskThread "GC Thread#2" [stack: 0x0000009b35300000,0x0000009b35400000] [id=8644]
  0x000001d016569800 GCTaskThread "GC Thread#3" [stack: 0x0000009b35400000,0x0000009b35500000] [id=11048]
  0x000001d016462000 GCTaskThread "GC Thread#4" [stack: 0x0000009b35500000,0x0000009b35600000] [id=3564]
  0x000001d017bc4800 GCTaskThread "GC Thread#5" [stack: 0x0000009b36100000,0x0000009b36200000] [id=7164]
  0x000001d017bc5000 GCTaskThread "GC Thread#6" [stack: 0x0000009b36200000,0x0000009b36300000] [id=308]
  0x000001d017bc5800 GCTaskThread "GC Thread#7" [stack: 0x0000009b36300000,0x0000009b36400000] [id=11696]
  0x000001d017bc3000 GCTaskThread "GC Thread#8" [stack: 0x0000009b36400000,0x0000009b36500000] [id=11116]
  0x000001d017bc3800 GCTaskThread "GC Thread#9" [stack: 0x0000009b36500000,0x0000009b36600000] [id=6560]
  0x000001d07a51a000 ConcurrentGCThread "G1 Main Marker" [stack: 0x0000009b34200000,0x0000009b34300000] [id=2168]
  0x000001d07a51c800 ConcurrentGCThread "G1 Conc#0" [stack: 0x0000009b34300000,0x0000009b34400000] [id=17648]
  0x000001d017a7b800 ConcurrentGCThread "G1 Conc#1" [stack: 0x0000009b36600000,0x0000009b36700000] [id=14612]
  0x000001d017a7b000 ConcurrentGCThread "G1 Conc#2" [stack: 0x0000009b36700000,0x0000009b36800000] [id=12076]
  0x000001d07fc5b800 ConcurrentGCThread "G1 Refine#0" [stack: 0x0000009b34400000,0x0000009b34500000] [id=14520]
  0x000001d017a7d000 ConcurrentGCThread "G1 Refine#1" [stack: 0x0000009b36b00000,0x0000009b36c00000] [id=12552]
  0x000001d07fc5e800 ConcurrentGCThread "G1 Young RemSet Sampling" [stack: 0x0000009b34500000,0x0000009b34600000] [id=12828]

Threads with active compile tasks:
C2 CompilerThread0 632679 14625   !   4       org.gradle.api.internal.attributes.DefaultImmutableAttributesFactory::doConcatIsolatable (128 bytes)
C1 CompilerThread0 632679 14735       3       org.gradle.api.internal.artifacts.ivyservice.modulecache.ModuleMetadataCacheEntrySerializer::read (106 bytes)
C2 CompilerThread2 632679 14588       4       org.gradle.internal.service.DefaultServiceRegistry$OwnServices$ProviderAnalyser::analyseType (114 bytes)

VM state:not at safepoint (normal execution)

VM Mutex/Monitor currently owned by a thread: None

Heap address: 0x0000000080000000, size: 2048 MB, Compressed Oops mode: 32-bit
Narrow klass base: 0x0000000000000000, Narrow klass shift: 3
Compressed class space size: 1073741824 Address: 0x0000000100000000

Heap:
 garbage-first heap   total 251904K, used 176114K [0x0000000080000000, 0x0000000100000000)
  region size 1024K, 48 young (49152K), 5 survivors (5120K)
 Metaspace       used 112292K, capacity 115343K, committed 116908K, reserved 1150976K
  class space    used 14479K, capacity 15622K, committed 16300K, reserved 1048576K
Heap Regions: E=young(eden), S=young(survivor), O=old, HS=humongous(starts), HC=humongous(continues), CS=collection set, F=free, A=archive, TAMS=top-at-mark-start (previous, next)
|   0|0x0000000080000000, 0x0000000080100000, 0x0000000080100000|100%| O|  |TAMS 0x0000000080100000, 0x0000000080000000| Untracked 
|   1|0x0000000080100000, 0x0000000080200000, 0x0000000080200000|100%| O|  |TAMS 0x0000000080200000, 0x0000000080100000| Untracked 
|   2|0x0000000080200000, 0x0000000080300000, 0x0000000080300000|100%| O|  |TAMS 0x0000000080300000, 0x0000000080200000| Untracked 
|   3|0x0000000080300000, 0x0000000080400000, 0x0000000080400000|100%|HS|  |TAMS 0x0000000080400000, 0x0000000080300000| Complete 
|   4|0x0000000080400000, 0x0000000080500000, 0x0000000080500000|100%|HC|  |TAMS 0x0000000080500000, 0x0000000080400000| Complete 
|   5|0x0000000080500000, 0x0000000080600000, 0x0000000080600000|100%|HC|  |TAMS 0x0000000080600000, 0x0000000080500000| Complete 
|   6|0x0000000080600000, 0x0000000080700000, 0x0000000080700000|100%| O|  |TAMS 0x0000000080700000, 0x0000000080600000| Untracked 
|   7|0x0000000080700000, 0x0000000080800000, 0x0000000080800000|100%| O|  |TAMS 0x0000000080800000, 0x0000000080700000| Untracked 
|   8|0x0000000080800000, 0x0000000080900000, 0x0000000080900000|100%| O|  |TAMS 0x0000000080900000, 0x0000000080800000| Untracked 
|   9|0x0000000080900000, 0x0000000080a00000, 0x0000000080a00000|100%| O|  |TAMS 0x0000000080a00000, 0x0000000080900000| Untracked 
|  10|0x0000000080a00000, 0x0000000080b00000, 0x0000000080b00000|100%| O|  |TAMS 0x0000000080b00000, 0x0000000080a00000| Untracked 
|  11|0x0000000080b00000, 0x0000000080c00000, 0x0000000080c00000|100%| O|  |TAMS 0x0000000080c00000, 0x0000000080b00000| Untracked 
|  12|0x0000000080c00000, 0x0000000080d00000, 0x0000000080d00000|100%| O|  |TAMS 0x0000000080d00000, 0x0000000080c00000| Untracked 
|  13|0x0000000080d00000, 0x0000000080e00000, 0x0000000080e00000|100%| O|  |TAMS 0x0000000080e00000, 0x0000000080d00000| Untracked 
|  14|0x0000000080e00000, 0x0000000080f00000, 0x0000000080f00000|100%| O|  |TAMS 0x0000000080f00000, 0x0000000080e00000| Untracked 
|  15|0x0000000080f00000, 0x0000000081000000, 0x0000000081000000|100%| O|  |TAMS 0x0000000081000000, 0x0000000080f00000| Untracked 
|  16|0x0000000081000000, 0x0000000081100000, 0x0000000081100000|100%|HS|  |TAMS 0x0000000081100000, 0x0000000081000000| Complete 
|  17|0x0000000081100000, 0x0000000081200000, 0x0000000081200000|100%|HS|  |TAMS 0x0000000081200000, 0x0000000081100000| Complete 
|  18|0x0000000081200000, 0x0000000081300000, 0x0000000081300000|100%|HS|  |TAMS 0x0000000081300000, 0x0000000081200000| Complete 
|  19|0x0000000081300000, 0x0000000081400000, 0x0000000081400000|100%|HS|  |TAMS 0x0000000081400000, 0x0000000081300000| Complete 
|  20|0x0000000081400000, 0x0000000081500000, 0x0000000081500000|100%|HC|  |TAMS 0x0000000081500000, 0x0000000081400000| Complete 
|  21|0x0000000081500000, 0x0000000081600000, 0x0000000081600000|100%|HC|  |TAMS 0x0000000081600000, 0x0000000081500000| Complete 
|  22|0x0000000081600000, 0x0000000081700000, 0x0000000081700000|100%|HS|  |TAMS 0x0000000081700000, 0x0000000081600000| Complete 
|  23|0x0000000081700000, 0x0000000081800000, 0x0000000081800000|100%|HC|  |TAMS 0x0000000081800000, 0x0000000081700000| Complete 
|  24|0x0000000081800000, 0x0000000081900000, 0x0000000081900000|100%| O|  |TAMS 0x0000000081900000, 0x0000000081800000| Untracked 
|  25|0x0000000081900000, 0x0000000081a00000, 0x0000000081a00000|100%| O|  |TAMS 0x0000000081a00000, 0x0000000081900000| Untracked 
|  26|0x0000000081a00000, 0x0000000081b00000, 0x0000000081b00000|100%| O|  |TAMS 0x0000000081b00000, 0x0000000081a00000| Untracked 
|  27|0x0000000081b00000, 0x0000000081c00000, 0x0000000081c00000|100%| O|  |TAMS 0x0000000081c00000, 0x0000000081b00000| Untracked 
|  28|0x0000000081c00000, 0x0000000081d00000, 0x0000000081d00000|100%| O|  |TAMS 0x0000000081d00000, 0x0000000081c00000| Untracked 
|  29|0x0000000081d00000, 0x0000000081e00000, 0x0000000081e00000|100%| O|  |TAMS 0x0000000081e00000, 0x0000000081d00000| Untracked 
|  30|0x0000000081e00000, 0x0000000081f00000, 0x0000000081f00000|100%| O|  |TAMS 0x0000000081f00000, 0x0000000081e00000| Untracked 
|  31|0x0000000081f00000, 0x0000000082000000, 0x0000000082000000|100%| O|  |TAMS 0x0000000082000000, 0x0000000081f00000| Untracked 
|  32|0x0000000082000000, 0x0000000082100000, 0x0000000082100000|100%| O|  |TAMS 0x0000000082100000, 0x0000000082000000| Untracked 
|  33|0x0000000082100000, 0x0000000082200000, 0x0000000082200000|100%| O|  |TAMS 0x0000000082200000, 0x0000000082100000| Untracked 
|  34|0x0000000082200000, 0x0000000082300000, 0x0000000082300000|100%| O|  |TAMS 0x0000000082300000, 0x0000000082200000| Untracked 
|  35|0x0000000082300000, 0x0000000082400000, 0x0000000082400000|100%| O|  |TAMS 0x0000000082400000, 0x0000000082300000| Untracked 
|  36|0x0000000082400000, 0x0000000082500000, 0x0000000082500000|100%| O|  |TAMS 0x0000000082500000, 0x0000000082400000| Untracked 
|  37|0x0000000082500000, 0x0000000082600000, 0x0000000082600000|100%| O|  |TAMS 0x0000000082600000, 0x0000000082500000| Untracked 
|  38|0x0000000082600000, 0x0000000082700000, 0x0000000082700000|100%| O|  |TAMS 0x0000000082700000, 0x0000000082600000| Untracked 
|  39|0x0000000082700000, 0x0000000082800000, 0x0000000082800000|100%| O|  |TAMS 0x0000000082800000, 0x0000000082700000| Untracked 
|  40|0x0000000082800000, 0x0000000082900000, 0x0000000082900000|100%| O|  |TAMS 0x0000000082900000, 0x0000000082800000| Untracked 
|  41|0x0000000082900000, 0x0000000082a00000, 0x0000000082a00000|100%| O|  |TAMS 0x0000000082a00000, 0x0000000082900000| Untracked 
|  42|0x0000000082a00000, 0x0000000082b00000, 0x0000000082b00000|100%| O|  |TAMS 0x0000000082b00000, 0x0000000082a00000| Untracked 
|  43|0x0000000082b00000, 0x0000000082c00000, 0x0000000082c00000|100%| O|  |TAMS 0x0000000082c00000, 0x0000000082b00000| Untracked 
|  44|0x0000000082c00000, 0x0000000082d00000, 0x0000000082d00000|100%| O|  |TAMS 0x0000000082d00000, 0x0000000082c00000| Untracked 
|  45|0x0000000082d00000, 0x0000000082e00000, 0x0000000082e00000|100%| O|  |TAMS 0x0000000082e00000, 0x0000000082d00000| Untracked 
|  46|0x0000000082e00000, 0x0000000082f00000, 0x0000000082f00000|100%| O|  |TAMS 0x0000000082f00000, 0x0000000082e00000| Untracked 
|  47|0x0000000082f00000, 0x0000000083000000, 0x0000000083000000|100%| O|  |TAMS 0x0000000083000000, 0x0000000082f00000| Untracked 
|  48|0x0000000083000000, 0x0000000083100000, 0x0000000083100000|100%| O|  |TAMS 0x0000000083100000, 0x0000000083000000| Untracked 
|  49|0x0000000083100000, 0x0000000083200000, 0x0000000083200000|100%| O|  |TAMS 0x0000000083200000, 0x0000000083100000| Untracked 
|  50|0x0000000083200000, 0x0000000083300000, 0x0000000083300000|100%| O|  |TAMS 0x0000000083300000, 0x0000000083200000| Untracked 
|  51|0x0000000083300000, 0x0000000083400000, 0x0000000083400000|100%| O|  |TAMS 0x0000000083400000, 0x0000000083300000| Untracked 
|  52|0x0000000083400000, 0x0000000083500000, 0x0000000083500000|100%| O|  |TAMS 0x0000000083500000, 0x0000000083400000| Untracked 
|  53|0x0000000083500000, 0x0000000083600000, 0x0000000083600000|100%| O|  |TAMS 0x0000000083600000, 0x0000000083500000| Untracked 
|  54|0x0000000083600000, 0x0000000083700000, 0x0000000083700000|100%| O|  |TAMS 0x0000000083700000, 0x0000000083600000| Untracked 
|  55|0x0000000083700000, 0x0000000083800000, 0x0000000083800000|100%| O|  |TAMS 0x0000000083800000, 0x0000000083700000| Untracked 
|  56|0x0000000083800000, 0x0000000083900000, 0x0000000083900000|100%| O|  |TAMS 0x0000000083900000, 0x0000000083800000| Untracked 
|  57|0x0000000083900000, 0x0000000083a00000, 0x0000000083a00000|100%| O|  |TAMS 0x0000000083a00000, 0x0000000083900000| Untracked 
|  58|0x0000000083a00000, 0x0000000083b00000, 0x0000000083b00000|100%| O|  |TAMS 0x0000000083b00000, 0x0000000083a00000| Untracked 
|  59|0x0000000083b00000, 0x0000000083c00000, 0x0000000083c00000|100%| O|  |TAMS 0x0000000083c00000, 0x0000000083b00000| Untracked 
|  60|0x0000000083c00000, 0x0000000083d00000, 0x0000000083d00000|100%| O|  |TAMS 0x0000000083d00000, 0x0000000083c00000| Untracked 
|  61|0x0000000083d00000, 0x0000000083e00000, 0x0000000083e00000|100%| O|  |TAMS 0x0000000083e00000, 0x0000000083d00000| Untracked 
|  62|0x0000000083e00000, 0x0000000083f00000, 0x0000000083f00000|100%| O|  |TAMS 0x0000000083f00000, 0x0000000083e00000| Untracked 
|  63|0x0000000083f00000, 0x0000000084000000, 0x0000000084000000|100%| O|  |TAMS 0x0000000084000000, 0x0000000083f00000| Untracked 
|  64|0x0000000084000000, 0x0000000084100000, 0x0000000084100000|100%| O|  |TAMS 0x0000000084100000, 0x0000000084000000| Untracked 
|  65|0x0000000084100000, 0x0000000084200000, 0x0000000084200000|100%| O|  |TAMS 0x0000000084200000, 0x0000000084100000| Untracked 
|  66|0x0000000084200000, 0x0000000084300000, 0x0000000084300000|100%| O|  |TAMS 0x0000000084300000, 0x0000000084200000| Untracked 
|  67|0x0000000084300000, 0x0000000084400000, 0x0000000084400000|100%| O|  |TAMS 0x0000000084400000, 0x0000000084300000| Untracked 
|  68|0x0000000084400000, 0x0000000084500000, 0x0000000084500000|100%| O|  |TAMS 0x0000000084500000, 0x0000000084400000| Untracked 
|  69|0x0000000084500000, 0x0000000084600000, 0x0000000084600000|100%| O|  |TAMS 0x0000000084600000, 0x0000000084500000| Untracked 
|  70|0x0000000084600000, 0x0000000084700000, 0x0000000084700000|100%| O|  |TAMS 0x0000000084700000, 0x0000000084600000| Untracked 
|  71|0x0000000084700000, 0x0000000084800000, 0x0000000084800000|100%| O|  |TAMS 0x0000000084800000, 0x0000000084700000| Untracked 
|  72|0x0000000084800000, 0x0000000084900000, 0x0000000084900000|100%| O|  |TAMS 0x0000000084900000, 0x0000000084800000| Untracked 
|  73|0x0000000084900000, 0x0000000084a00000, 0x0000000084a00000|100%| O|  |TAMS 0x0000000084a00000, 0x0000000084900000| Untracked 
|  74|0x0000000084a00000, 0x0000000084b00000, 0x0000000084b00000|100%| O|  |TAMS 0x0000000084b00000, 0x0000000084a00000| Untracked 
|  75|0x0000000084b00000, 0x0000000084c00000, 0x0000000084c00000|100%| O|  |TAMS 0x0000000084c00000, 0x0000000084b00000| Untracked 
|  76|0x0000000084c00000, 0x0000000084d00000, 0x0000000084d00000|100%| O|  |TAMS 0x0000000084d00000, 0x0000000084c00000| Untracked 
|  77|0x0000000084d00000, 0x0000000084e00000, 0x0000000084e00000|100%| O|  |TAMS 0x0000000084e00000, 0x0000000084d00000| Untracked 
|  78|0x0000000084e00000, 0x0000000084f00000, 0x0000000084f00000|100%| O|  |TAMS 0x0000000084f00000, 0x0000000084e00000| Untracked 
|  79|0x0000000084f00000, 0x0000000085000000, 0x0000000085000000|100%| O|  |TAMS 0x0000000085000000, 0x0000000084f00000| Untracked 
|  80|0x0000000085000000, 0x0000000085100000, 0x0000000085100000|100%| O|  |TAMS 0x0000000085100000, 0x0000000085000000| Untracked 
|  81|0x0000000085100000, 0x0000000085200000, 0x0000000085200000|100%| O|  |TAMS 0x0000000085200000, 0x0000000085100000| Untracked 
|  82|0x0000000085200000, 0x0000000085300000, 0x0000000085300000|100%| O|  |TAMS 0x0000000085300000, 0x0000000085200000| Untracked 
|  83|0x0000000085300000, 0x0000000085400000, 0x0000000085400000|100%| O|  |TAMS 0x0000000085400000, 0x0000000085300000| Untracked 
|  84|0x0000000085400000, 0x0000000085500000, 0x0000000085500000|100%| O|  |TAMS 0x0000000085500000, 0x0000000085400000| Untracked 
|  85|0x0000000085500000, 0x0000000085600000, 0x0000000085600000|100%| O|  |TAMS 0x0000000085600000, 0x0000000085500000| Untracked 
|  86|0x0000000085600000, 0x0000000085700000, 0x0000000085700000|100%| O|  |TAMS 0x0000000085700000, 0x0000000085600000| Untracked 
|  87|0x0000000085700000, 0x0000000085800000, 0x0000000085800000|100%| O|  |TAMS 0x0000000085800000, 0x0000000085700000| Untracked 
|  88|0x0000000085800000, 0x0000000085900000, 0x0000000085900000|100%|HS|  |TAMS 0x0000000085800000, 0x0000000085800000| Complete 
|  89|0x0000000085900000, 0x0000000085a00000, 0x0000000085a00000|100%|HC|  |TAMS 0x0000000085900000, 0x0000000085900000| Complete 
|  90|0x0000000085a00000, 0x0000000085b00000, 0x0000000085b00000|100%| O|  |TAMS 0x0000000085b00000, 0x0000000085a00000| Untracked 
|  91|0x0000000085b00000, 0x0000000085c00000, 0x0000000085c00000|100%| O|  |TAMS 0x0000000085c00000, 0x0000000085b00000| Untracked 
|  92|0x0000000085c00000, 0x0000000085d00000, 0x0000000085d00000|100%| O|  |TAMS 0x0000000085d00000, 0x0000000085c00000| Untracked 
|  93|0x0000000085d00000, 0x0000000085e00000, 0x0000000085e00000|100%| O|  |TAMS 0x0000000085e00000, 0x0000000085d00000| Untracked 
|  94|0x0000000085e00000, 0x0000000085f00000, 0x0000000085f00000|100%| O|  |TAMS 0x0000000085f00000, 0x0000000085e00000| Untracked 
|  95|0x0000000085f00000, 0x0000000085fe7000, 0x0000000086000000| 90%| O|  |TAMS 0x0000000085fe7000, 0x0000000085f00000| Untracked 
|  96|0x0000000086000000, 0x0000000086100000, 0x0000000086100000|100%|HS|  |TAMS 0x0000000086000000, 0x0000000086000000| Complete 
|  97|0x0000000086100000, 0x0000000086200000, 0x0000000086200000|100%|HC|  |TAMS 0x0000000086100000, 0x0000000086100000| Complete 
|  98|0x0000000086200000, 0x0000000086300000, 0x0000000086300000|100%|HS|  |TAMS 0x0000000086200000, 0x0000000086200000| Complete 
|  99|0x0000000086300000, 0x0000000086400000, 0x0000000086400000|100%|HC|  |TAMS 0x0000000086300000, 0x0000000086300000| Complete 
| 100|0x0000000086400000, 0x0000000086500000, 0x0000000086500000|100%|HS|  |TAMS 0x0000000086400000, 0x0000000086400000| Complete 
| 101|0x0000000086500000, 0x0000000086600000, 0x0000000086600000|100%|HC|  |TAMS 0x0000000086500000, 0x0000000086500000| Complete 
| 102|0x0000000086600000, 0x0000000086700000, 0x0000000086700000|100%|HS|  |TAMS 0x0000000086600000, 0x0000000086600000| Complete 
| 103|0x0000000086700000, 0x0000000086800000, 0x0000000086800000|100%|HS|  |TAMS 0x0000000086800000, 0x0000000086700000| Complete 
| 104|0x0000000086800000, 0x0000000086900000, 0x0000000086900000|100%|HC|  |TAMS 0x0000000086900000, 0x0000000086800000| Complete 
| 105|0x0000000086900000, 0x0000000086a00000, 0x0000000086a00000|100%|HS|  |TAMS 0x0000000086a00000, 0x0000000086900000| Complete 
| 106|0x0000000086a00000, 0x0000000086b00000, 0x0000000086b00000|100%|HC|  |TAMS 0x0000000086b00000, 0x0000000086a00000| Complete 
| 107|0x0000000086b00000, 0x0000000086c00000, 0x0000000086c00000|100%|HS|  |TAMS 0x0000000086c00000, 0x0000000086b00000| Complete 
| 108|0x0000000086c00000, 0x0000000086d00000, 0x0000000086d00000|100%|HC|  |TAMS 0x0000000086d00000, 0x0000000086c00000| Complete 
| 109|0x0000000086d00000, 0x0000000086e00000, 0x0000000086e00000|100%|HS|  |TAMS 0x0000000086e00000, 0x0000000086d00000| Complete 
| 110|0x0000000086e00000, 0x0000000086f00000, 0x0000000086f00000|100%|HC|  |TAMS 0x0000000086f00000, 0x0000000086e00000| Complete 
| 111|0x0000000086f00000, 0x0000000087000000, 0x0000000087000000|100%|HS|  |TAMS 0x0000000086f00000, 0x0000000086f00000| Complete 
| 112|0x0000000087000000, 0x0000000087100000, 0x0000000087100000|100%|HC|  |TAMS 0x0000000087000000, 0x0000000087000000| Complete 
| 113|0x0000000087100000, 0x0000000087200000, 0x0000000087200000|100%|HS|  |TAMS 0x0000000087100000, 0x0000000087100000| Complete 
| 114|0x0000000087200000, 0x0000000087300000, 0x0000000087300000|100%|HC|  |TAMS 0x0000000087200000, 0x0000000087200000| Complete 
| 115|0x0000000087300000, 0x0000000087400000, 0x0000000087400000|100%|HS|  |TAMS 0x0000000087300000, 0x0000000087300000| Complete 
| 116|0x0000000087400000, 0x0000000087500000, 0x0000000087500000|100%|HC|  |TAMS 0x0000000087400000, 0x0000000087400000| Complete 
| 117|0x0000000087500000, 0x0000000087600000, 0x0000000087600000|100%|HS|  |TAMS 0x0000000087500000, 0x0000000087500000| Complete 
| 118|0x0000000087600000, 0x0000000087700000, 0x0000000087700000|100%|HC|  |TAMS 0x0000000087600000, 0x0000000087600000| Complete 
| 119|0x0000000087700000, 0x0000000087800000, 0x0000000087800000|100%|HS|  |TAMS 0x0000000087700000, 0x0000000087700000| Complete 
| 120|0x0000000087800000, 0x0000000087900000, 0x0000000087900000|100%|HC|  |TAMS 0x0000000087800000, 0x0000000087800000| Complete 
| 121|0x0000000087900000, 0x0000000087a00000, 0x0000000087a00000|100%|HS|  |TAMS 0x0000000087900000, 0x0000000087900000| Complete 
| 122|0x0000000087a00000, 0x0000000087b00000, 0x0000000087b00000|100%|HC|  |TAMS 0x0000000087a00000, 0x0000000087a00000| Complete 
| 123|0x0000000087b00000, 0x0000000087c00000, 0x0000000087c00000|100%|HS|  |TAMS 0x0000000087b00000, 0x0000000087b00000| Complete 
| 124|0x0000000087c00000, 0x0000000087d00000, 0x0000000087d00000|100%|HC|  |TAMS 0x0000000087c00000, 0x0000000087c00000| Complete 
| 125|0x0000000087d00000, 0x0000000087e00000, 0x0000000087e00000|100%|HS|  |TAMS 0x0000000087d00000, 0x0000000087d00000| Complete 
| 126|0x0000000087e00000, 0x0000000087f00000, 0x0000000087f00000|100%|HC|  |TAMS 0x0000000087e00000, 0x0000000087e00000| Complete 
| 127|0x0000000087f00000, 0x0000000087f00000, 0x0000000088000000|  0%| F|  |TAMS 0x0000000087f00000, 0x0000000087f00000| Untracked 
| 128|0x0000000088000000, 0x0000000088000000, 0x0000000088100000|  0%| F|  |TAMS 0x0000000088000000, 0x0000000088000000| Untracked 
| 129|0x0000000088100000, 0x0000000088100000, 0x0000000088200000|  0%| F|  |TAMS 0x0000000088100000, 0x0000000088100000| Untracked 
| 130|0x0000000088200000, 0x0000000088200000, 0x0000000088300000|  0%| F|  |TAMS 0x0000000088200000, 0x0000000088200000| Untracked 
| 131|0x0000000088300000, 0x0000000088300000, 0x0000000088400000|  0%| F|  |TAMS 0x0000000088300000, 0x0000000088300000| Untracked 
| 132|0x0000000088400000, 0x0000000088400000, 0x0000000088500000|  0%| F|  |TAMS 0x0000000088400000, 0x0000000088400000| Untracked 
| 133|0x0000000088500000, 0x0000000088500000, 0x0000000088600000|  0%| F|  |TAMS 0x0000000088500000, 0x0000000088500000| Untracked 
| 134|0x0000000088600000, 0x0000000088600000, 0x0000000088700000|  0%| F|  |TAMS 0x0000000088600000, 0x0000000088600000| Untracked 
| 135|0x0000000088700000, 0x0000000088700000, 0x0000000088800000|  0%| F|  |TAMS 0x0000000088700000, 0x0000000088700000| Untracked 
| 136|0x0000000088800000, 0x0000000088800000, 0x0000000088900000|  0%| F|  |TAMS 0x0000000088800000, 0x0000000088800000| Untracked 
| 137|0x0000000088900000, 0x0000000088900000, 0x0000000088a00000|  0%| F|  |TAMS 0x0000000088900000, 0x0000000088900000| Untracked 
| 138|0x0000000088a00000, 0x0000000088a00000, 0x0000000088b00000|  0%| F|  |TAMS 0x0000000088a00000, 0x0000000088a00000| Untracked 
| 139|0x0000000088b00000, 0x0000000088b00000, 0x0000000088c00000|  0%| F|  |TAMS 0x0000000088b00000, 0x0000000088b00000| Untracked 
| 140|0x0000000088c00000, 0x0000000088c00000, 0x0000000088d00000|  0%| F|  |TAMS 0x0000000088c00000, 0x0000000088c00000| Untracked 
| 141|0x0000000088d00000, 0x0000000088d00000, 0x0000000088e00000|  0%| F|  |TAMS 0x0000000088d00000, 0x0000000088d00000| Untracked 
| 142|0x0000000088e00000, 0x0000000088e00000, 0x0000000088f00000|  0%| F|  |TAMS 0x0000000088e00000, 0x0000000088e00000| Untracked 
| 143|0x0000000088f00000, 0x0000000088f00000, 0x0000000089000000|  0%| F|  |TAMS 0x0000000088f00000, 0x0000000088f00000| Untracked 
| 144|0x0000000089000000, 0x0000000089000000, 0x0000000089100000|  0%| F|  |TAMS 0x0000000089000000, 0x0000000089000000| Untracked 
| 145|0x0000000089100000, 0x0000000089100000, 0x0000000089200000|  0%| F|  |TAMS 0x0000000089100000, 0x0000000089100000| Untracked 
| 146|0x0000000089200000, 0x0000000089200000, 0x0000000089300000|  0%| F|  |TAMS 0x0000000089200000, 0x0000000089200000| Untracked 
| 147|0x0000000089300000, 0x0000000089300000, 0x0000000089400000|  0%| F|  |TAMS 0x0000000089300000, 0x0000000089300000| Untracked 
| 148|0x0000000089400000, 0x0000000089400000, 0x0000000089500000|  0%| F|  |TAMS 0x0000000089400000, 0x0000000089400000| Untracked 
| 149|0x0000000089500000, 0x0000000089500000, 0x0000000089600000|  0%| F|  |TAMS 0x0000000089500000, 0x0000000089500000| Untracked 
| 150|0x0000000089600000, 0x0000000089600000, 0x0000000089700000|  0%| F|  |TAMS 0x0000000089600000, 0x0000000089600000| Untracked 
| 151|0x0000000089700000, 0x0000000089700000, 0x0000000089800000|  0%| F|  |TAMS 0x0000000089700000, 0x0000000089700000| Untracked 
| 152|0x0000000089800000, 0x0000000089800000, 0x0000000089900000|  0%| F|  |TAMS 0x0000000089800000, 0x0000000089800000| Untracked 
| 153|0x0000000089900000, 0x0000000089900000, 0x0000000089a00000|  0%| F|  |TAMS 0x0000000089900000, 0x0000000089900000| Untracked 
| 154|0x0000000089a00000, 0x0000000089a00000, 0x0000000089b00000|  0%| F|  |TAMS 0x0000000089a00000, 0x0000000089a00000| Untracked 
| 155|0x0000000089b00000, 0x0000000089b00000, 0x0000000089c00000|  0%| F|  |TAMS 0x0000000089b00000, 0x0000000089b00000| Untracked 
| 156|0x0000000089c00000, 0x0000000089c00000, 0x0000000089d00000|  0%| F|  |TAMS 0x0000000089c00000, 0x0000000089c00000| Untracked 
| 157|0x0000000089d00000, 0x0000000089d00000, 0x0000000089e00000|  0%| F|  |TAMS 0x0000000089d00000, 0x0000000089d00000| Untracked 
| 158|0x0000000089e00000, 0x0000000089e00000, 0x0000000089f00000|  0%| F|  |TAMS 0x0000000089e00000, 0x0000000089e00000| Untracked 
| 159|0x0000000089f00000, 0x0000000089f00000, 0x000000008a000000|  0%| F|  |TAMS 0x0000000089f00000, 0x0000000089f00000| Untracked 
| 160|0x000000008a000000, 0x000000008a000000, 0x000000008a100000|  0%| F|  |TAMS 0x000000008a000000, 0x000000008a000000| Untracked 
| 161|0x000000008a100000, 0x000000008a100000, 0x000000008a200000|  0%| F|  |TAMS 0x000000008a100000, 0x000000008a100000| Untracked 
| 162|0x000000008a200000, 0x000000008a200000, 0x000000008a300000|  0%| F|  |TAMS 0x000000008a200000, 0x000000008a200000| Untracked 
| 163|0x000000008a300000, 0x000000008a300000, 0x000000008a400000|  0%| F|  |TAMS 0x000000008a300000, 0x000000008a300000| Untracked 
| 164|0x000000008a400000, 0x000000008a400000, 0x000000008a500000|  0%| F|  |TAMS 0x000000008a400000, 0x000000008a400000| Untracked 
| 165|0x000000008a500000, 0x000000008a500000, 0x000000008a600000|  0%| F|  |TAMS 0x000000008a500000, 0x000000008a500000| Untracked 
| 166|0x000000008a600000, 0x000000008a600000, 0x000000008a700000|  0%| F|  |TAMS 0x000000008a600000, 0x000000008a600000| Untracked 
| 167|0x000000008a700000, 0x000000008a700000, 0x000000008a800000|  0%| F|  |TAMS 0x000000008a700000, 0x000000008a700000| Untracked 
| 168|0x000000008a800000, 0x000000008a800000, 0x000000008a900000|  0%| F|  |TAMS 0x000000008a800000, 0x000000008a800000| Untracked 
| 169|0x000000008a900000, 0x000000008a900000, 0x000000008aa00000|  0%| F|  |TAMS 0x000000008a900000, 0x000000008a900000| Untracked 
| 170|0x000000008aa00000, 0x000000008aa00000, 0x000000008ab00000|  0%| F|  |TAMS 0x000000008aa00000, 0x000000008aa00000| Untracked 
| 171|0x000000008ab00000, 0x000000008ab00000, 0x000000008ac00000|  0%| F|  |TAMS 0x000000008ab00000, 0x000000008ab00000| Untracked 
| 172|0x000000008ac00000, 0x000000008ac00000, 0x000000008ad00000|  0%| F|  |TAMS 0x000000008ac00000, 0x000000008ac00000| Untracked 
| 173|0x000000008ad00000, 0x000000008ad00000, 0x000000008ae00000|  0%| F|  |TAMS 0x000000008ad00000, 0x000000008ad00000| Untracked 
| 174|0x000000008ae00000, 0x000000008ae00000, 0x000000008af00000|  0%| F|  |TAMS 0x000000008ae00000, 0x000000008ae00000| Untracked 
| 175|0x000000008af00000, 0x000000008af00000, 0x000000008b000000|  0%| F|  |TAMS 0x000000008af00000, 0x000000008af00000| Untracked 
| 176|0x000000008b000000, 0x000000008b000000, 0x000000008b100000|  0%| F|  |TAMS 0x000000008b000000, 0x000000008b000000| Untracked 
| 177|0x000000008b100000, 0x000000008b100000, 0x000000008b200000|  0%| F|  |TAMS 0x000000008b100000, 0x000000008b100000| Untracked 
| 178|0x000000008b200000, 0x000000008b200000, 0x000000008b300000|  0%| F|  |TAMS 0x000000008b200000, 0x000000008b200000| Untracked 
| 179|0x000000008b300000, 0x000000008b300000, 0x000000008b400000|  0%| F|  |TAMS 0x000000008b300000, 0x000000008b300000| Untracked 
| 180|0x000000008b400000, 0x000000008b400000, 0x000000008b500000|  0%| F|  |TAMS 0x000000008b400000, 0x000000008b400000| Untracked 
| 181|0x000000008b500000, 0x000000008b500000, 0x000000008b600000|  0%| F|  |TAMS 0x000000008b500000, 0x000000008b500000| Untracked 
| 182|0x000000008b600000, 0x000000008b600000, 0x000000008b700000|  0%| F|  |TAMS 0x000000008b600000, 0x000000008b600000| Untracked 
| 183|0x000000008b700000, 0x000000008b700000, 0x000000008b800000|  0%| F|  |TAMS 0x000000008b700000, 0x000000008b700000| Untracked 
| 184|0x000000008b800000, 0x000000008b800000, 0x000000008b900000|  0%| F|  |TAMS 0x000000008b800000, 0x000000008b800000| Untracked 
| 185|0x000000008b900000, 0x000000008b900000, 0x000000008ba00000|  0%| F|  |TAMS 0x000000008b900000, 0x000000008b900000| Untracked 
| 186|0x000000008ba00000, 0x000000008ba00000, 0x000000008bb00000|  0%| F|  |TAMS 0x000000008ba00000, 0x000000008ba00000| Untracked 
| 187|0x000000008bb00000, 0x000000008bb00000, 0x000000008bc00000|  0%| F|  |TAMS 0x000000008bb00000, 0x000000008bb00000| Untracked 
| 188|0x000000008bc00000, 0x000000008bc00000, 0x000000008bd00000|  0%| F|  |TAMS 0x000000008bc00000, 0x000000008bc00000| Untracked 
| 189|0x000000008bd00000, 0x000000008bd00000, 0x000000008be00000|  0%| F|  |TAMS 0x000000008bd00000, 0x000000008bd00000| Untracked 
| 190|0x000000008be00000, 0x000000008be00000, 0x000000008bf00000|  0%| F|  |TAMS 0x000000008be00000, 0x000000008be00000| Untracked 
| 191|0x000000008bf00000, 0x000000008bf00000, 0x000000008c000000|  0%| F|  |TAMS 0x000000008bf00000, 0x000000008bf00000| Untracked 
| 192|0x000000008c000000, 0x000000008c000000, 0x000000008c100000|  0%| F|  |TAMS 0x000000008c000000, 0x000000008c000000| Untracked 
| 193|0x000000008c100000, 0x000000008c100000, 0x000000008c200000|  0%| F|  |TAMS 0x000000008c100000, 0x000000008c100000| Untracked 
| 194|0x000000008c200000, 0x000000008c215930, 0x000000008c300000|  8%| S|CS|TAMS 0x000000008c200000, 0x000000008c200000| Complete 
| 195|0x000000008c300000, 0x000000008c400000, 0x000000008c400000|100%| S|CS|TAMS 0x000000008c300000, 0x000000008c300000| Complete 
| 196|0x000000008c400000, 0x000000008c500000, 0x000000008c500000|100%| S|CS|TAMS 0x000000008c400000, 0x000000008c400000| Complete 
| 197|0x000000008c500000, 0x000000008c600000, 0x000000008c600000|100%| S|CS|TAMS 0x000000008c500000, 0x000000008c500000| Complete 
| 198|0x000000008c600000, 0x000000008c700000, 0x000000008c700000|100%| S|CS|TAMS 0x000000008c600000, 0x000000008c600000| Complete 
| 199|0x000000008c700000, 0x000000008c700000, 0x000000008c800000|  0%| F|  |TAMS 0x000000008c700000, 0x000000008c700000| Untracked 
| 200|0x000000008c800000, 0x000000008c800000, 0x000000008c900000|  0%| F|  |TAMS 0x000000008c800000, 0x000000008c800000| Untracked 
| 201|0x000000008c900000, 0x000000008c900000, 0x000000008ca00000|  0%| F|  |TAMS 0x000000008c900000, 0x000000008c900000| Untracked 
| 202|0x000000008ca00000, 0x000000008ca00000, 0x000000008cb00000|  0%| F|  |TAMS 0x000000008ca00000, 0x000000008ca00000| Untracked 
| 203|0x000000008cb00000, 0x000000008cb85ec0, 0x000000008cc00000| 52%| E|  |TAMS 0x000000008cb00000, 0x000000008cb00000| Complete 
| 204|0x000000008cc00000, 0x000000008cd00000, 0x000000008cd00000|100%| E|CS|TAMS 0x000000008cc00000, 0x000000008cc00000| Complete 
| 205|0x000000008cd00000, 0x000000008ce00000, 0x000000008ce00000|100%| E|CS|TAMS 0x000000008cd00000, 0x000000008cd00000| Complete 
| 206|0x000000008ce00000, 0x000000008cf00000, 0x000000008cf00000|100%| E|CS|TAMS 0x000000008ce00000, 0x000000008ce00000| Complete 
| 207|0x000000008cf00000, 0x000000008d000000, 0x000000008d000000|100%| E|CS|TAMS 0x000000008cf00000, 0x000000008cf00000| Complete 
| 208|0x000000008d000000, 0x000000008d100000, 0x000000008d100000|100%| E|CS|TAMS 0x000000008d000000, 0x000000008d000000| Complete 
| 209|0x000000008d100000, 0x000000008d200000, 0x000000008d200000|100%| E|CS|TAMS 0x000000008d100000, 0x000000008d100000| Complete 
| 210|0x000000008d200000, 0x000000008d300000, 0x000000008d300000|100%| E|CS|TAMS 0x000000008d200000, 0x000000008d200000| Complete 
| 211|0x000000008d300000, 0x000000008d400000, 0x000000008d400000|100%| E|CS|TAMS 0x000000008d300000, 0x000000008d300000| Complete 
| 212|0x000000008d400000, 0x000000008d500000, 0x000000008d500000|100%| E|CS|TAMS 0x000000008d400000, 0x000000008d400000| Complete 
| 213|0x000000008d500000, 0x000000008d600000, 0x000000008d600000|100%| E|CS|TAMS 0x000000008d500000, 0x000000008d500000| Complete 
| 214|0x000000008d600000, 0x000000008d700000, 0x000000008d700000|100%| E|CS|TAMS 0x000000008d600000, 0x000000008d600000| Complete 
| 215|0x000000008d700000, 0x000000008d800000, 0x000000008d800000|100%| E|CS|TAMS 0x000000008d700000, 0x000000008d700000| Complete 
| 216|0x000000008d800000, 0x000000008d900000, 0x000000008d900000|100%| E|CS|TAMS 0x000000008d800000, 0x000000008d800000| Complete 
| 217|0x000000008d900000, 0x000000008da00000, 0x000000008da00000|100%| E|CS|TAMS 0x000000008d900000, 0x000000008d900000| Complete 
| 218|0x000000008da00000, 0x000000008db00000, 0x000000008db00000|100%| E|CS|TAMS 0x000000008da00000, 0x000000008da00000| Complete 
| 219|0x000000008db00000, 0x000000008dc00000, 0x000000008dc00000|100%| E|CS|TAMS 0x000000008db00000, 0x000000008db00000| Complete 
| 220|0x000000008dc00000, 0x000000008dd00000, 0x000000008dd00000|100%| E|CS|TAMS 0x000000008dc00000, 0x000000008dc00000| Complete 
| 221|0x000000008dd00000, 0x000000008de00000, 0x000000008de00000|100%| E|CS|TAMS 0x000000008dd00000, 0x000000008dd00000| Complete 
| 222|0x000000008de00000, 0x000000008df00000, 0x000000008df00000|100%| E|CS|TAMS 0x000000008de00000, 0x000000008de00000| Complete 
| 223|0x000000008df00000, 0x000000008e000000, 0x000000008e000000|100%| E|CS|TAMS 0x000000008df00000, 0x000000008df00000| Complete 
| 224|0x000000008e000000, 0x000000008e100000, 0x000000008e100000|100%| E|CS|TAMS 0x000000008e000000, 0x000000008e000000| Complete 
| 225|0x000000008e100000, 0x000000008e200000, 0x000000008e200000|100%| E|CS|TAMS 0x000000008e100000, 0x000000008e100000| Complete 
| 226|0x000000008e200000, 0x000000008e300000, 0x000000008e300000|100%| E|CS|TAMS 0x000000008e200000, 0x000000008e200000| Complete 
| 227|0x000000008e300000, 0x000000008e400000, 0x000000008e400000|100%| E|CS|TAMS 0x000000008e300000, 0x000000008e300000| Complete 
| 228|0x000000008e400000, 0x000000008e500000, 0x000000008e500000|100%| E|CS|TAMS 0x000000008e400000, 0x000000008e400000| Complete 
| 229|0x000000008e500000, 0x000000008e600000, 0x000000008e600000|100%| E|CS|TAMS 0x000000008e500000, 0x000000008e500000| Complete 
| 230|0x000000008e600000, 0x000000008e700000, 0x000000008e700000|100%| E|CS|TAMS 0x000000008e600000, 0x000000008e600000| Complete 
| 231|0x000000008e700000, 0x000000008e800000, 0x000000008e800000|100%| E|  |TAMS 0x000000008e700000, 0x000000008e700000| Complete 
| 232|0x000000008e800000, 0x000000008e900000, 0x000000008e900000|100%| E|CS|TAMS 0x000000008e800000, 0x000000008e800000| Complete 
| 233|0x000000008e900000, 0x000000008ea00000, 0x000000008ea00000|100%| E|CS|TAMS 0x000000008e900000, 0x000000008e900000| Complete 
| 234|0x000000008ea00000, 0x000000008eb00000, 0x000000008eb00000|100%| E|CS|TAMS 0x000000008ea00000, 0x000000008ea00000| Complete 
| 235|0x000000008eb00000, 0x000000008ec00000, 0x000000008ec00000|100%| E|CS|TAMS 0x000000008eb00000, 0x000000008eb00000| Complete 
| 236|0x000000008ec00000, 0x000000008ed00000, 0x000000008ed00000|100%| E|CS|TAMS 0x000000008ec00000, 0x000000008ec00000| Complete 
| 237|0x000000008ed00000, 0x000000008ee00000, 0x000000008ee00000|100%| E|CS|TAMS 0x000000008ed00000, 0x000000008ed00000| Complete 
| 238|0x000000008ee00000, 0x000000008ef00000, 0x000000008ef00000|100%| E|CS|TAMS 0x000000008ee00000, 0x000000008ee00000| Complete 
| 239|0x000000008ef00000, 0x000000008f000000, 0x000000008f000000|100%| E|CS|TAMS 0x000000008ef00000, 0x000000008ef00000| Complete 
| 240|0x000000008f000000, 0x000000008f100000, 0x000000008f100000|100%| E|CS|TAMS 0x000000008f000000, 0x000000008f000000| Complete 
| 241|0x000000008f100000, 0x000000008f200000, 0x000000008f200000|100%| E|CS|TAMS 0x000000008f100000, 0x000000008f100000| Complete 
| 242|0x000000008f200000, 0x000000008f300000, 0x000000008f300000|100%| E|CS|TAMS 0x000000008f200000, 0x000000008f200000| Complete 
| 243|0x000000008f300000, 0x000000008f400000, 0x000000008f400000|100%| E|CS|TAMS 0x000000008f300000, 0x000000008f300000| Complete 
| 244|0x000000008f400000, 0x000000008f500000, 0x000000008f500000|100%| E|CS|TAMS 0x000000008f400000, 0x000000008f400000| Complete 
| 245|0x000000008f500000, 0x000000008f600000, 0x000000008f600000|100%| E|CS|TAMS 0x000000008f500000, 0x000000008f500000| Complete 

Card table byte_map: [0x000001d07e910000,0x000001d07ed10000] _byte_map_base: 0x000001d07e510000

Marking Bits (Prev, Next): (CMBitMap*) 0x000001d07a511668, (CMBitMap*) 0x000001d07a5116a0
 Prev Bits: [0x000001d00f000000, 0x000001d011000000)
 Next Bits: [0x000001d011000000, 0x000001d013000000)

Polling page: 0x000001d079cb0000

Metaspace:

Usage:
  Non-class:     97.38 MB capacity,    95.54 MB ( 98%) used,     1.48 MB (  2%) free+waste,   366.88 KB ( <1%) overhead. 
      Class:     15.26 MB capacity,    14.14 MB ( 93%) used,   977.94 KB (  6%) free+waste,   164.81 KB (  1%) overhead. 
       Both:    112.64 MB capacity,   109.68 MB ( 97%) used,     2.44 MB (  2%) free+waste,   531.69 KB ( <1%) overhead. 

Virtual space:
  Non-class space:      100.00 MB reserved,      98.25 MB ( 98%) committed 
      Class space:        1.00 GB reserved,      15.92 MB (  2%) committed 
             Both:        1.10 GB reserved,     114.17 MB ( 10%) committed 

Chunk freelists:
   Non-Class:  822.00 KB
       Class:  570.00 KB
        Both:  1.36 MB

MaxMetaspaceSize: 17179869184.00 GB
CompressedClassSpaceSize: 1.00 GB

CodeHeap 'non-profiled nmethods': size=120000Kb used=8789Kb max_used=8789Kb free=111210Kb
 bounds [0x000001d007ad0000, 0x000001d008370000, 0x000001d00f000000]
CodeHeap 'profiled nmethods': size=120000Kb used=30602Kb max_used=30602Kb free=89397Kb
 bounds [0x000001d0005a0000, 0x000001d002390000, 0x000001d007ad0000]
CodeHeap 'non-nmethods': size=5760Kb used=2335Kb max_used=2410Kb free=3424Kb
 bounds [0x000001d000000000, 0x000001d000270000, 0x000001d0005a0000]
 total_blobs=15519 nmethods=14567 adapters=863
 compilation: enabled
              stopped_count=0, restarted_count=0
 full_count=0

Compilation events (20 events):
Event: 632.636 Thread 0x000001d0158d4800 nmethod 14728 0x000001d00237f390 code [0x000001d00237f580, 0x000001d00237f948]
Event: 632.636 Thread 0x000001d0158d4800 14726       3       org.gradle.internal.component.model.LoggingAttributeMatchingExplanationBuilder::logging (19 bytes)
Event: 632.636 Thread 0x000001d0158d4800 nmethod 14726 0x000001d00237fb10 code [0x000001d00237fd00, 0x000001d002380188]
Event: 632.636 Thread 0x000001d0158d4800 14727       3       org.gradle.internal.component.external.model.DefaultConfigurationMetadata$DependencyFilter::forcing (58 bytes)
Event: 632.637 Thread 0x000001d0158d4800 nmethod 14727 0x000001d002380390 code [0x000001d002380560, 0x000001d002380778]
Event: 632.637 Thread 0x000001d0158d4800 14729       3       org.gradle.internal.resolve.result.DefaultBuildableComponentIdResolveResult::getMetadata (9 bytes)
Event: 632.637 Thread 0x000001d0158d4800 nmethod 14729 0x000001d002380890 code [0x000001d002380a60, 0x000001d002380d28]
Event: 632.639 Thread 0x000001d0158d4800 14730       3       org.gradle.api.internal.artifacts.ivyservice.resolveengine.graph.builder.ComponentState::evict (8 bytes)
Event: 632.639 Thread 0x000001d0158d4800 nmethod 14730 0x000001d002380e90 code [0x000001d002381040, 0x000001d002381198]
Event: 632.640 Thread 0x000001d01e064000 nmethod 14724 0x000001d008361390 code [0x000001d008361560, 0x000001d008361f18]
Event: 632.640 Thread 0x000001d0158d4800 14731       3       org.gradle.api.internal.artifacts.DefaultModuleVersionIdentifier::equals (57 bytes)
Event: 632.641 Thread 0x000001d0158d4800 nmethod 14731 0x000001d002381210 code [0x000001d002381400, 0x000001d002381878]
Event: 632.648 Thread 0x000001d0158d4800 14732       3       org.gradle.api.internal.artifacts.ivyservice.modulecache.PersistentModuleMetadataCache$RevisionKeySerializer::write (10 bytes)
Event: 632.649 Thread 0x000001d0158d4800 nmethod 14732 0x000001d002381a10 code [0x000001d002381c00, 0x000001d002381fd8]
Event: 632.649 Thread 0x000001d0158d4800 14733       3       org.gradle.api.internal.artifacts.ivyservice.modulecache.PersistentModuleMetadataCache$RevisionKeySerializer::write (23 bytes)
Event: 632.649 Thread 0x000001d01e064000 14738       4       com.google.common.collect.Lists::newArrayListWithCapacity (16 bytes)
Event: 632.649 Thread 0x000001d0158d4800 nmethod 14733 0x000001d002382190 code [0x000001d002382360, 0x000001d0023825f8]
Event: 632.649 Thread 0x000001d0158d4800 14734       3       org.gradle.api.internal.artifacts.ivyservice.modulecache.ModuleMetadataCacheEntrySerializer::read (6 bytes)
Event: 632.649 Thread 0x000001d0158d4800 nmethod 14734 0x000001d002382710 code [0x000001d0023828c0, 0x000001d002382a08]
Event: 632.649 Thread 0x000001d0158d4800 14735       3       org.gradle.api.internal.artifacts.ivyservice.modulecache.ModuleMetadataCacheEntrySerializer::read (106 bytes)

GC Heap History (20 events):
Event: 6.348 GC heap before
{Heap before GC invocations=8 (full 0):
 garbage-first heap   total 251904K, used 48955K [0x0000000080000000, 0x0000000100000000)
  region size 1024K, 20 young (20480K), 19 survivors (19456K)
 Metaspace       used 58734K, capacity 60182K, committed 60236K, reserved 1101824K
  class space    used 7428K, capacity 7976K, committed 8012K, reserved 1048576K
}
Event: 6.362 GC heap after
{Heap after GC invocations=9 (full 0):
 garbage-first heap   total 251904K, used 50070K [0x0000000080000000, 0x0000000100000000)
  region size 1024K, 2 young (2048K), 2 survivors (2048K)
 Metaspace       used 58734K, capacity 60182K, committed 60236K, reserved 1101824K
  class space    used 7428K, capacity 7976K, committed 8012K, reserved 1048576K
}
Event: 7.400 GC heap before
{Heap before GC invocations=10 (full 0):
 garbage-first heap   total 251904K, used 165782K [0x0000000080000000, 0x0000000100000000)
  region size 1024K, 115 young (117760K), 2 survivors (2048K)
 Metaspace       used 67762K, capacity 69395K, committed 69580K, reserved 1110016K
  class space    used 8540K, capacity 9111K, committed 9164K, reserved 1048576K
}
Event: 7.406 GC heap after
{Heap after GC invocations=11 (full 0):
 garbage-first heap   total 251904K, used 57418K [0x0000000080000000, 0x0000000100000000)
  region size 1024K, 9 young (9216K), 9 survivors (9216K)
 Metaspace       used 67762K, capacity 69395K, committed 69580K, reserved 1110016K
  class space    used 8540K, capacity 9111K, committed 9164K, reserved 1048576K
}
Event: 8.757 GC heap before
{Heap before GC invocations=11 (full 0):
 garbage-first heap   total 251904K, used 174154K [0x0000000080000000, 0x0000000100000000)
  region size 1024K, 123 young (125952K), 9 survivors (9216K)
 Metaspace       used 80380K, capacity 82291K, committed 82636K, reserved 1120256K
  class space    used 10400K, capacity 11077K, committed 11212K, reserved 1048576K
}
Event: 8.767 GC heap after
{Heap after GC invocations=12 (full 0):
 garbage-first heap   total 251904K, used 65174K [0x0000000080000000, 0x0000000100000000)
  region size 1024K, 8 young (8192K), 8 survivors (8192K)
 Metaspace       used 80380K, capacity 82291K, committed 82636K, reserved 1120256K
  class space    used 10400K, capacity 11077K, committed 11212K, reserved 1048576K
}
Event: 9.786 GC heap before
{Heap before GC invocations=12 (full 0):
 garbage-first heap   total 251904K, used 180886K [0x0000000080000000, 0x0000000100000000)
  region size 1024K, 122 young (124928K), 8 survivors (8192K)
 Metaspace       used 86243K, capacity 88720K, committed 89036K, reserved 1126400K
  class space    used 11210K, capacity 12167K, committed 12236K, reserved 1048576K
}
Event: 9.798 GC heap after
{Heap after GC invocations=13 (full 0):
 garbage-first heap   total 251904K, used 73733K [0x0000000080000000, 0x0000000100000000)
  region size 1024K, 16 young (16384K), 16 survivors (16384K)
 Metaspace       used 86243K, capacity 88720K, committed 89036K, reserved 1126400K
  class space    used 11210K, capacity 12167K, committed 12236K, reserved 1048576K
}
Event: 10.755 GC heap before
{Heap before GC invocations=13 (full 0):
 garbage-first heap   total 251904K, used 186373K [0x0000000080000000, 0x0000000100000000)
  region size 1024K, 127 young (130048K), 16 survivors (16384K)
 Metaspace       used 91997K, capacity 94542K, committed 94796K, reserved 1130496K
  class space    used 11929K, capacity 12870K, committed 12876K, reserved 1048576K
}
Event: 10.767 GC heap after
{Heap after GC invocations=14 (full 0):
 garbage-first heap   total 251904K, used 80274K [0x0000000080000000, 0x0000000100000000)
  region size 1024K, 7 young (7168K), 7 survivors (7168K)
 Metaspace       used 91997K, capacity 94542K, committed 94796K, reserved 1130496K
  class space    used 11929K, capacity 12870K, committed 12876K, reserved 1048576K
}
Event: 11.434 GC heap before
{Heap before GC invocations=14 (full 0):
 garbage-first heap   total 251904K, used 193938K [0x0000000080000000, 0x0000000100000000)
  region size 1024K, 117 young (119808K), 7 survivors (7168K)
 Metaspace       used 97223K, capacity 100149K, committed 100428K, reserved 1136640K
  class space    used 12685K, capacity 13774K, committed 13900K, reserved 1048576K
}
Event: 11.445 GC heap after
{Heap after GC invocations=15 (full 0):
 garbage-first heap   total 251904K, used 89789K [0x0000000080000000, 0x0000000100000000)
  region size 1024K, 15 young (15360K), 15 survivors (15360K)
 Metaspace       used 97223K, capacity 100149K, committed 100428K, reserved 1136640K
  class space    used 12685K, capacity 13774K, committed 13900K, reserved 1048576K
}
Event: 11.487 GC heap before
{Heap before GC invocations=15 (full 0):
 garbage-first heap   total 251904K, used 103101K [0x0000000080000000, 0x0000000100000000)
  region size 1024K, 29 young (29696K), 15 survivors (15360K)
 Metaspace       used 97996K, capacity 100927K, committed 101036K, reserved 1136640K
  class space    used 12791K, capacity 13915K, committed 13996K, reserved 1048576K
}
Event: 11.496 GC heap after
{Heap after GC invocations=16 (full 0):
 garbage-first heap   total 251904K, used 93317K [0x0000000080000000, 0x0000000100000000)
  region size 1024K, 4 young (4096K), 4 survivors (4096K)
 Metaspace       used 97996K, capacity 100927K, committed 101036K, reserved 1136640K
  class space    used 12791K, capacity 13915K, committed 13996K, reserved 1048576K
}
Event: 11.911 GC heap before
{Heap before GC invocations=17 (full 0):
 garbage-first heap   total 251904K, used 161925K [0x0000000080000000, 0x0000000100000000)
  region size 1024K, 70 young (71680K), 4 survivors (4096K)
 Metaspace       used 103770K, capacity 106987K, committed 107308K, reserved 1140736K
  class space    used 13763K, capacity 15047K, committed 15148K, reserved 1048576K
}
Event: 11.923 GC heap after
{Heap after GC invocations=18 (full 0):
 garbage-first heap   total 251904K, used 99112K [0x0000000080000000, 0x0000000100000000)
  region size 1024K, 9 young (9216K), 9 survivors (9216K)
 Metaspace       used 103770K, capacity 106987K, committed 107308K, reserved 1140736K
  class space    used 13763K, capacity 15047K, committed 15148K, reserved 1048576K
}
Event: 12.484 GC heap before
{Heap before GC invocations=19 (full 0):
 garbage-first heap   total 251904K, used 170792K [0x0000000080000000, 0x0000000100000000)
  region size 1024K, 78 young (79872K), 9 survivors (9216K)
 Metaspace       used 106969K, capacity 110366K, committed 110636K, reserved 1144832K
  class space    used 14207K, capacity 15557K, committed 15660K, reserved 1048576K
}
Event: 12.491 GC heap after
{Heap after GC invocations=20 (full 0):
 garbage-first heap   total 251904K, used 102018K [0x0000000080000000, 0x0000000100000000)
  region size 1024K, 6 young (6144K), 6 survivors (6144K)
 Metaspace       used 106969K, capacity 110366K, committed 110636K, reserved 1144832K
  class space    used 14207K, capacity 15557K, committed 15660K, reserved 1048576K
}
Event: 13.071 GC heap before
{Heap before GC invocations=20 (full 0):
 garbage-first heap   total 251904K, used 164482K [0x0000000080000000, 0x0000000100000000)
  region size 1024K, 53 young (54272K), 6 survivors (6144K)
 Metaspace       used 109430K, capacity 112988K, committed 113196K, reserved 1146880K
  class space    used 14512K, capacity 15896K, committed 15916K, reserved 1048576K
}
Event: 13.076 GC heap after
{Heap after GC invocations=21 (full 0):
 garbage-first heap   total 251904K, used 108530K [0x0000000080000000, 0x0000000100000000)
  region size 1024K, 5 young (5120K), 5 survivors (5120K)
 Metaspace       used 109430K, capacity 112988K, committed 113196K, reserved 1146880K
  class space    used 14512K, capacity 15896K, committed 15916K, reserved 1048576K
}

Deoptimization events (20 events):
Event: 632.630 Thread 0x000001d01e069000 Uncommon trap: trap_request=0xffffffde fr.pc=0x000001d00812c1e4 relative=0x0000000000000224
Event: 632.630 Thread 0x000001d01e069000 Uncommon trap: reason=class_check action=maybe_recompile pc=0x000001d00812c1e4 method=java.util.Collections.indexedBinarySearch(Ljava/util/List;Ljava/lang/Object;Ljava/util/Comparator;)I @ 3 c2
Event: 632.630 Thread 0x000001d01e069000 DEOPT PACKING pc=0x000001d00812c1e4 sp=0x0000009b358f9360
Event: 632.630 Thread 0x000001d01e069000 DEOPT UNPACKING pc=0x000001d0000278af sp=0x0000009b358f9308 mode 2
Event: 632.632 Thread 0x000001d01e069000 Uncommon trap: trap_request=0xffffffde fr.pc=0x000001d00812d758 relative=0x0000000000000298
Event: 632.632 Thread 0x000001d01e069000 Uncommon trap: reason=class_check action=maybe_recompile pc=0x000001d00812d758 method=java.util.Collections.binarySearch(Ljava/util/List;Ljava/lang/Object;Ljava/util/Comparator;)I @ 11 c2
Event: 632.632 Thread 0x000001d01e069000 DEOPT PACKING pc=0x000001d00812d758 sp=0x0000009b358f93e0
Event: 632.632 Thread 0x000001d01e069000 DEOPT UNPACKING pc=0x000001d0000278af sp=0x0000009b358f93b0 mode 2
Event: 632.632 Thread 0x000001d01e069000 Uncommon trap: trap_request=0xffffffde fr.pc=0x000001d00812c1e4 relative=0x0000000000000224
Event: 632.632 Thread 0x000001d01e069000 Uncommon trap: reason=class_check action=maybe_recompile pc=0x000001d00812c1e4 method=java.util.Collections.indexedBinarySearch(Ljava/util/List;Ljava/lang/Object;Ljava/util/Comparator;)I @ 3 c2
Event: 632.632 Thread 0x000001d01e069000 DEOPT PACKING pc=0x000001d00812c1e4 sp=0x0000009b358f9360
Event: 632.632 Thread 0x000001d01e069000 DEOPT UNPACKING pc=0x000001d0000278af sp=0x0000009b358f9308 mode 2
Event: 632.638 Thread 0x000001d01e069000 Uncommon trap: trap_request=0xffffffde fr.pc=0x000001d00812d758 relative=0x0000000000000298
Event: 632.639 Thread 0x000001d01e069000 Uncommon trap: reason=class_check action=maybe_recompile pc=0x000001d00812d758 method=java.util.Collections.binarySearch(Ljava/util/List;Ljava/lang/Object;Ljava/util/Comparator;)I @ 11 c2
Event: 632.639 Thread 0x000001d01e069000 DEOPT PACKING pc=0x000001d00812d758 sp=0x0000009b358f93e0
Event: 632.639 Thread 0x000001d01e069000 DEOPT UNPACKING pc=0x000001d0000278af sp=0x0000009b358f93b0 mode 2
Event: 632.639 Thread 0x000001d01e069000 Uncommon trap: trap_request=0xffffffde fr.pc=0x000001d00812c1e4 relative=0x0000000000000224
Event: 632.639 Thread 0x000001d01e069000 Uncommon trap: reason=class_check action=maybe_recompile pc=0x000001d00812c1e4 method=java.util.Collections.indexedBinarySearch(Ljava/util/List;Ljava/lang/Object;Ljava/util/Comparator;)I @ 3 c2
Event: 632.639 Thread 0x000001d01e069000 DEOPT PACKING pc=0x000001d00812c1e4 sp=0x0000009b358f9360
Event: 632.639 Thread 0x000001d01e069000 DEOPT UNPACKING pc=0x000001d0000278af sp=0x0000009b358f9308 mode 2

Classes redefined (0 events):
No events

Internal exceptions (20 events):
Event: 12.507 Thread 0x000001d01e063000 Exception <a 'sun/nio/fs/WindowsException'{0x000000008f36bd00}> (0x000000008f36bd00) thrown at [./src/hotspot/share/prims/jni.cpp, line 615]
Event: 12.671 Thread 0x000001d01d7c4800 Exception <a 'sun/nio/fs/WindowsException'{0x000000008e9d7818}> (0x000000008e9d7818) thrown at [./src/hotspot/share/prims/jni.cpp, line 615]
Event: 12.708 Thread 0x000001d01d7c0800 Exception <a 'sun/nio/fs/WindowsException'{0x000000008e761b40}> (0x000000008e761b40) thrown at [./src/hotspot/share/prims/jni.cpp, line 615]
Event: 12.708 Thread 0x000001d01d7c0800 Exception <a 'sun/nio/fs/WindowsException'{0x000000008e762980}> (0x000000008e762980) thrown at [./src/hotspot/share/prims/jni.cpp, line 615]
Event: 12.791 Thread 0x000001d01d7c0800 Exception <a 'java/lang/NoSuchMethodError'{0x000000008de00268}: <clinit>> (0x000000008de00268) thrown at [./src/hotspot/share/prims/jni.cpp, line 1362]
Event: 12.792 Thread 0x000001d01d7c0800 Exception <a 'java/lang/NoSuchMethodError'{0x000000008de12fc0}: <clinit>> (0x000000008de12fc0) thrown at [./src/hotspot/share/prims/jni.cpp, line 1362]
Event: 12.856 Thread 0x000001d01d7c7000 Exception <a 'sun/nio/fs/WindowsException'{0x000000008db4b0b8}> (0x000000008db4b0b8) thrown at [./src/hotspot/share/prims/jni.cpp, line 615]
Event: 12.862 Thread 0x000001d01d7c7000 Implicit null exception at 0x000001d0080de00c to 0x000001d0080e1110
Event: 12.915 Thread 0x000001d01d7c7000 Exception <a 'java/lang/NoSuchMethodError'{0x000000008d759808}: 'java.lang.Object java.lang.invoke.DirectMethodHandle$Holder.invokeStatic(java.lang.Object, java.lang.Object, java.lang.Object, java.lang.Object, java.lang.Object, int, java.lang.Object)'> (0x000000008d759808) thrown at [./src/hotspot/share/interpreter/linkResolver.cpp, line 773]
Event: 12.938 Thread 0x000001d01d7c7000 Exception <a 'java/lang/NoSuchMethodError'{0x000000008d34e688}: 'java.lang.Object java.lang.invoke.DirectMethodHandle$Holder.invokeStatic(java.lang.Object, java.lang.Object, java.lang.Object, java.lang.Object, java.lang.Object, java.lang.Object, java.lang.Object, int)'> (0x000000008d34e688) thrown at [./src/hotspot/share/interpreter/linkResolver.cpp, line 773]
Event: 12.938 Thread 0x000001d01d7c7000 Exception <a 'java/lang/NoSuchMethodError'{0x000000008d352ac0}: 'java.lang.Object java.lang.invoke.DirectMethodHandle$Holder.invokeSpecial(java.lang.Object, java.lang.Object, java.lang.Object, java.lang.Object, java.lang.Object, java.lang.Object, java.lang.Object, java.lang.Object, int)'> (0x000000008d352ac0) thrown at [./src/hotspot/share/interpreter/linkResolver.cpp, line 773]
Event: 12.938 Thread 0x000001d01d7c7000 Exception <a 'java/lang/NoSuchMethodError'{0x000000008d356878}: 'java.lang.Object java.lang.invoke.Invokers$Holder.linkToTargetMethod(java.lang.Object, java.lang.Object, java.lang.Object, java.lang.Object, java.lang.Object, java.lang.Object, int, java.lang.Object)'> (0x000000008d356878) thrown at [./src/hotspot/share/interpreter/linkResolver.cpp, line 773]
Event: 12.982 Thread 0x000001d01d7c7000 Exception <a 'sun/nio/fs/WindowsException'{0x000000008ccc14a0}> (0x000000008ccc14a0) thrown at [./src/hotspot/share/prims/jni.cpp, line 615]
Event: 12.982 Thread 0x000001d01d7c7000 Exception <a 'sun/nio/fs/WindowsException'{0x000000008ccc15a8}> (0x000000008ccc15a8) thrown at [./src/hotspot/share/prims/jni.cpp, line 615]
Event: 13.242 Thread 0x000001d01e06e000 Exception <a 'sun/nio/fs/WindowsException'{0x000000008f2c74e8}> (0x000000008f2c74e8) thrown at [./src/hotspot/share/prims/jni.cpp, line 615]
Event: 13.267 Thread 0x000001d017d86800 Exception <a 'java/lang/NoSuchMethodError'{0x000000008efe2c40}: 'java.lang.Object java.lang.invoke.DirectMethodHandle$Holder.invokeSpecial(java.lang.Object, java.lang.Object, java.lang.Object, java.lang.Object, int, java.lang.Object, java.lang.Object)'> (0x000000008efe2c40) thrown at [./src/hotspot/share/interpreter/linkResolver.cpp, line 773]
Event: 22.353 Thread 0x000001d017c7b800 Implicit null exception at 0x000001d007e16b14 to 0x000001d007e17178
Event: 22.353 Thread 0x000001d017c7b800 Implicit null exception at 0x000001d007e08714 to 0x000001d007e08d64
Event: 632.509 Thread 0x000001d01e069000 Implicit null exception at 0x000001d008117ee2 to 0x000001d008118a04
Event: 632.509 Thread 0x000001d01e069000 Implicit null exception at 0x000001d00832ebc4 to 0x000001d008334d80

Events (20 events):
Event: 632.508 Executing VM operation: RevokeBias done
Event: 632.508 Executing VM operation: RevokeBias
Event: 632.509 Executing VM operation: RevokeBias done
Event: 632.511 Thread 0x000001d01e064000 Thread added: 0x000001d01e064000
Event: 632.511 Thread 0x000001d01e06c000 Thread added: 0x000001d01e06c000
Event: 632.515 Thread 0x000001d01e06d000 Thread added: 0x000001d01e06d000
Event: 632.517 Thread 0x000001d01e06f800 Thread added: 0x000001d01e06f800
Event: 632.520 Thread 0x000001d01e070800 Thread added: 0x000001d01e070800
Event: 632.522 Executing VM operation: RevokeBias
Event: 632.522 Executing VM operation: RevokeBias done
Event: 632.522 Executing VM operation: RevokeBias
Event: 632.523 Executing VM operation: RevokeBias done
Event: 632.529 Thread 0x000001d01e06a800 Thread added: 0x000001d01e06a800
Event: 632.534 Executing VM operation: RevokeBias
Event: 632.534 Executing VM operation: RevokeBias done
Event: 632.535 Executing VM operation: RevokeBias
Event: 632.535 Executing VM operation: RevokeBias done
Event: 632.537 Executing VM operation: RevokeBias
Event: 632.537 Executing VM operation: RevokeBias done
Event: 632.547 Thread 0x000001d01e072000 Thread added: 0x000001d01e072000


Dynamic libraries:
0x00007ff64e880000 - 0x00007ff64e88a000 	C:\Program Files\Android\Android Studio\jre\bin\java.exe
0x00007ffab73f0000 - 0x00007ffab75e5000 	C:\Windows\SYSTEM32\ntdll.dll
0x00007ffab6f50000 - 0x00007ffab700d000 	C:\Windows\System32\KERNEL32.DLL
0x00007ffab4cf0000 - 0x00007ffab4fb8000 	C:\Windows\System32\KERNELBASE.dll
0x00007ffab4b30000 - 0x00007ffab4c30000 	C:\Windows\System32\ucrtbase.dll
0x00007ffaae940000 - 0x00007ffaae957000 	C:\Program Files\Android\Android Studio\jre\bin\VCRUNTIME140.dll
0x00007ffaaea00000 - 0x00007ffaaea19000 	C:\Program Files\Android\Android Studio\jre\bin\jli.dll
0x00007ffab5b00000 - 0x00007ffab5ca0000 	C:\Windows\System32\USER32.dll
0x00007ffab4c30000 - 0x00007ffab4c52000 	C:\Windows\System32\win32u.dll
0x00007ffab54b0000 - 0x00007ffab54da000 	C:\Windows\System32\GDI32.dll
0x00007ffab5340000 - 0x00007ffab544b000 	C:\Windows\System32\gdi32full.dll
0x00007ffab5010000 - 0x00007ffab50ad000 	C:\Windows\System32\msvcp_win.dll
0x00007ffa9b070000 - 0x00007ffa9b30a000 	C:\Windows\WinSxS\amd64_microsoft.windows.common-controls_6595b64144ccf1df_6.0.19041.844_none_ca00b6081b84eb1d\COMCTL32.dll
0x00007ffab7230000 - 0x00007ffab72ce000 	C:\Windows\System32\msvcrt.dll
0x00007ffab6520000 - 0x00007ffab6550000 	C:\Windows\System32\IMM32.DLL
0x00007ffa970f0000 - 0x00007ffa9718d000 	C:\Program Files\Android\Android Studio\jre\bin\msvcp140.dll
0x00007ffa75720000 - 0x00007ffa761ef000 	C:\Program Files\Android\Android Studio\jre\bin\server\jvm.dll
0x00007ffab6db0000 - 0x00007ffab6e5c000 	C:\Windows\System32\ADVAPI32.dll
0x00007ffab7010000 - 0x00007ffab70ab000 	C:\Windows\System32\sechost.dll
0x00007ffab6000000 - 0x00007ffab612b000 	C:\Windows\System32\RPCRT4.dll
0x00007ffab72d0000 - 0x00007ffab72d8000 	C:\Windows\System32\PSAPI.DLL
0x00007ffaac020000 - 0x00007ffaac02a000 	C:\Windows\SYSTEM32\VERSION.dll
0x00007ffaac030000 - 0x00007ffaac057000 	C:\Windows\SYSTEM32\WINMM.dll
0x00007ffa9aa40000 - 0x00007ffa9aa49000 	C:\Windows\SYSTEM32\WSOCK32.dll
0x00007ffab6260000 - 0x00007ffab62cb000 	C:\Windows\System32\WS2_32.dll
0x00007ffab33c0000 - 0x00007ffab33d2000 	C:\Windows\SYSTEM32\kernel.appcore.dll
0x00007ffab3360000 - 0x00007ffab3371000 	C:\Program Files\Android\Android Studio\jre\bin\verify.dll
0x00007ffab2f80000 - 0x00007ffab3164000 	C:\Windows\SYSTEM32\DBGHELP.DLL
0x00007ffaa5330000 - 0x00007ffaa535c000 	C:\Windows\SYSTEM32\dbgcore.DLL
0x00007ffab52c0000 - 0x00007ffab5340000 	C:\Windows\System32\bcryptPrimitives.dll
0x00007ffaaea20000 - 0x00007ffaaea49000 	C:\Program Files\Android\Android Studio\jre\bin\java.dll
0x00007ffab3340000 - 0x00007ffab334b000 	C:\Program Files\Android\Android Studio\jre\bin\jimage.dll
0x00007ffab3280000 - 0x00007ffab3298000 	C:\Program Files\Android\Android Studio\jre\bin\zip.dll
0x00007ffab65e0000 - 0x00007ffab6d22000 	C:\Windows\System32\SHELL32.dll
0x00007ffab2720000 - 0x00007ffab2eb1000 	C:\Windows\SYSTEM32\windows.storage.dll
0x00007ffab5ca0000 - 0x00007ffab5ff5000 	C:\Windows\System32\combase.dll
0x00007ffab4530000 - 0x00007ffab455c000 	C:\Windows\SYSTEM32\Wldp.dll
0x00007ffab6130000 - 0x00007ffab61de000 	C:\Windows\System32\SHCORE.dll
0x00007ffab6d50000 - 0x00007ffab6da5000 	C:\Windows\System32\shlwapi.dll
0x00007ffab4a70000 - 0x00007ffab4a8f000 	C:\Windows\SYSTEM32\profapi.dll
0x00007ffaae960000 - 0x00007ffaae97a000 	C:\Program Files\Android\Android Studio\jre\bin\net.dll
0x00007ffaaf460000 - 0x00007ffaaf56b000 	C:\Windows\SYSTEM32\WINHTTP.dll
0x00007ffab4240000 - 0x00007ffab42aa000 	C:\Windows\system32\mswsock.dll
0x00007ffaae790000 - 0x00007ffaae7a4000 	C:\Program Files\Android\Android Studio\jre\bin\nio.dll
0x00007ffa9cb10000 - 0x00007ffa9cb37000 	C:\Users\ojhdt\.gradle\native\8bec1ad78214c89d9ad589b4d07fe93259594b29d510b10fafb7a158f7737e5d\windows-amd64\native-platform.dll
0x00007ffa961d0000 - 0x00007ffa9630d000 	C:\Users\ojhdt\.gradle\native\53dbd7edfb1c66fb8903c78663c9afc45aea4f116125fa6feffd364cf09443e8\windows-amd64\native-platform-file-events.dll
0x00007ffab3330000 - 0x00007ffab333a000 	C:\Program Files\Android\Android Studio\jre\bin\management.dll
0x00007ffab0000000 - 0x00007ffab000c000 	C:\Program Files\Android\Android Studio\jre\bin\management_ext.dll
0x00007ffab4410000 - 0x00007ffab4428000 	C:\Windows\SYSTEM32\CRYPTSP.dll
0x00007ffab3bb0000 - 0x00007ffab3be4000 	C:\Windows\system32\rsaenh.dll
0x00007ffab4c60000 - 0x00007ffab4c87000 	C:\Windows\System32\bcrypt.dll
0x00007ffab49f0000 - 0x00007ffab4a1e000 	C:\Windows\SYSTEM32\USERENV.dll
0x00007ffab4430000 - 0x00007ffab443c000 	C:\Windows\SYSTEM32\CRYPTBASE.dll
0x00007ffab3f30000 - 0x00007ffab3f6b000 	C:\Windows\SYSTEM32\IPHLPAPI.DLL
0x00007ffab6f40000 - 0x00007ffab6f48000 	C:\Windows\System32\NSI.dll
0x00007ffaad180000 - 0x00007ffaad197000 	C:\Windows\SYSTEM32\dhcpcsvc6.DLL
0x00007ffaad060000 - 0x00007ffaad07d000 	C:\Windows\SYSTEM32\dhcpcsvc.DLL
0x00007ffab3f70000 - 0x00007ffab403c000 	C:\Windows\SYSTEM32\DNSAPI.dll
0x00007ffa9f3d0000 - 0x00007ffa9f3f7000 	C:\Program Files\Android\Android Studio\jre\bin\sunec.dll

dbghelp: loaded successfully - version: 4.0.5 - missing functions: none
symbol engine: initialized successfully - sym options: 0x614 - pdb path: .;C:\Program Files\Android\Android Studio\jre\bin;C:\Windows\SYSTEM32;C:\Windows\WinSxS\amd64_microsoft.windows.common-controls_6595b64144ccf1df_6.0.19041.844_none_ca00b6081b84eb1d;C:\Program Files\Android\Android Studio\jre\bin\server;C:\Users\ojhdt\.gradle\native\8bec1ad78214c89d9ad589b4d07fe93259594b29d510b10fafb7a158f7737e5d\windows-amd64;C:\Users\ojhdt\.gradle\native\53dbd7edfb1c66fb8903c78663c9afc45aea4f116125fa6feffd364cf09443e8\windows-amd64

VM Arguments:
jvm_args: --add-opens=java.base/java.util=ALL-UNNAMED --add-opens=java.base/java.lang=ALL-UNNAMED --add-opens=java.base/java.lang.invoke=ALL-UNNAMED --add-opens=java.base/java.util=ALL-UNNAMED --add-opens=java.prefs/java.util.prefs=ALL-UNNAMED --add-opens=java.prefs/java.util.prefs=ALL-UNNAMED --add-opens=java.base/java.nio.charset=ALL-UNNAMED --add-opens=java.base/java.net=ALL-UNNAMED --add-opens=java.base/java.util.concurrent.atomic=ALL-UNNAMED -Xmx2048m -Dfile.encoding=UTF-8 -Duser.country=CN -Duser.language=zh -Duser.variant 
java_command: org.gradle.launcher.daemon.bootstrap.GradleDaemon 7.0.2
java_class_path (initial): C:\Users\ojhdt\.gradle\wrapper\dists\gradle-7.0.2-bin\857tjihv64xamwrf0h14cai3r\gradle-7.0.2\lib\gradle-launcher-7.0.2.jar
Launcher Type: SUN_STANDARD

[Global flags]
     intx CICompilerCount                          = 4                                         {product} {ergonomic}
     uint ConcGCThreads                            = 3                                         {product} {ergonomic}
     uint G1ConcRefinementThreads                  = 10                                        {product} {ergonomic}
   size_t G1HeapRegionSize                         = 1048576                                   {product} {ergonomic}
    uintx GCDrainStackTargetSize                   = 64                                        {product} {ergonomic}
   size_t InitialHeapSize                          = 257949696                                 {product} {ergonomic}
   size_t MarkStackSize                            = 4194304                                   {product} {ergonomic}
   size_t MaxHeapSize                              = 2147483648                                {product} {command line}
   size_t MaxNewSize                               = 1287651328                                {product} {ergonomic}
   size_t MinHeapDeltaBytes                        = 1048576                                   {product} {ergonomic}
    uintx NonNMethodCodeHeapSize                   = 5836300                                {pd product} {ergonomic}
    uintx NonProfiledCodeHeapSize                  = 122910970                              {pd product} {ergonomic}
    uintx ProfiledCodeHeapSize                     = 122910970                              {pd product} {ergonomic}
    uintx ReservedCodeCacheSize                    = 251658240                              {pd product} {ergonomic}
     bool SegmentedCodeCache                       = true                                      {product} {ergonomic}
     bool UseCompressedClassPointers               = true                                 {lp64_product} {ergonomic}
     bool UseCompressedOops                        = true                                 {lp64_product} {ergonomic}
     bool UseG1GC                                  = true                                      {product} {ergonomic}
     bool UseLargePagesIndividualAllocation        = false                                  {pd product} {ergonomic}

Logging:
Log output configuration:
 #0: stdout all=warning uptime,level,tags
 #1: stderr all=off uptime,level,tags

Environment Variables:
PATH=C:\Program Files\Eclipse Foundation\jdk-11.0.12.7-hotspot\bin;C:\Program Files (x86)\Common Files\Intel\Shared Libraries\redist\intel64\compiler;C:\Program Files (x86)\Common Files\Oracle\Java\javapath;C:\Program Files (x86)\NetSarang\Xshell 6\;C:\Windows\system32;C:\Windows;C:\Windows\System32\Wbem;C:\Windows\System32\WindowsPowerShell\v1.0\;C:\Windows\System32\OpenSSH\;C:\Program Files\Git\cmd;C:\mingw-w64\x86_64-8.1.0-win32-seh-rt_v6-rev0\mingw64\bin;C:\Program Files\Common Files\Autodesk Shared\;C:\Program Files (x86)\nodejs\;C:\Program Files (x86)\ZeroTier\One\;C:\Users\ojhdt\AppData\Local\Android\Sdk\platform-tools;C:\Users\ojhdt\AppData\Local\Programs\Python\Python36\Scripts\;C:\Users\ojhdt\AppData\Local\Programs\Python\Python36\;C:\Users\ojhdt\AppData\Local\Microsoft\WindowsApps;C:\Users\ojhdt\AppData\Local\GitHubDesktop\bin;C:\Users\ojhdt\AppData\Local\Programs\Microsoft VS Code\bin;C:\src\flutter\bin;C:\Users\ojhdt\AppData\Local\nvs\;C:\Users\ojhdt\AppData\Roaming\npm
USERNAME=ojhdt
OS=Windows_NT
PROCESSOR_IDENTIFIER=AMD64 Family 23 Model 96 Stepping 1, AuthenticAMD



---------------  S Y S T E M  ---------------

OS: Windows 10 , 64 bit Build 19041 (10.0.19041.928)
OS uptime: 3 days 2:45 hours
Hyper-V role detected

CPU:total 12 (initial active 12) (12 cores per cpu, 2 threads per core) family 23 model 96 stepping 1 microcode 0x0, cmov, cx8, fxsr, mmx, sse, sse2, sse3, ssse3, sse4.1, sse4.2, popcnt, avx, avx2, aes, clmul, mmxext, 3dnowpref, lzcnt, sse4a, ht, tsc, tscinvbit, tscinv, bmi1, bmi2, adx, 

Memory: 4k page, system-wide physical 15741M (3970M free)
TotalPageFile size 16541M (AvailPageFile size 5M)
current process WorkingSet (physical memory assigned to process): 556M, peak: 590M
current process commit charge ("private bytes"): 600M, peak: 634M

vm_info: OpenJDK 64-Bit Server VM (11.0.10+0-b96-7249189) for windows-amd64 JRE (11.0.10+0-b96-7249189), built on Mar 31 2021 21:44:00 by "builder" with MS VC++ 14.0 (VS2015)

END.
