#
# There is insufficient memory for the Java Runtime Environment to continue.
# Native memory allocation (malloc) failed to allocate 2343856 bytes for Chunk::new
# Possible reasons:
#   The system is out of physical RAM or swap space
#   The process is running with CompressedOops enabled, and the Java Heap may be blocking the growth of the native heap
# Possible solutions:
#   Reduce memory load on the system
#   Increase physical memory or swap space
#   Check if swap backing store is full
#   Decrease Java heap size (-Xmx/-Xms)
#   Decrease number of Java threads
#   Decrease Java thread stack sizes (-Xss)
#   Set larger code cache with -XX:ReservedCodeCacheSize=
#   JVM is running with Unscaled Compressed Oops mode in which the Java heap is
#     placed in the first 4GB address space. The Java Heap base address is the
#     maximum limit for the native heap growth. Please use -XX:HeapBaseMinAddress
#     to set the Java Heap base and to place the Java Heap above 4GB virtual address.
# This output file may be truncated or incomplete.
#
#  Out of Memory Error (./src/hotspot/share/memory/arena.cpp:197), pid=19104, tid=13024
#
# JRE version: OpenJDK Runtime Environment (11.0.10) (build 11.0.10+0-b96-7249189)
# Java VM: OpenJDK 64-Bit Server VM (11.0.10+0-b96-7249189, mixed mode, tiered, compressed oops, g1 gc, windows-amd64)
# No core dump will be written. Minidumps are not enabled by default on client versions of Windows
#

---------------  S U M M A R Y ------------

Command Line: --add-opens=java.base/java.util=ALL-UNNAMED --add-opens=java.base/java.lang=ALL-UNNAMED --add-opens=java.base/java.lang.invoke=ALL-UNNAMED --add-opens=java.base/java.util=ALL-UNNAMED --add-opens=java.prefs/java.util.prefs=ALL-UNNAMED --add-opens=java.prefs/java.util.prefs=ALL-UNNAMED --add-opens=java.base/java.nio.charset=ALL-UNNAMED --add-opens=java.base/java.net=ALL-UNNAMED --add-opens=java.base/java.util.concurrent.atomic=ALL-UNNAMED -Xmx2048m -Dfile.encoding=UTF-8 -Duser.country=CN -Duser.language=zh -Duser.variant org.gradle.launcher.daemon.bootstrap.GradleDaemon 7.0.2

Host: AMD Ryzen 5 4600U with Radeon Graphics         , 12 cores, 15G,  Windows 10 , 64 bit Build 19041 (10.0.19041.928)
Time: Wed Sep  1 00:30:34 2021 中国标准时间 elapsed time: 97.847755 seconds (0d 0h 1m 37s)

---------------  T H R E A D  ---------------

Current thread (0x000002e2b9b41800):  JavaThread "C2 CompilerThread1" daemon [_thread_in_native, id=13024, stack(0x000000eb28900000,0x000000eb28a00000)]


Current CompileTask:
C2:  97847 13943       4       org.gradle.internal.instantiation.generator.AbstractClassGenerator::inspectType (560 bytes)

Stack: [0x000000eb28900000,0x000000eb28a00000]
Native frames: (J=compiled Java code, j=interpreted, Vv=VM code, C=native code)
V  [jvm.dll+0x5ecfaa]
V  [jvm.dll+0x722bd5]
V  [jvm.dll+0x72412d]
V  [jvm.dll+0x7247e3]
V  [jvm.dll+0x242928]
V  [jvm.dll+0xbc4fc]
V  [jvm.dll+0xbca0c]
V  [jvm.dll+0x352d3b]
V  [jvm.dll+0x320ad3]
V  [jvm.dll+0x31ffca]
V  [jvm.dll+0x1fb602]
V  [jvm.dll+0x1fa7f4]
V  [jvm.dll+0x18354c]
V  [jvm.dll+0x208ee7]
V  [jvm.dll+0x207731]
V  [jvm.dll+0x6eb1cf]
V  [jvm.dll+0x6e3d45]
V  [jvm.dll+0x5ebe96]
C  [ucrtbase.dll+0x21bb2]
C  [KERNEL32.DLL+0x17034]
C  [ntdll.dll+0x52651]


---------------  P R O C E S S  ---------------

Threads class SMR info:
_java_thread_list=0x000002e2bb3e16a0, length=95, elements={
0x000002e29b8ed800, 0x000002e2b71f3800, 0x000002e2b71f6800, 0x000002e2b721b000,
0x000002e2b721c800, 0x000002e2b721d800, 0x000002e2b7272000, 0x000002e2b729c800,
0x000002e2b729e000, 0x000002e2b7412800, 0x000002e2b8e28000, 0x000002e2b8a14800,
0x000002e2b8728000, 0x000002e2b961e000, 0x000002e2b817b800, 0x000002e2b96e1000,
0x000002e2b96e3800, 0x000002e2b96e1800, 0x000002e2b96e2800, 0x000002e2b96df800,
0x000002e2bd70b800, 0x000002e2bd70a800, 0x000002e2bd70d800, 0x000002e2bd711000,
0x000002e2bd712000, 0x000002e2bb1ca800, 0x000002e2bb1cc000, 0x000002e2bb1cf000,
0x000002e2bb1d0000, 0x000002e2bb1d1000, 0x000002e2bb1cb000, 0x000002e2bb1d2800,
0x000002e2bb1d1800, 0x000002e2bb1cd000, 0x000002e2bb1d6000, 0x000002e2bb1d6800,
0x000002e2bebf9800, 0x000002e2bebf6800, 0x000002e2bebfa800, 0x000002e2bebf7000,
0x000002e2bebf8000, 0x000002e2bebef000, 0x000002e2bebf0000, 0x000002e2bebed800,
0x000002e2bebee000, 0x000002e2bebec800, 0x000002e2bebf0800, 0x000002e2bebf1800,
0x000002e2bebec000, 0x000002e2bebf5800, 0x000002e2bebf2800, 0x000002e2bebf9000,
0x000002e2bebf4000, 0x000002e2bebf3000, 0x000002e2bebf5000, 0x000002e2bd70d000,
0x000002e2bd70f800, 0x000002e2bd70c000, 0x000002e2bd713800, 0x000002e2bd712800,
0x000002e2bd718800, 0x000002e2bd714800, 0x000002e2bd716800, 0x000002e2bd715000,
0x000002e2bd716000, 0x000002e2bd717800, 0x000002e2bd719000, 0x000002e2bb1cd800,
0x000002e2bb1c9800, 0x000002e2bb1d4000, 0x000002e2bb1ce800, 0x000002e2bb1d8000,
0x000002e2bb1d5000, 0x000002e2bb1d7800, 0x000002e2b96e4000, 0x000002e2b96e5000,
0x000002e2b96e6000, 0x000002e2b96e0000, 0x000002e2b9860000, 0x000002e2b985d000,
0x000002e2b9b41800, 0x000002e2c134e000, 0x000002e2b9861000, 0x000002e2b985f000,
0x000002e2b985d800, 0x000002e2b985c000, 0x000002e2b985e800, 0x000002e2b9863800,
0x000002e2b9868000, 0x000002e2b9862800, 0x000002e2b9865800, 0x000002e2b9869000,
0x000002e2b986a000, 0x000002e2b9864000, 0x000002e2b986a800
}

Java Threads: ( => current thread )
  0x000002e29b8ed800 JavaThread "main" [_thread_blocked, id=17792, stack(0x000000eb22b00000,0x000000eb22c00000)]
  0x000002e2b71f3800 JavaThread "Reference Handler" daemon [_thread_blocked, id=4308, stack(0x000000eb23200000,0x000000eb23300000)]
  0x000002e2b71f6800 JavaThread "Finalizer" daemon [_thread_blocked, id=18096, stack(0x000000eb23300000,0x000000eb23400000)]
  0x000002e2b721b000 JavaThread "Signal Dispatcher" daemon [_thread_blocked, id=17924, stack(0x000000eb23400000,0x000000eb23500000)]
  0x000002e2b721c800 JavaThread "Attach Listener" daemon [_thread_blocked, id=12772, stack(0x000000eb23500000,0x000000eb23600000)]
  0x000002e2b721d800 JavaThread "Service Thread" daemon [_thread_blocked, id=19520, stack(0x000000eb23600000,0x000000eb23700000)]
  0x000002e2b7272000 JavaThread "C2 CompilerThread0" daemon [_thread_in_native, id=6000, stack(0x000000eb23700000,0x000000eb23800000)]
  0x000002e2b729c800 JavaThread "C1 CompilerThread0" daemon [_thread_blocked, id=12404, stack(0x000000eb23800000,0x000000eb23900000)]
  0x000002e2b729e000 JavaThread "Sweeper thread" daemon [_thread_blocked, id=20452, stack(0x000000eb23900000,0x000000eb23a00000)]
  0x000002e2b7412800 JavaThread "Common-Cleaner" daemon [_thread_blocked, id=18476, stack(0x000000eb23a00000,0x000000eb23b00000)]
  0x000002e2b8e28000 JavaThread "Daemon health stats" [_thread_blocked, id=848, stack(0x000000eb24200000,0x000000eb24300000)]
  0x000002e2b8a14800 JavaThread "Incoming local TCP Connector on port 13557" [_thread_in_native, id=6188, stack(0x000000eb23c00000,0x000000eb23d00000)]
  0x000002e2b8728000 JavaThread "Daemon periodic checks" [_thread_blocked, id=19968, stack(0x000000eb24100000,0x000000eb24200000)]
  0x000002e2b961e000 JavaThread "Daemon" [_thread_blocked, id=5444, stack(0x000000eb24300000,0x000000eb24400000)]
  0x000002e2b817b800 JavaThread "Daemon worker" [_thread_blocked, id=10824, stack(0x000000eb24600000,0x000000eb24700000)]
  0x000002e2b96e1000 JavaThread "Cache worker for file hash cache (C:\Users\ojhdt\.gradle\caches\7.0.2\fileHashes)" [_thread_blocked, id=14344, stack(0x000000eb24a00000,0x000000eb24b00000)]
  0x000002e2b96e3800 JavaThread "File lock request listener" [_thread_in_native, id=14800, stack(0x000000eb24b00000,0x000000eb24c00000)]
  0x000002e2b96e1800 JavaThread "Cache worker for journal cache (C:\Users\ojhdt\.gradle\caches\journal-1)" [_thread_blocked, id=16268, stack(0x000000eb25300000,0x000000eb25400000)]
  0x000002e2b96e2800 JavaThread "File watcher server" daemon [_thread_in_native, id=5008, stack(0x000000eb25600000,0x000000eb25700000)]
  0x000002e2b96df800 JavaThread "File watcher consumer" daemon [_thread_blocked, id=1624, stack(0x000000eb25700000,0x000000eb25800000)]
  0x000002e2bd70b800 JavaThread "Cache worker for execution history cache (C:\Users\ojhdt\.gradle\caches\7.0.2\executionHistory)" [_thread_blocked, id=15008, stack(0x000000eb25c00000,0x000000eb25d00000)]
  0x000002e2bd70a800 JavaThread "jar transforms" [_thread_blocked, id=7028, stack(0x000000eb25d00000,0x000000eb25e00000)]
  0x000002e2bd70d800 JavaThread "jar transforms Thread 2" [_thread_blocked, id=10780, stack(0x000000eb25e00000,0x000000eb25f00000)]
  0x000002e2bd711000 JavaThread "Cache worker for file content cache (C:\Users\ojhdt\.gradle\caches\7.0.2\fileContent)" [_thread_blocked, id=18356, stack(0x000000eb25f00000,0x000000eb26000000)]
  0x000002e2bd712000 JavaThread "jar transforms Thread 3" [_thread_blocked, id=13160, stack(0x000000eb26100000,0x000000eb26200000)]
  0x000002e2bb1ca800 JavaThread "jar transforms Thread 4" [_thread_blocked, id=1664, stack(0x000000eb26f00000,0x000000eb27000000)]
  0x000002e2bb1cc000 JavaThread "jar transforms Thread 5" [_thread_blocked, id=1836, stack(0x000000eb27000000,0x000000eb27100000)]
  0x000002e2bb1cf000 JavaThread "jar transforms Thread 6" [_thread_blocked, id=9560, stack(0x000000eb27100000,0x000000eb27200000)]
  0x000002e2bb1d0000 JavaThread "jar transforms Thread 7" [_thread_blocked, id=17500, stack(0x000000eb27200000,0x000000eb27300000)]
  0x000002e2bb1d1000 JavaThread "jar transforms Thread 8" [_thread_blocked, id=14096, stack(0x000000eb27300000,0x000000eb27400000)]
  0x000002e2bb1cb000 JavaThread "jar transforms Thread 9" [_thread_blocked, id=9528, stack(0x000000eb27400000,0x000000eb27500000)]
  0x000002e2bb1d2800 JavaThread "jar transforms Thread 10" [_thread_blocked, id=18740, stack(0x000000eb27500000,0x000000eb27600000)]
  0x000002e2bb1d1800 JavaThread "jar transforms Thread 11" [_thread_blocked, id=14744, stack(0x000000eb27600000,0x000000eb27700000)]
  0x000002e2bb1cd000 JavaThread "jar transforms Thread 12" [_thread_blocked, id=4416, stack(0x000000eb27700000,0x000000eb27800000)]
  0x000002e2bb1d6000 JavaThread "Memory manager" [_thread_blocked, id=17024, stack(0x000000eb27900000,0x000000eb27a00000)]
  0x000002e2bb1d6800 JavaThread "pool-3-thread-1" [_thread_blocked, id=17452, stack(0x000000eb27b00000,0x000000eb27c00000)]
  0x000002e2bebf9800 JavaThread "RMI Scheduler(0)" daemon [_thread_blocked, id=15356, stack(0x000000eb28d00000,0x000000eb28e00000)]
  0x000002e2bebf6800 JavaThread "RMI RenewClean-[127.0.0.1:17042,org.jetbrains.kotlin.daemon.common.LoopbackNetworkInterface$ClientLoopbackSocketFactory@19be043c]" daemon [_thread_blocked, id=11020, stack(0x000000eb28e00000,0x000000eb28f00000)]
  0x000002e2bebfa800 JavaThread "RMI GC Daemon" daemon [_thread_blocked, id=11788, stack(0x000000eb28f00000,0x000000eb29000000)]
  0x000002e2bebf7000 JavaThread "RMI TCP Accept-0" daemon [_thread_in_native, id=8360, stack(0x000000eb29000000,0x000000eb29100000)]
  0x000002e2bebf8000 JavaThread "RMI Reaper" [_thread_blocked, id=1784, stack(0x000000eb29100000,0x000000eb29200000)]
  0x000002e2bebef000 JavaThread "Handler for socket connection from /127.0.0.1:13557 to /127.0.0.1:10801" [_thread_in_native, id=15556, stack(0x000000eb22800000,0x000000eb22900000)]
  0x000002e2bebf0000 JavaThread "Cancel handler" [_thread_blocked, id=872, stack(0x000000eb22900000,0x000000eb22a00000)]
  0x000002e2bebed800 JavaThread "Asynchronous log dispatcher for DefaultDaemonConnection: socket connection from /127.0.0.1:13557 to /127.0.0.1:10801" [_thread_blocked, id=14960, stack(0x000000eb22a00000,0x000000eb22b00000)]
  0x000002e2bebee000 JavaThread "Stdin handler" [_thread_blocked, id=16072, stack(0x000000eb24700000,0x000000eb24800000)]
  0x000002e2bebec800 JavaThread "Daemon client event forwarder" [_thread_blocked, id=4236, stack(0x000000eb24800000,0x000000eb24900000)]
  0x000002e2bebf0800 JavaThread "Cache worker for file hash cache (D:\Project\Media\.gradle\7.0.2\fileHashes)" [_thread_blocked, id=15164, stack(0x000000eb24900000,0x000000eb24a00000)]
  0x000002e2bebf1800 JavaThread "Cache worker for checksums cache (D:\Project\Media\.gradle\checksums)" [_thread_blocked, id=18044, stack(0x000000eb25500000,0x000000eb25600000)]
  0x000002e2bebec000 JavaThread "Cache worker for cache directory md-supplier (C:\Users\ojhdt\.gradle\caches\7.0.2\md-supplier)" [_thread_blocked, id=13592, stack(0x000000eb25800000,0x000000eb25900000)]
  0x000002e2bebf5800 JavaThread "Cache worker for cache directory md-rule (C:\Users\ojhdt\.gradle\caches\7.0.2\md-rule)" [_thread_blocked, id=18160, stack(0x000000eb25900000,0x000000eb25a00000)]
  0x000002e2bebf2800 JavaThread "Cache worker for dependencies-accessors (D:\Project\Media\.gradle\7.0.2\dependencies-accessors)" [_thread_blocked, id=9180, stack(0x000000eb25a00000,0x000000eb25b00000)]
  0x000002e2bebf9000 JavaThread "Cache worker for Build Output Cleanup Cache (D:\Project\Media\.gradle\buildOutputCleanup)" [_thread_blocked, id=11388, stack(0x000000eb25b00000,0x000000eb25c00000)]
  0x000002e2bebf4000 JavaThread "Build operations" [_thread_blocked, id=16084, stack(0x000000eb26200000,0x000000eb26300000)]
  0x000002e2bebf3000 JavaThread "Build operations Thread 2" [_thread_blocked, id=14820, stack(0x000000eb26300000,0x000000eb26400000)]
  0x000002e2bebf5000 JavaThread "Build operations Thread 3" [_thread_blocked, id=5536, stack(0x000000eb26400000,0x000000eb26500000)]
  0x000002e2bd70d000 JavaThread "Build operations Thread 4" [_thread_blocked, id=1528, stack(0x000000eb26500000,0x000000eb26600000)]
  0x000002e2bd70f800 JavaThread "Build operations Thread 5" [_thread_blocked, id=4956, stack(0x000000eb26600000,0x000000eb26700000)]
  0x000002e2bd70c000 JavaThread "Build operations Thread 6" [_thread_blocked, id=1544, stack(0x000000eb26700000,0x000000eb26800000)]
  0x000002e2bd713800 JavaThread "Build operations Thread 7" [_thread_blocked, id=12004, stack(0x000000eb26800000,0x000000eb26900000)]
  0x000002e2bd712800 JavaThread "Build operations Thread 8" [_thread_blocked, id=16008, stack(0x000000eb26900000,0x000000eb26a00000)]
  0x000002e2bd718800 JavaThread "Build operations Thread 9" [_thread_blocked, id=18140, stack(0x000000eb26a00000,0x000000eb26b00000)]
  0x000002e2bd714800 JavaThread "Build operations Thread 10" [_thread_blocked, id=12476, stack(0x000000eb26b00000,0x000000eb26c00000)]
  0x000002e2bd716800 JavaThread "Build operations Thread 11" [_thread_blocked, id=3276, stack(0x000000eb26c00000,0x000000eb26d00000)]
  0x000002e2bd715000 JavaThread "Build operations Thread 12" [_thread_blocked, id=18944, stack(0x000000eb26d00000,0x000000eb26e00000)]
  0x000002e2bd716000 JavaThread "build event listener" [_thread_blocked, id=1888, stack(0x000000eb26e00000,0x000000eb26f00000)]
  0x000002e2bd717800 JavaThread "pool-7-thread-1" [_thread_blocked, id=16944, stack(0x000000eb27a00000,0x000000eb27b00000)]
  0x000002e2bd719000 JavaThread "build event listener" [_thread_blocked, id=17780, stack(0x000000eb27c00000,0x000000eb27d00000)]
  0x000002e2bb1cd800 JavaThread "Execution worker for ':'" [_thread_blocked, id=11588, stack(0x000000eb27d00000,0x000000eb27e00000)]
  0x000002e2bb1c9800 JavaThread "Execution worker for ':' Thread 2" [_thread_blocked, id=15428, stack(0x000000eb27e00000,0x000000eb27f00000)]
  0x000002e2bb1d4000 JavaThread "Execution worker for ':' Thread 3" [_thread_blocked, id=6164, stack(0x000000eb27f00000,0x000000eb28000000)]
  0x000002e2bb1ce800 JavaThread "Execution worker for ':' Thread 4" [_thread_blocked, id=6568, stack(0x000000eb28000000,0x000000eb28100000)]
  0x000002e2bb1d8000 JavaThread "Execution worker for ':' Thread 5" [_thread_blocked, id=12596, stack(0x000000eb28100000,0x000000eb28200000)]
  0x000002e2bb1d5000 JavaThread "Execution worker for ':' Thread 6" [_thread_blocked, id=8996, stack(0x000000eb28200000,0x000000eb28300000)]
  0x000002e2bb1d7800 JavaThread "Execution worker for ':' Thread 7" [_thread_blocked, id=18336, stack(0x000000eb28300000,0x000000eb28400000)]
  0x000002e2b96e4000 JavaThread "Execution worker for ':' Thread 8" [_thread_blocked, id=7084, stack(0x000000eb28400000,0x000000eb28500000)]
  0x000002e2b96e5000 JavaThread "Execution worker for ':' Thread 9" [_thread_blocked, id=17512, stack(0x000000eb28500000,0x000000eb28600000)]
  0x000002e2b96e6000 JavaThread "Execution worker for ':' Thread 10" [_thread_blocked, id=16940, stack(0x000000eb28600000,0x000000eb28700000)]
  0x000002e2b96e0000 JavaThread "Execution worker for ':' Thread 11" [_thread_blocked, id=4452, stack(0x000000eb28700000,0x000000eb28800000)]
  0x000002e2b9860000 JavaThread "Cache worker for execution history cache (D:\Project\Media\.gradle\7.0.2\executionHistory)" [_thread_blocked, id=18552, stack(0x000000eb28800000,0x000000eb28900000)]
  0x000002e2b985d000 JavaThread "RMI TCP Connection(2)-127.0.0.1" daemon [_thread_in_native, id=16964, stack(0x000000eb26000000,0x000000eb26100000)]
=>0x000002e2b9b41800 JavaThread "C2 CompilerThread1" daemon [_thread_in_native, id=13024, stack(0x000000eb28900000,0x000000eb28a00000)]
  0x000002e2c134e000 JavaThread "C2 CompilerThread2" daemon [_thread_in_native, id=7696, stack(0x000000eb28a00000,0x000000eb28b00000)]
  0x000002e2b9861000 JavaThread "WorkerExecutor Queue" [_thread_blocked, id=16912, stack(0x000000eb28b00000,0x000000eb28c00000)]
  0x000002e2b985f000 JavaThread "WorkerExecutor Queue Thread 2" [_thread_blocked, id=19996, stack(0x000000eb28c00000,0x000000eb28d00000)]
  0x000002e2b985d800 JavaThread "WorkerExecutor Queue Thread 3" [_thread_blocked, id=8768, stack(0x000000eb29200000,0x000000eb29300000)]
  0x000002e2b985c000 JavaThread "WorkerExecutor Queue Thread 4" [_thread_blocked, id=17868, stack(0x000000eb29300000,0x000000eb29400000)]
  0x000002e2b985e800 JavaThread "WorkerExecutor Queue Thread 5" [_thread_blocked, id=3192, stack(0x000000eb29400000,0x000000eb29500000)]
  0x000002e2b9863800 JavaThread "WorkerExecutor Queue Thread 6" [_thread_blocked, id=15572, stack(0x000000eb29500000,0x000000eb29600000)]
  0x000002e2b9868000 JavaThread "WorkerExecutor Queue Thread 7" [_thread_blocked, id=12632, stack(0x000000eb29600000,0x000000eb29700000)]
  0x000002e2b9862800 JavaThread "WorkerExecutor Queue Thread 8" [_thread_blocked, id=13700, stack(0x000000eb29700000,0x000000eb29800000)]
  0x000002e2b9865800 JavaThread "WorkerExecutor Queue Thread 9" [_thread_blocked, id=16156, stack(0x000000eb29800000,0x000000eb29900000)]
  0x000002e2b9869000 JavaThread "WorkerExecutor Queue Thread 10" [_thread_blocked, id=15292, stack(0x000000eb29900000,0x000000eb29a00000)]
  0x000002e2b986a000 JavaThread "WorkerExecutor Queue Thread 11" [_thread_blocked, id=9172, stack(0x000000eb29a00000,0x000000eb29b00000)]
  0x000002e2b9864000 JavaThread "WorkerExecutor Queue Thread 12" [_thread_in_vm, id=1536, stack(0x000000eb29b00000,0x000000eb29c00000)]
  0x000002e2b986a800 JavaThread "WorkerExecutor Queue Thread 13" [_thread_blocked, id=484, stack(0x000000eb29c00000,0x000000eb29d00000)]

Other Threads:
  0x000002e2b69cc000 VMThread "VM Thread" [stack: 0x000000eb23100000,0x000000eb23200000] [id=8940]
  0x000002e2b743b800 WatcherThread [stack: 0x000000eb23b00000,0x000000eb23c00000] [id=9844]
  0x000002e29b906000 GCTaskThread "GC Thread#0" [stack: 0x000000eb22c00000,0x000000eb22d00000] [id=11784]
  0x000002e2b817c000 GCTaskThread "GC Thread#1" [stack: 0x000000eb23d00000,0x000000eb23e00000] [id=16724]
  0x000002e2b80ec000 GCTaskThread "GC Thread#2" [stack: 0x000000eb23e00000,0x000000eb23f00000] [id=11168]
  0x000002e2b79be800 GCTaskThread "GC Thread#3" [stack: 0x000000eb23f00000,0x000000eb24000000] [id=4272]
  0x000002e2b781b800 GCTaskThread "GC Thread#4" [stack: 0x000000eb24000000,0x000000eb24100000] [id=17644]
  0x000002e2b9783000 GCTaskThread "GC Thread#5" [stack: 0x000000eb24c00000,0x000000eb24d00000] [id=19944]
  0x000002e2b876b000 GCTaskThread "GC Thread#6" [stack: 0x000000eb24d00000,0x000000eb24e00000] [id=3164]
  0x000002e2b98f1000 GCTaskThread "GC Thread#7" [stack: 0x000000eb24e00000,0x000000eb24f00000] [id=6660]
  0x000002e2b99b6800 GCTaskThread "GC Thread#8" [stack: 0x000000eb24f00000,0x000000eb25000000] [id=4268]
  0x000002e2b97de800 GCTaskThread "GC Thread#9" [stack: 0x000000eb25000000,0x000000eb25100000] [id=10008]
  0x000002e29b93a800 ConcurrentGCThread "G1 Main Marker" [stack: 0x000000eb22d00000,0x000000eb22e00000] [id=9440]
  0x000002e29b93d000 ConcurrentGCThread "G1 Conc#0" [stack: 0x000000eb22e00000,0x000000eb22f00000] [id=15808]
  0x000002e2b847f000 ConcurrentGCThread "G1 Conc#1" [stack: 0x000000eb25100000,0x000000eb25200000] [id=19068]
  0x000002e2b9688000 ConcurrentGCThread "G1 Conc#2" [stack: 0x000000eb25200000,0x000000eb25300000] [id=9368]
  0x000002e2b6842800 ConcurrentGCThread "G1 Refine#0" [stack: 0x000000eb22f00000,0x000000eb23000000] [id=10844]
  0x000002e2bda32800 ConcurrentGCThread "G1 Refine#1" [stack: 0x000000eb27800000,0x000000eb27900000] [id=6732]
  0x000002e2b6843800 ConcurrentGCThread "G1 Young RemSet Sampling" [stack: 0x000000eb23000000,0x000000eb23100000] [id=16852]

Threads with active compile tasks:
C2 CompilerThread0  97879 14068       4       java.io.ObjectOutputStream::writeClassDesc (60 bytes)
C1 CompilerThread0  97880 14133       3       java.io.StreamTokenizer::read (38 bytes)
C2 CompilerThread1  97880 13943       4       org.gradle.internal.instantiation.generator.AbstractClassGenerator::inspectType (560 bytes)
C2 CompilerThread2  97880 14069   !   4       java.io.ObjectOutputStream::writeObject0 (619 bytes)

VM state:not at safepoint (normal execution)

VM Mutex/Monitor currently owned by a thread: None

Heap address: 0x0000000080000000, size: 2048 MB, Compressed Oops mode: 32-bit
Narrow klass base: 0x0000000000000000, Narrow klass shift: 3
Compressed class space size: 1073741824 Address: 0x0000000100000000

Heap:
 garbage-first heap   total 251904K, used 138631K [0x0000000080000000, 0x0000000100000000)
  region size 1024K, 57 young (58368K), 13 survivors (13312K)
 Metaspace       used 113009K, capacity 116066K, committed 116368K, reserved 1150976K
  class space    used 14676K, capacity 15785K, committed 15896K, reserved 1048576K
Heap Regions: E=young(eden), S=young(survivor), O=old, HS=humongous(starts), HC=humongous(continues), CS=collection set, F=free, A=archive, TAMS=top-at-mark-start (previous, next)
|   0|0x0000000080000000, 0x0000000080100000, 0x0000000080100000|100%| O|  |TAMS 0x0000000080100000, 0x0000000080000000| Untracked 
|   1|0x0000000080100000, 0x0000000080200000, 0x0000000080200000|100%| O|  |TAMS 0x0000000080200000, 0x0000000080100000| Untracked 
|   2|0x0000000080200000, 0x0000000080300000, 0x0000000080300000|100%| O|  |TAMS 0x0000000080300000, 0x0000000080200000| Untracked 
|   3|0x0000000080300000, 0x0000000080400000, 0x0000000080400000|100%|HS|  |TAMS 0x0000000080400000, 0x0000000080300000| Complete 
|   4|0x0000000080400000, 0x0000000080500000, 0x0000000080500000|100%|HC|  |TAMS 0x0000000080500000, 0x0000000080400000| Complete 
|   5|0x0000000080500000, 0x0000000080600000, 0x0000000080600000|100%|HC|  |TAMS 0x0000000080600000, 0x0000000080500000| Complete 
|   6|0x0000000080600000, 0x0000000080700000, 0x0000000080700000|100%| O|  |TAMS 0x0000000080700000, 0x0000000080600000| Untracked 
|   7|0x0000000080700000, 0x0000000080800000, 0x0000000080800000|100%| O|  |TAMS 0x0000000080800000, 0x0000000080700000| Untracked 
|   8|0x0000000080800000, 0x0000000080900000, 0x0000000080900000|100%| O|  |TAMS 0x0000000080900000, 0x0000000080800000| Untracked 
|   9|0x0000000080900000, 0x0000000080a00000, 0x0000000080a00000|100%| O|  |TAMS 0x0000000080a00000, 0x0000000080900000| Untracked 
|  10|0x0000000080a00000, 0x0000000080b00000, 0x0000000080b00000|100%| O|  |TAMS 0x0000000080b00000, 0x0000000080a00000| Untracked 
|  11|0x0000000080b00000, 0x0000000080c00000, 0x0000000080c00000|100%| O|  |TAMS 0x0000000080c00000, 0x0000000080b00000| Untracked 
|  12|0x0000000080c00000, 0x0000000080d00000, 0x0000000080d00000|100%| O|  |TAMS 0x0000000080d00000, 0x0000000080c00000| Untracked 
|  13|0x0000000080d00000, 0x0000000080e00000, 0x0000000080e00000|100%| O|  |TAMS 0x0000000080e00000, 0x0000000080d00000| Untracked 
|  14|0x0000000080e00000, 0x0000000080f00000, 0x0000000080f00000|100%| O|  |TAMS 0x0000000080f00000, 0x0000000080e00000| Untracked 
|  15|0x0000000080f00000, 0x0000000081000000, 0x0000000081000000|100%| O|  |TAMS 0x0000000081000000, 0x0000000080f00000| Untracked 
|  16|0x0000000081000000, 0x0000000081100000, 0x0000000081100000|100%| O|  |TAMS 0x0000000081100000, 0x0000000081000000| Untracked 
|  17|0x0000000081100000, 0x0000000081200000, 0x0000000081200000|100%|HS|  |TAMS 0x0000000081200000, 0x0000000081100000| Complete 
|  18|0x0000000081200000, 0x0000000081300000, 0x0000000081300000|100%|HS|  |TAMS 0x0000000081300000, 0x0000000081200000| Complete 
|  19|0x0000000081300000, 0x0000000081400000, 0x0000000081400000|100%|HS|  |TAMS 0x0000000081400000, 0x0000000081300000| Complete 
|  20|0x0000000081400000, 0x0000000081500000, 0x0000000081500000|100%|HS|  |TAMS 0x0000000081500000, 0x0000000081400000| Complete 
|  21|0x0000000081500000, 0x0000000081600000, 0x0000000081600000|100%|HC|  |TAMS 0x0000000081600000, 0x0000000081500000| Complete 
|  22|0x0000000081600000, 0x0000000081700000, 0x0000000081700000|100%|HC|  |TAMS 0x0000000081700000, 0x0000000081600000| Complete 
|  23|0x0000000081700000, 0x0000000081800000, 0x0000000081800000|100%|HS|  |TAMS 0x0000000081800000, 0x0000000081700000| Complete 
|  24|0x0000000081800000, 0x0000000081900000, 0x0000000081900000|100%|HC|  |TAMS 0x0000000081900000, 0x0000000081800000| Complete 
|  25|0x0000000081900000, 0x0000000081a00000, 0x0000000081a00000|100%| O|  |TAMS 0x0000000081a00000, 0x0000000081900000| Untracked 
|  26|0x0000000081a00000, 0x0000000081b00000, 0x0000000081b00000|100%| O|  |TAMS 0x0000000081b00000, 0x0000000081a00000| Untracked 
|  27|0x0000000081b00000, 0x0000000081c00000, 0x0000000081c00000|100%| O|  |TAMS 0x0000000081c00000, 0x0000000081b00000| Untracked 
|  28|0x0000000081c00000, 0x0000000081d00000, 0x0000000081d00000|100%| O|  |TAMS 0x0000000081d00000, 0x0000000081c00000| Untracked 
|  29|0x0000000081d00000, 0x0000000081e00000, 0x0000000081e00000|100%| O|  |TAMS 0x0000000081e00000, 0x0000000081d00000| Untracked 
|  30|0x0000000081e00000, 0x0000000081f00000, 0x0000000081f00000|100%| O|  |TAMS 0x0000000081f00000, 0x0000000081e00000| Untracked 
|  31|0x0000000081f00000, 0x0000000082000000, 0x0000000082000000|100%| O|  |TAMS 0x0000000082000000, 0x0000000081f00000| Untracked 
|  32|0x0000000082000000, 0x0000000082100000, 0x0000000082100000|100%| O|  |TAMS 0x0000000082100000, 0x0000000082000000| Untracked 
|  33|0x0000000082100000, 0x0000000082200000, 0x0000000082200000|100%| O|  |TAMS 0x0000000082200000, 0x0000000082100000| Untracked 
|  34|0x0000000082200000, 0x0000000082300000, 0x0000000082300000|100%| O|  |TAMS 0x0000000082300000, 0x0000000082200000| Untracked 
|  35|0x0000000082300000, 0x0000000082400000, 0x0000000082400000|100%| O|  |TAMS 0x0000000082400000, 0x0000000082300000| Untracked 
|  36|0x0000000082400000, 0x0000000082500000, 0x0000000082500000|100%| O|  |TAMS 0x0000000082500000, 0x0000000082400000| Untracked 
|  37|0x0000000082500000, 0x0000000082600000, 0x0000000082600000|100%| O|  |TAMS 0x0000000082600000, 0x0000000082500000| Untracked 
|  38|0x0000000082600000, 0x0000000082700000, 0x0000000082700000|100%| O|  |TAMS 0x0000000082700000, 0x0000000082600000| Untracked 
|  39|0x0000000082700000, 0x0000000082800000, 0x0000000082800000|100%| O|  |TAMS 0x0000000082800000, 0x0000000082700000| Untracked 
|  40|0x0000000082800000, 0x0000000082900000, 0x0000000082900000|100%| O|  |TAMS 0x0000000082900000, 0x0000000082800000| Untracked 
|  41|0x0000000082900000, 0x0000000082a00000, 0x0000000082a00000|100%| O|  |TAMS 0x0000000082a00000, 0x0000000082900000| Untracked 
|  42|0x0000000082a00000, 0x0000000082b00000, 0x0000000082b00000|100%| O|  |TAMS 0x0000000082b00000, 0x0000000082a00000| Untracked 
|  43|0x0000000082b00000, 0x0000000082c00000, 0x0000000082c00000|100%| O|  |TAMS 0x0000000082c00000, 0x0000000082b00000| Untracked 
|  44|0x0000000082c00000, 0x0000000082d00000, 0x0000000082d00000|100%| O|  |TAMS 0x0000000082d00000, 0x0000000082c00000| Untracked 
|  45|0x0000000082d00000, 0x0000000082e00000, 0x0000000082e00000|100%| O|  |TAMS 0x0000000082e00000, 0x0000000082d00000| Untracked 
|  46|0x0000000082e00000, 0x0000000082f00000, 0x0000000082f00000|100%| O|  |TAMS 0x0000000082f00000, 0x0000000082e00000| Untracked 
|  47|0x0000000082f00000, 0x0000000083000000, 0x0000000083000000|100%| O|  |TAMS 0x0000000083000000, 0x0000000082f00000| Untracked 
|  48|0x0000000083000000, 0x0000000083100000, 0x0000000083100000|100%| O|  |TAMS 0x0000000083100000, 0x0000000083000000| Untracked 
|  49|0x0000000083100000, 0x0000000083200000, 0x0000000083200000|100%| O|  |TAMS 0x0000000083200000, 0x0000000083100000| Untracked 
|  50|0x0000000083200000, 0x0000000083300000, 0x0000000083300000|100%| O|  |TAMS 0x0000000083300000, 0x0000000083200000| Untracked 
|  51|0x0000000083300000, 0x0000000083400000, 0x0000000083400000|100%| O|  |TAMS 0x0000000083400000, 0x0000000083300000| Untracked 
|  52|0x0000000083400000, 0x0000000083500000, 0x0000000083500000|100%| O|  |TAMS 0x0000000083500000, 0x0000000083400000| Untracked 
|  53|0x0000000083500000, 0x0000000083600000, 0x0000000083600000|100%| O|  |TAMS 0x0000000083600000, 0x0000000083500000| Untracked 
|  54|0x0000000083600000, 0x0000000083700000, 0x0000000083700000|100%| O|  |TAMS 0x0000000083700000, 0x0000000083600000| Untracked 
|  55|0x0000000083700000, 0x0000000083800000, 0x0000000083800000|100%| O|  |TAMS 0x0000000083800000, 0x0000000083700000| Untracked 
|  56|0x0000000083800000, 0x0000000083900000, 0x0000000083900000|100%| O|  |TAMS 0x0000000083900000, 0x0000000083800000| Untracked 
|  57|0x0000000083900000, 0x0000000083a00000, 0x0000000083a00000|100%| O|  |TAMS 0x0000000083a00000, 0x0000000083900000| Untracked 
|  58|0x0000000083a00000, 0x0000000083b00000, 0x0000000083b00000|100%| O|  |TAMS 0x0000000083b00000, 0x0000000083a00000| Untracked 
|  59|0x0000000083b00000, 0x0000000083c00000, 0x0000000083c00000|100%| O|  |TAMS 0x0000000083c00000, 0x0000000083b00000| Untracked 
|  60|0x0000000083c00000, 0x0000000083d00000, 0x0000000083d00000|100%| O|  |TAMS 0x0000000083d00000, 0x0000000083c00000| Untracked 
|  61|0x0000000083d00000, 0x0000000083e00000, 0x0000000083e00000|100%| O|  |TAMS 0x0000000083e00000, 0x0000000083d00000| Untracked 
|  62|0x0000000083e00000, 0x0000000083f00000, 0x0000000083f00000|100%| O|  |TAMS 0x0000000083f00000, 0x0000000083e00000| Untracked 
|  63|0x0000000083f00000, 0x0000000084000000, 0x0000000084000000|100%| O|  |TAMS 0x0000000084000000, 0x0000000083f00000| Untracked 
|  64|0x0000000084000000, 0x0000000084100000, 0x0000000084100000|100%| O|  |TAMS 0x0000000084100000, 0x0000000084000000| Untracked 
|  65|0x0000000084100000, 0x0000000084200000, 0x0000000084200000|100%| O|  |TAMS 0x0000000084200000, 0x0000000084100000| Untracked 
|  66|0x0000000084200000, 0x0000000084300000, 0x0000000084300000|100%| O|  |TAMS 0x0000000084300000, 0x0000000084200000| Untracked 
|  67|0x0000000084300000, 0x0000000084400000, 0x0000000084400000|100%| O|  |TAMS 0x0000000084400000, 0x0000000084300000| Untracked 
|  68|0x0000000084400000, 0x0000000084500000, 0x0000000084500000|100%| O|  |TAMS 0x0000000084500000, 0x0000000084400000| Untracked 
|  69|0x0000000084500000, 0x0000000084600000, 0x0000000084600000|100%| O|  |TAMS 0x0000000084600000, 0x0000000084500000| Untracked 
|  70|0x0000000084600000, 0x0000000084700000, 0x0000000084700000|100%| O|  |TAMS 0x0000000084700000, 0x0000000084600000| Untracked 
|  71|0x0000000084700000, 0x0000000084800000, 0x0000000084800000|100%| O|  |TAMS 0x0000000084800000, 0x0000000084700000| Untracked 
|  72|0x0000000084800000, 0x0000000084900000, 0x0000000084900000|100%| O|  |TAMS 0x0000000084900000, 0x0000000084800000| Untracked 
|  73|0x0000000084900000, 0x0000000084a00000, 0x0000000084a00000|100%| O|  |TAMS 0x0000000084a00000, 0x0000000084900000| Untracked 
|  74|0x0000000084a00000, 0x0000000084b00000, 0x0000000084b00000|100%| O|  |TAMS 0x0000000084b00000, 0x0000000084a00000| Untracked 
|  75|0x0000000084b00000, 0x0000000084c00000, 0x0000000084c00000|100%| O|  |TAMS 0x0000000084c00000, 0x0000000084b00000| Untracked 
|  76|0x0000000084c00000, 0x0000000084d00000, 0x0000000084d00000|100%| O|  |TAMS 0x0000000084d00000, 0x0000000084c00000| Untracked 
|  77|0x0000000084d00000, 0x0000000084e00000, 0x0000000084e00000|100%| O|  |TAMS 0x0000000084e00000, 0x0000000084d00000| Untracked 
|  78|0x0000000084e00000, 0x0000000084f00000, 0x0000000084f00000|100%| O|  |TAMS 0x0000000084f00000, 0x0000000084e00000| Untracked 
|  79|0x0000000084f00000, 0x0000000085000000, 0x0000000085000000|100%| O|  |TAMS 0x0000000085000000, 0x0000000084f00000| Untracked 
|  80|0x0000000085000000, 0x0000000085061e00, 0x0000000085100000| 38%| O|  |TAMS 0x0000000085061e00, 0x0000000085000000| Untracked 
|  81|0x0000000085100000, 0x0000000085100000, 0x0000000085200000|  0%| F|  |TAMS 0x0000000085100000, 0x0000000085100000| Untracked 
|  82|0x0000000085200000, 0x0000000085200000, 0x0000000085300000|  0%| F|  |TAMS 0x0000000085200000, 0x0000000085200000| Untracked 
|  83|0x0000000085300000, 0x0000000085300000, 0x0000000085400000|  0%| F|  |TAMS 0x0000000085300000, 0x0000000085300000| Untracked 
|  84|0x0000000085400000, 0x0000000085400000, 0x0000000085500000|  0%| F|  |TAMS 0x0000000085400000, 0x0000000085400000| Untracked 
|  85|0x0000000085500000, 0x0000000085500000, 0x0000000085600000|  0%| F|  |TAMS 0x0000000085500000, 0x0000000085500000| Untracked 
|  86|0x0000000085600000, 0x0000000085600000, 0x0000000085700000|  0%| F|  |TAMS 0x0000000085600000, 0x0000000085600000| Untracked 
|  87|0x0000000085700000, 0x0000000085700000, 0x0000000085800000|  0%| F|  |TAMS 0x0000000085700000, 0x0000000085700000| Untracked 
|  88|0x0000000085800000, 0x0000000085800000, 0x0000000085900000|  0%| F|  |TAMS 0x0000000085800000, 0x0000000085800000| Untracked 
|  89|0x0000000085900000, 0x0000000085900000, 0x0000000085a00000|  0%| F|  |TAMS 0x0000000085900000, 0x0000000085900000| Untracked 
|  90|0x0000000085a00000, 0x0000000085a00000, 0x0000000085b00000|  0%| F|  |TAMS 0x0000000085a00000, 0x0000000085a00000| Untracked 
|  91|0x0000000085b00000, 0x0000000085b00000, 0x0000000085c00000|  0%| F|  |TAMS 0x0000000085b00000, 0x0000000085b00000| Untracked 
|  92|0x0000000085c00000, 0x0000000085c00000, 0x0000000085d00000|  0%| F|  |TAMS 0x0000000085c00000, 0x0000000085c00000| Untracked 
|  93|0x0000000085d00000, 0x0000000085d00000, 0x0000000085e00000|  0%| F|  |TAMS 0x0000000085d00000, 0x0000000085d00000| Untracked 
|  94|0x0000000085e00000, 0x0000000085e00000, 0x0000000085f00000|  0%| F|  |TAMS 0x0000000085e00000, 0x0000000085e00000| Untracked 
|  95|0x0000000085f00000, 0x0000000085f00000, 0x0000000086000000|  0%| F|  |TAMS 0x0000000085f00000, 0x0000000085f00000| Untracked 
|  96|0x0000000086000000, 0x0000000086000000, 0x0000000086100000|  0%| F|  |TAMS 0x0000000086000000, 0x0000000086000000| Untracked 
|  97|0x0000000086100000, 0x0000000086100000, 0x0000000086200000|  0%| F|  |TAMS 0x0000000086100000, 0x0000000086100000| Untracked 
|  98|0x0000000086200000, 0x0000000086200000, 0x0000000086300000|  0%| F|  |TAMS 0x0000000086200000, 0x0000000086200000| Untracked 
|  99|0x0000000086300000, 0x0000000086300000, 0x0000000086400000|  0%| F|  |TAMS 0x0000000086300000, 0x0000000086300000| Untracked 
| 100|0x0000000086400000, 0x0000000086400000, 0x0000000086500000|  0%| F|  |TAMS 0x0000000086400000, 0x0000000086400000| Untracked 
| 101|0x0000000086500000, 0x0000000086500000, 0x0000000086600000|  0%| F|  |TAMS 0x0000000086500000, 0x0000000086500000| Untracked 
| 102|0x0000000086600000, 0x0000000086600000, 0x0000000086700000|  0%| F|  |TAMS 0x0000000086600000, 0x0000000086600000| Untracked 
| 103|0x0000000086700000, 0x0000000086700000, 0x0000000086800000|  0%| F|  |TAMS 0x0000000086700000, 0x0000000086700000| Untracked 
| 104|0x0000000086800000, 0x0000000086800000, 0x0000000086900000|  0%| F|  |TAMS 0x0000000086800000, 0x0000000086800000| Untracked 
| 105|0x0000000086900000, 0x0000000086900000, 0x0000000086a00000|  0%| F|  |TAMS 0x0000000086900000, 0x0000000086900000| Untracked 
| 106|0x0000000086a00000, 0x0000000086a00000, 0x0000000086b00000|  0%| F|  |TAMS 0x0000000086a00000, 0x0000000086a00000| Untracked 
| 107|0x0000000086b00000, 0x0000000086b00000, 0x0000000086c00000|  0%| F|  |TAMS 0x0000000086b00000, 0x0000000086b00000| Untracked 
| 108|0x0000000086c00000, 0x0000000086c00000, 0x0000000086d00000|  0%| F|  |TAMS 0x0000000086c00000, 0x0000000086c00000| Untracked 
| 109|0x0000000086d00000, 0x0000000086d00000, 0x0000000086e00000|  0%| F|  |TAMS 0x0000000086d00000, 0x0000000086d00000| Untracked 
| 110|0x0000000086e00000, 0x0000000086e00000, 0x0000000086f00000|  0%| F|  |TAMS 0x0000000086e00000, 0x0000000086e00000| Untracked 
| 111|0x0000000086f00000, 0x0000000086f00000, 0x0000000087000000|  0%| F|  |TAMS 0x0000000086f00000, 0x0000000086f00000| Untracked 
| 112|0x0000000087000000, 0x0000000087000000, 0x0000000087100000|  0%| F|  |TAMS 0x0000000087000000, 0x0000000087000000| Untracked 
| 113|0x0000000087100000, 0x0000000087100000, 0x0000000087200000|  0%| F|  |TAMS 0x0000000087100000, 0x0000000087100000| Untracked 
| 114|0x0000000087200000, 0x0000000087200000, 0x0000000087300000|  0%| F|  |TAMS 0x0000000087200000, 0x0000000087200000| Untracked 
| 115|0x0000000087300000, 0x0000000087300000, 0x0000000087400000|  0%| F|  |TAMS 0x0000000087300000, 0x0000000087300000| Untracked 
| 116|0x0000000087400000, 0x0000000087400000, 0x0000000087500000|  0%| F|  |TAMS 0x0000000087400000, 0x0000000087400000| Untracked 
| 117|0x0000000087500000, 0x0000000087500000, 0x0000000087600000|  0%| F|  |TAMS 0x0000000087500000, 0x0000000087500000| Untracked 
| 118|0x0000000087600000, 0x0000000087600000, 0x0000000087700000|  0%| F|  |TAMS 0x0000000087600000, 0x0000000087600000| Untracked 
| 119|0x0000000087700000, 0x0000000087700000, 0x0000000087800000|  0%| F|  |TAMS 0x0000000087700000, 0x0000000087700000| Untracked 
| 120|0x0000000087800000, 0x0000000087800000, 0x0000000087900000|  0%| F|  |TAMS 0x0000000087800000, 0x0000000087800000| Untracked 
| 121|0x0000000087900000, 0x0000000087900000, 0x0000000087a00000|  0%| F|  |TAMS 0x0000000087900000, 0x0000000087900000| Untracked 
| 122|0x0000000087a00000, 0x0000000087a00000, 0x0000000087b00000|  0%| F|  |TAMS 0x0000000087a00000, 0x0000000087a00000| Untracked 
| 123|0x0000000087b00000, 0x0000000087b00000, 0x0000000087c00000|  0%| F|  |TAMS 0x0000000087b00000, 0x0000000087b00000| Untracked 
| 124|0x0000000087c00000, 0x0000000087c00000, 0x0000000087d00000|  0%| F|  |TAMS 0x0000000087c00000, 0x0000000087c00000| Untracked 
| 125|0x0000000087d00000, 0x0000000087e00000, 0x0000000087e00000|100%| S|CS|TAMS 0x0000000087d00000, 0x0000000087d00000| Complete 
| 126|0x0000000087e00000, 0x0000000087f00000, 0x0000000087f00000|100%| S|CS|TAMS 0x0000000087e00000, 0x0000000087e00000| Complete 
| 127|0x0000000087f00000, 0x0000000088000000, 0x0000000088000000|100%| S|CS|TAMS 0x0000000087f00000, 0x0000000087f00000| Complete 
| 128|0x0000000088000000, 0x0000000088100000, 0x0000000088100000|100%| S|CS|TAMS 0x0000000088000000, 0x0000000088000000| Complete 
| 129|0x0000000088100000, 0x0000000088200000, 0x0000000088200000|100%| S|CS|TAMS 0x0000000088100000, 0x0000000088100000| Complete 
| 130|0x0000000088200000, 0x0000000088300000, 0x0000000088300000|100%| S|CS|TAMS 0x0000000088200000, 0x0000000088200000| Complete 
| 131|0x0000000088300000, 0x0000000088400000, 0x0000000088400000|100%| S|CS|TAMS 0x0000000088300000, 0x0000000088300000| Complete 
| 132|0x0000000088400000, 0x0000000088500000, 0x0000000088500000|100%| S|CS|TAMS 0x0000000088400000, 0x0000000088400000| Complete 
| 133|0x0000000088500000, 0x0000000088600000, 0x0000000088600000|100%| S|CS|TAMS 0x0000000088500000, 0x0000000088500000| Complete 
| 134|0x0000000088600000, 0x0000000088700000, 0x0000000088700000|100%| S|CS|TAMS 0x0000000088600000, 0x0000000088600000| Complete 
| 135|0x0000000088700000, 0x0000000088800000, 0x0000000088800000|100%| S|CS|TAMS 0x0000000088700000, 0x0000000088700000| Complete 
| 136|0x0000000088800000, 0x0000000088900000, 0x0000000088900000|100%| S|CS|TAMS 0x0000000088800000, 0x0000000088800000| Complete 
| 137|0x0000000088900000, 0x0000000088a00000, 0x0000000088a00000|100%| S|CS|TAMS 0x0000000088900000, 0x0000000088900000| Complete 
| 138|0x0000000088a00000, 0x0000000088a00000, 0x0000000088b00000|  0%| F|  |TAMS 0x0000000088a00000, 0x0000000088a00000| Untracked 
| 139|0x0000000088b00000, 0x0000000088b00000, 0x0000000088c00000|  0%| F|  |TAMS 0x0000000088b00000, 0x0000000088b00000| Untracked 
| 140|0x0000000088c00000, 0x0000000088c00000, 0x0000000088d00000|  0%| F|  |TAMS 0x0000000088c00000, 0x0000000088c00000| Untracked 
| 141|0x0000000088d00000, 0x0000000088d00000, 0x0000000088e00000|  0%| F|  |TAMS 0x0000000088d00000, 0x0000000088d00000| Untracked 
| 142|0x0000000088e00000, 0x0000000088e00000, 0x0000000088f00000|  0%| F|  |TAMS 0x0000000088e00000, 0x0000000088e00000| Untracked 
| 143|0x0000000088f00000, 0x0000000088f00000, 0x0000000089000000|  0%| F|  |TAMS 0x0000000088f00000, 0x0000000088f00000| Untracked 
| 144|0x0000000089000000, 0x0000000089000000, 0x0000000089100000|  0%| F|  |TAMS 0x0000000089000000, 0x0000000089000000| Untracked 
| 145|0x0000000089100000, 0x0000000089100000, 0x0000000089200000|  0%| F|  |TAMS 0x0000000089100000, 0x0000000089100000| Untracked 
| 146|0x0000000089200000, 0x0000000089200000, 0x0000000089300000|  0%| F|  |TAMS 0x0000000089200000, 0x0000000089200000| Untracked 
| 147|0x0000000089300000, 0x0000000089300000, 0x0000000089400000|  0%| F|  |TAMS 0x0000000089300000, 0x0000000089300000| Untracked 
| 148|0x0000000089400000, 0x0000000089400000, 0x0000000089500000|  0%| F|  |TAMS 0x0000000089400000, 0x0000000089400000| Untracked 
| 149|0x0000000089500000, 0x0000000089500000, 0x0000000089600000|  0%| F|  |TAMS 0x0000000089500000, 0x0000000089500000| Untracked 
| 150|0x0000000089600000, 0x0000000089600000, 0x0000000089700000|  0%| F|  |TAMS 0x0000000089600000, 0x0000000089600000| Untracked 
| 151|0x0000000089700000, 0x0000000089700000, 0x0000000089800000|  0%| F|  |TAMS 0x0000000089700000, 0x0000000089700000| Untracked 
| 152|0x0000000089800000, 0x0000000089800000, 0x0000000089900000|  0%| F|  |TAMS 0x0000000089800000, 0x0000000089800000| Untracked 
| 153|0x0000000089900000, 0x0000000089900000, 0x0000000089a00000|  0%| F|  |TAMS 0x0000000089900000, 0x0000000089900000| Untracked 
| 154|0x0000000089a00000, 0x0000000089a00000, 0x0000000089b00000|  0%| F|  |TAMS 0x0000000089a00000, 0x0000000089a00000| Untracked 
| 155|0x0000000089b00000, 0x0000000089b00000, 0x0000000089c00000|  0%| F|  |TAMS 0x0000000089b00000, 0x0000000089b00000| Untracked 
| 156|0x0000000089c00000, 0x0000000089c00000, 0x0000000089d00000|  0%| F|  |TAMS 0x0000000089c00000, 0x0000000089c00000| Untracked 
| 157|0x0000000089d00000, 0x0000000089d00000, 0x0000000089e00000|  0%| F|  |TAMS 0x0000000089d00000, 0x0000000089d00000| Untracked 
| 158|0x0000000089e00000, 0x0000000089e00000, 0x0000000089f00000|  0%| F|  |TAMS 0x0000000089e00000, 0x0000000089e00000| Untracked 
| 159|0x0000000089f00000, 0x0000000089f00000, 0x000000008a000000|  0%| F|  |TAMS 0x0000000089f00000, 0x0000000089f00000| Untracked 
| 160|0x000000008a000000, 0x000000008a000000, 0x000000008a100000|  0%| F|  |TAMS 0x000000008a000000, 0x000000008a000000| Untracked 
| 161|0x000000008a100000, 0x000000008a100000, 0x000000008a200000|  0%| F|  |TAMS 0x000000008a100000, 0x000000008a100000| Untracked 
| 162|0x000000008a200000, 0x000000008a200000, 0x000000008a300000|  0%| F|  |TAMS 0x000000008a200000, 0x000000008a200000| Untracked 
| 163|0x000000008a300000, 0x000000008a300000, 0x000000008a400000|  0%| F|  |TAMS 0x000000008a300000, 0x000000008a300000| Untracked 
| 164|0x000000008a400000, 0x000000008a400000, 0x000000008a500000|  0%| F|  |TAMS 0x000000008a400000, 0x000000008a400000| Untracked 
| 165|0x000000008a500000, 0x000000008a500000, 0x000000008a600000|  0%| F|  |TAMS 0x000000008a500000, 0x000000008a500000| Untracked 
| 166|0x000000008a600000, 0x000000008a600000, 0x000000008a700000|  0%| F|  |TAMS 0x000000008a600000, 0x000000008a600000| Untracked 
| 167|0x000000008a700000, 0x000000008a700000, 0x000000008a800000|  0%| F|  |TAMS 0x000000008a700000, 0x000000008a700000| Untracked 
| 168|0x000000008a800000, 0x000000008a800000, 0x000000008a900000|  0%| F|  |TAMS 0x000000008a800000, 0x000000008a800000| Untracked 
| 169|0x000000008a900000, 0x000000008a900000, 0x000000008aa00000|  0%| F|  |TAMS 0x000000008a900000, 0x000000008a900000| Untracked 
| 170|0x000000008aa00000, 0x000000008aa00000, 0x000000008ab00000|  0%| F|  |TAMS 0x000000008aa00000, 0x000000008aa00000| Untracked 
| 171|0x000000008ab00000, 0x000000008ab00000, 0x000000008ac00000|  0%| F|  |TAMS 0x000000008ab00000, 0x000000008ab00000| Untracked 
| 172|0x000000008ac00000, 0x000000008ac00000, 0x000000008ad00000|  0%| F|  |TAMS 0x000000008ac00000, 0x000000008ac00000| Untracked 
| 173|0x000000008ad00000, 0x000000008ad00000, 0x000000008ae00000|  0%| F|  |TAMS 0x000000008ad00000, 0x000000008ad00000| Untracked 
| 174|0x000000008ae00000, 0x000000008ae00000, 0x000000008af00000|  0%| F|  |TAMS 0x000000008ae00000, 0x000000008ae00000| Untracked 
| 175|0x000000008af00000, 0x000000008af00000, 0x000000008b000000|  0%| F|  |TAMS 0x000000008af00000, 0x000000008af00000| Untracked 
| 176|0x000000008b000000, 0x000000008b000000, 0x000000008b100000|  0%| F|  |TAMS 0x000000008b000000, 0x000000008b000000| Untracked 
| 177|0x000000008b100000, 0x000000008b100000, 0x000000008b200000|  0%| F|  |TAMS 0x000000008b100000, 0x000000008b100000| Untracked 
| 178|0x000000008b200000, 0x000000008b200000, 0x000000008b300000|  0%| F|  |TAMS 0x000000008b200000, 0x000000008b200000| Untracked 
| 179|0x000000008b300000, 0x000000008b300000, 0x000000008b400000|  0%| F|  |TAMS 0x000000008b300000, 0x000000008b300000| Untracked 
| 180|0x000000008b400000, 0x000000008b400000, 0x000000008b500000|  0%| F|  |TAMS 0x000000008b400000, 0x000000008b400000| Untracked 
| 181|0x000000008b500000, 0x000000008b500000, 0x000000008b600000|  0%| F|  |TAMS 0x000000008b500000, 0x000000008b500000| Untracked 
| 182|0x000000008b600000, 0x000000008b600000, 0x000000008b700000|  0%| F|  |TAMS 0x000000008b600000, 0x000000008b600000| Untracked 
| 183|0x000000008b700000, 0x000000008b700000, 0x000000008b800000|  0%| F|  |TAMS 0x000000008b700000, 0x000000008b700000| Untracked 
| 184|0x000000008b800000, 0x000000008b800000, 0x000000008b900000|  0%| F|  |TAMS 0x000000008b800000, 0x000000008b800000| Untracked 
| 185|0x000000008b900000, 0x000000008b900000, 0x000000008ba00000|  0%| F|  |TAMS 0x000000008b900000, 0x000000008b900000| Untracked 
| 186|0x000000008ba00000, 0x000000008ba00000, 0x000000008bb00000|  0%| F|  |TAMS 0x000000008ba00000, 0x000000008ba00000| Untracked 
| 187|0x000000008bb00000, 0x000000008bb00000, 0x000000008bc00000|  0%| F|  |TAMS 0x000000008bb00000, 0x000000008bb00000| Untracked 
| 188|0x000000008bc00000, 0x000000008bc00000, 0x000000008bd00000|  0%| F|  |TAMS 0x000000008bc00000, 0x000000008bc00000| Untracked 
| 189|0x000000008bd00000, 0x000000008bd00000, 0x000000008be00000|  0%| F|  |TAMS 0x000000008bd00000, 0x000000008bd00000| Untracked 
| 190|0x000000008be00000, 0x000000008be00000, 0x000000008bf00000|  0%| F|  |TAMS 0x000000008be00000, 0x000000008be00000| Untracked 
| 191|0x000000008bf00000, 0x000000008bf00000, 0x000000008c000000|  0%| F|  |TAMS 0x000000008bf00000, 0x000000008bf00000| Untracked 
| 192|0x000000008c000000, 0x000000008c000000, 0x000000008c100000|  0%| F|  |TAMS 0x000000008c000000, 0x000000008c000000| Untracked 
| 193|0x000000008c100000, 0x000000008c100000, 0x000000008c200000|  0%| F|  |TAMS 0x000000008c100000, 0x000000008c100000| Untracked 
| 194|0x000000008c200000, 0x000000008c200000, 0x000000008c300000|  0%| F|  |TAMS 0x000000008c200000, 0x000000008c200000| Untracked 
| 195|0x000000008c300000, 0x000000008c300000, 0x000000008c400000|  0%| F|  |TAMS 0x000000008c300000, 0x000000008c300000| Untracked 
| 196|0x000000008c400000, 0x000000008c400000, 0x000000008c500000|  0%| F|  |TAMS 0x000000008c400000, 0x000000008c400000| Untracked 
| 197|0x000000008c500000, 0x000000008c500000, 0x000000008c600000|  0%| F|  |TAMS 0x000000008c500000, 0x000000008c500000| Untracked 
| 198|0x000000008c600000, 0x000000008c600000, 0x000000008c700000|  0%| F|  |TAMS 0x000000008c600000, 0x000000008c600000| Untracked 
| 199|0x000000008c700000, 0x000000008c700000, 0x000000008c800000|  0%| F|  |TAMS 0x000000008c700000, 0x000000008c700000| Untracked 
| 200|0x000000008c800000, 0x000000008c800000, 0x000000008c900000|  0%| F|  |TAMS 0x000000008c800000, 0x000000008c800000| Untracked 
| 201|0x000000008c900000, 0x000000008c900000, 0x000000008ca00000|  0%| F|  |TAMS 0x000000008c900000, 0x000000008c900000| Untracked 
| 202|0x000000008ca00000, 0x000000008ca91420, 0x000000008cb00000| 56%| E|  |TAMS 0x000000008ca00000, 0x000000008ca00000| Complete 
| 203|0x000000008cb00000, 0x000000008cc00000, 0x000000008cc00000|100%| E|CS|TAMS 0x000000008cb00000, 0x000000008cb00000| Complete 
| 204|0x000000008cc00000, 0x000000008cd00000, 0x000000008cd00000|100%| E|CS|TAMS 0x000000008cc00000, 0x000000008cc00000| Complete 
| 205|0x000000008cd00000, 0x000000008ce00000, 0x000000008ce00000|100%| E|CS|TAMS 0x000000008cd00000, 0x000000008cd00000| Complete 
| 206|0x000000008ce00000, 0x000000008cf00000, 0x000000008cf00000|100%| E|CS|TAMS 0x000000008ce00000, 0x000000008ce00000| Complete 
| 207|0x000000008cf00000, 0x000000008d000000, 0x000000008d000000|100%| E|CS|TAMS 0x000000008cf00000, 0x000000008cf00000| Complete 
| 208|0x000000008d000000, 0x000000008d100000, 0x000000008d100000|100%| E|CS|TAMS 0x000000008d000000, 0x000000008d000000| Complete 
| 209|0x000000008d100000, 0x000000008d200000, 0x000000008d200000|100%| E|CS|TAMS 0x000000008d100000, 0x000000008d100000| Complete 
| 210|0x000000008d200000, 0x000000008d300000, 0x000000008d300000|100%| E|CS|TAMS 0x000000008d200000, 0x000000008d200000| Complete 
| 211|0x000000008d300000, 0x000000008d400000, 0x000000008d400000|100%| E|CS|TAMS 0x000000008d300000, 0x000000008d300000| Complete 
| 212|0x000000008d400000, 0x000000008d500000, 0x000000008d500000|100%| E|  |TAMS 0x000000008d400000, 0x000000008d400000| Complete 
| 213|0x000000008d500000, 0x000000008d600000, 0x000000008d600000|100%| E|CS|TAMS 0x000000008d500000, 0x000000008d500000| Complete 
| 214|0x000000008d600000, 0x000000008d700000, 0x000000008d700000|100%| E|CS|TAMS 0x000000008d600000, 0x000000008d600000| Complete 
| 215|0x000000008d700000, 0x000000008d800000, 0x000000008d800000|100%| E|CS|TAMS 0x000000008d700000, 0x000000008d700000| Complete 
| 216|0x000000008d800000, 0x000000008d900000, 0x000000008d900000|100%| E|CS|TAMS 0x000000008d800000, 0x000000008d800000| Complete 
| 217|0x000000008d900000, 0x000000008da00000, 0x000000008da00000|100%| E|CS|TAMS 0x000000008d900000, 0x000000008d900000| Complete 
| 218|0x000000008da00000, 0x000000008db00000, 0x000000008db00000|100%| E|CS|TAMS 0x000000008da00000, 0x000000008da00000| Complete 
| 219|0x000000008db00000, 0x000000008dc00000, 0x000000008dc00000|100%| E|CS|TAMS 0x000000008db00000, 0x000000008db00000| Complete 
| 220|0x000000008dc00000, 0x000000008dd00000, 0x000000008dd00000|100%| E|CS|TAMS 0x000000008dc00000, 0x000000008dc00000| Complete 
| 221|0x000000008dd00000, 0x000000008de00000, 0x000000008de00000|100%| E|CS|TAMS 0x000000008dd00000, 0x000000008dd00000| Complete 
| 222|0x000000008de00000, 0x000000008df00000, 0x000000008df00000|100%| E|CS|TAMS 0x000000008de00000, 0x000000008de00000| Complete 
| 223|0x000000008df00000, 0x000000008e000000, 0x000000008e000000|100%| E|CS|TAMS 0x000000008df00000, 0x000000008df00000| Complete 
| 224|0x000000008e000000, 0x000000008e100000, 0x000000008e100000|100%| E|CS|TAMS 0x000000008e000000, 0x000000008e000000| Complete 
| 225|0x000000008e100000, 0x000000008e200000, 0x000000008e200000|100%| E|CS|TAMS 0x000000008e100000, 0x000000008e100000| Complete 
| 226|0x000000008e200000, 0x000000008e300000, 0x000000008e300000|100%| E|CS|TAMS 0x000000008e200000, 0x000000008e200000| Complete 
| 227|0x000000008e300000, 0x000000008e400000, 0x000000008e400000|100%| E|CS|TAMS 0x000000008e300000, 0x000000008e300000| Complete 
| 228|0x000000008e400000, 0x000000008e500000, 0x000000008e500000|100%| E|CS|TAMS 0x000000008e400000, 0x000000008e400000| Complete 
| 229|0x000000008e500000, 0x000000008e600000, 0x000000008e600000|100%| E|CS|TAMS 0x000000008e500000, 0x000000008e500000| Complete 
| 230|0x000000008e600000, 0x000000008e700000, 0x000000008e700000|100%| E|CS|TAMS 0x000000008e600000, 0x000000008e600000| Complete 
| 231|0x000000008e700000, 0x000000008e800000, 0x000000008e800000|100%| E|CS|TAMS 0x000000008e700000, 0x000000008e700000| Complete 
| 232|0x000000008e800000, 0x000000008e900000, 0x000000008e900000|100%| E|CS|TAMS 0x000000008e800000, 0x000000008e800000| Complete 
| 233|0x000000008e900000, 0x000000008ea00000, 0x000000008ea00000|100%| E|CS|TAMS 0x000000008e900000, 0x000000008e900000| Complete 
| 234|0x000000008ea00000, 0x000000008eb00000, 0x000000008eb00000|100%| E|CS|TAMS 0x000000008ea00000, 0x000000008ea00000| Complete 
| 235|0x000000008eb00000, 0x000000008ec00000, 0x000000008ec00000|100%| E|CS|TAMS 0x000000008eb00000, 0x000000008eb00000| Complete 
| 236|0x000000008ec00000, 0x000000008ed00000, 0x000000008ed00000|100%| E|CS|TAMS 0x000000008ec00000, 0x000000008ec00000| Complete 
| 237|0x000000008ed00000, 0x000000008ee00000, 0x000000008ee00000|100%| E|CS|TAMS 0x000000008ed00000, 0x000000008ed00000| Complete 
| 238|0x000000008ee00000, 0x000000008ef00000, 0x000000008ef00000|100%| E|CS|TAMS 0x000000008ee00000, 0x000000008ee00000| Complete 
| 239|0x000000008ef00000, 0x000000008f000000, 0x000000008f000000|100%| E|CS|TAMS 0x000000008ef00000, 0x000000008ef00000| Complete 
| 240|0x000000008f000000, 0x000000008f100000, 0x000000008f100000|100%| E|CS|TAMS 0x000000008f000000, 0x000000008f000000| Complete 
| 241|0x000000008f100000, 0x000000008f200000, 0x000000008f200000|100%| E|CS|TAMS 0x000000008f100000, 0x000000008f100000| Complete 
| 242|0x000000008f200000, 0x000000008f300000, 0x000000008f300000|100%| E|CS|TAMS 0x000000008f200000, 0x000000008f200000| Complete 
| 243|0x000000008f300000, 0x000000008f400000, 0x000000008f400000|100%| E|CS|TAMS 0x000000008f300000, 0x000000008f300000| Complete 
| 244|0x000000008f400000, 0x000000008f500000, 0x000000008f500000|100%| E|CS|TAMS 0x000000008f400000, 0x000000008f400000| Complete 
| 245|0x000000008f500000, 0x000000008f600000, 0x000000008f600000|100%| E|CS|TAMS 0x000000008f500000, 0x000000008f500000| Complete 

Card table byte_map: [0x000002e2af490000,0x000002e2af890000] _byte_map_base: 0x000002e2af090000

Marking Bits (Prev, Next): (CMBitMap*) 0x000002e29b931ea0, (CMBitMap*) 0x000002e29b931e68
 Prev Bits: [0x000002e2b1c90000, 0x000002e2b3c90000)
 Next Bits: [0x000002e2afc90000, 0x000002e2b1c90000)

Polling page: 0x000002e29f3e0000

Metaspace:

Usage:
  Non-class:     98.06 MB capacity,    96.16 MB ( 98%) used,     1.54 MB (  2%) free+waste,   367.19 KB ( <1%) overhead. 
      Class:     15.45 MB capacity,    14.35 MB ( 93%) used,   960.52 KB (  6%) free+waste,   167.38 KB (  1%) overhead. 
       Both:    113.50 MB capacity,   110.51 MB ( 97%) used,     2.48 MB (  2%) free+waste,   534.56 KB ( <1%) overhead. 

Virtual space:
  Non-class space:      100.00 MB reserved,      98.12 MB ( 98%) committed 
      Class space:        1.00 GB reserved,      15.52 MB (  2%) committed 
             Both:        1.10 GB reserved,     113.64 MB ( 10%) committed 

Chunk freelists:
   Non-Class:  61.00 KB
       Class:  22.00 KB
        Both:  83.00 KB

MaxMetaspaceSize: 17179869184.00 GB
CompressedClassSpaceSize: 1.00 GB

CodeHeap 'non-profiled nmethods': size=120000Kb used=8821Kb max_used=8821Kb free=111178Kb
 bounds [0x000002e2a6ed0000, 0x000002e2a7770000, 0x000002e2ae400000]
CodeHeap 'profiled nmethods': size=120000Kb used=30429Kb max_used=30429Kb free=89570Kb
 bounds [0x000002e29f9a0000, 0x000002e2a1760000, 0x000002e2a6ed0000]
CodeHeap 'non-nmethods': size=5760Kb used=2352Kb max_used=2382Kb free=3407Kb
 bounds [0x000002e29f400000, 0x000002e29f670000, 0x000002e29f9a0000]
 total_blobs=15085 nmethods=14106 adapters=890
 compilation: enabled
              stopped_count=0, restarted_count=0
 full_count=0

Compilation events (20 events):
Event: 97.818 Thread 0x000002e2b729c800 14096       3       org.gradle.internal.service.DefaultServiceRegistry::serviceRequested (42 bytes)
Event: 97.819 Thread 0x000002e2b729c800 nmethod 14096 0x000002e2a1739c90 code [0x000002e2a173a080, 0x000002e2a173ba38]
Event: 97.827 Thread 0x000002e2b729c800 14097       3       java.io.ObjectStreamClass$FieldReflectorKey::equals (78 bytes)
Event: 97.827 Thread 0x000002e2b729c800 nmethod 14097 0x000002e2a173c390 code [0x000002e2a173c580, 0x000002e2a173cce8]
Event: 97.827 Thread 0x000002e2b729c800 14099       3       java.io.ObjectInputStream::defaultReadFields (188 bytes)
Event: 97.828 Thread 0x000002e2b729c800 nmethod 14099 0x000002e2a173ce10 code [0x000002e2a173d0a0, 0x000002e2a173dd08]
Event: 97.828 Thread 0x000002e2b729c800 14105   !   3       java.io.ObjectInputStream::readSerialData (563 bytes)
Event: 97.831 Thread 0x000002e2b729c800 nmethod 14105 0x000002e2a173e190 code [0x000002e2a173e700, 0x000002e2a1741818]
Event: 97.831 Thread 0x000002e2b729c800 14102       3       java.io.ObjectStreamClass::classNamesEqual (59 bytes)
Event: 97.832 Thread 0x000002e2b729c800 nmethod 14102 0x000002e2a1742f10 code [0x000002e2a17431a0, 0x000002e2a1743c28]
Event: 97.832 Thread 0x000002e2b729c800 14098       3       java.io.ObjectStreamClass::getVariantFor (51 bytes)
Event: 97.832 Thread 0x000002e2b729c800 nmethod 14098 0x000002e2a1744090 code [0x000002e2a1744280, 0x000002e2a1744618]
Event: 97.832 Thread 0x000002e2b729c800 14101       3       java.io.ObjectStreamClass$ClassDataSlot::<init> (15 bytes)
Event: 97.832 Thread 0x000002e2b729c800 nmethod 14101 0x000002e2a1744790 code [0x000002e2a1744940, 0x000002e2a1744af8]
Event: 97.832 Thread 0x000002e2b729c800 14100       3       java.io.ObjectInputStream::defaultSetFieldValues (37 bytes)
Event: 97.833 Thread 0x000002e2b729c800 nmethod 14100 0x000002e2a1744b90 code [0x000002e2a1744d80, 0x000002e2a1745138]
Event: 97.833 Thread 0x000002e2b729c800 14103   !   3       org.gradle.internal.io.ClassLoaderObjectInputStream::resolveClass (20 bytes)
Event: 97.833 Thread 0x000002e2b729c800 nmethod 14103 0x000002e2a1745390 code [0x000002e2a1745560, 0x000002e2a1745738]
Event: 97.833 Thread 0x000002e2b729c800 14104   !   3       java.io.ObjectStreamClass::newInstance (157 bytes)
Event: 97.834 Thread 0x000002e2b729c800 nmethod 14104 0x000002e2a1745890 code [0x000002e2a1745ca0, 0x000002e2a1747878]

GC Heap History (20 events):
Event: 6.518 GC heap before
{Heap before GC invocations=8 (full 0):
 garbage-first heap   total 251904K, used 157621K [0x0000000080000000, 0x0000000100000000)
  region size 1024K, 131 young (134144K), 12 survivors (12288K)
 Metaspace       used 54073K, capacity 55531K, committed 55628K, reserved 1097728K
  class space    used 6872K, capacity 7410K, committed 7500K, reserved 1048576K
}
Event: 6.530 GC heap after
{Heap after GC invocations=9 (full 0):
 garbage-first heap   total 251904K, used 47561K [0x0000000080000000, 0x0000000100000000)
  region size 1024K, 17 young (17408K), 17 survivors (17408K)
 Metaspace       used 54073K, capacity 55531K, committed 55628K, reserved 1097728K
  class space    used 6872K, capacity 7410K, committed 7500K, reserved 1048576K
}
Event: 6.900 GC heap before
{Heap before GC invocations=9 (full 0):
 garbage-first heap   total 251904K, used 74185K [0x0000000080000000, 0x0000000100000000)
  region size 1024K, 44 young (45056K), 17 survivors (17408K)
 Metaspace       used 58698K, capacity 60136K, committed 60236K, reserved 1101824K
  class space    used 7415K, capacity 7961K, committed 8012K, reserved 1048576K
}
Event: 6.914 GC heap after
{Heap after GC invocations=10 (full 0):
 garbage-first heap   total 251904K, used 51434K [0x0000000080000000, 0x0000000100000000)
  region size 1024K, 4 young (4096K), 4 survivors (4096K)
 Metaspace       used 58698K, capacity 60136K, committed 60236K, reserved 1101824K
  class space    used 7415K, capacity 7961K, committed 8012K, reserved 1048576K
}
Event: 7.761 GC heap before
{Heap before GC invocations=11 (full 0):
 garbage-first heap   total 251904K, used 138474K [0x0000000080000000, 0x0000000100000000)
  region size 1024K, 89 young (91136K), 4 survivors (4096K)
 Metaspace       used 66745K, capacity 68188K, committed 68428K, reserved 1107968K
  class space    used 8416K, capacity 8963K, committed 9036K, reserved 1048576K
}
Event: 7.766 GC heap after
{Heap after GC invocations=12 (full 0):
 garbage-first heap   total 251904K, used 55931K [0x0000000080000000, 0x0000000100000000)
  region size 1024K, 8 young (8192K), 8 survivors (8192K)
 Metaspace       used 66745K, capacity 68188K, committed 68428K, reserved 1107968K
  class space    used 8416K, capacity 8963K, committed 9036K, reserved 1048576K
}
Event: 8.895 GC heap before
{Heap before GC invocations=12 (full 0):
 garbage-first heap   total 251904K, used 149115K [0x0000000080000000, 0x0000000100000000)
  region size 1024K, 99 young (101376K), 8 survivors (8192K)
 Metaspace       used 75008K, capacity 76687K, committed 76876K, reserved 1116160K
  class space    used 9663K, capacity 10275K, committed 10316K, reserved 1048576K
}
Event: 8.903 GC heap after
{Heap after GC invocations=13 (full 0):
 garbage-first heap   total 251904K, used 62877K [0x0000000080000000, 0x0000000100000000)
  region size 1024K, 13 young (13312K), 13 survivors (13312K)
 Metaspace       used 75008K, capacity 76687K, committed 76876K, reserved 1116160K
  class space    used 9663K, capacity 10275K, committed 10316K, reserved 1048576K
}
Event: 10.048 GC heap before
{Heap before GC invocations=13 (full 0):
 garbage-first heap   total 251904K, used 159133K [0x0000000080000000, 0x0000000100000000)
  region size 1024K, 108 young (110592K), 13 survivors (13312K)
 Metaspace       used 84226K, capacity 86268K, committed 86348K, reserved 1124352K
  class space    used 10831K, capacity 11562K, committed 11596K, reserved 1048576K
}
Event: 10.062 GC heap after
{Heap after GC invocations=14 (full 0):
 garbage-first heap   total 251904K, used 70748K [0x0000000080000000, 0x0000000100000000)
  region size 1024K, 14 young (14336K), 14 survivors (14336K)
 Metaspace       used 84226K, capacity 86268K, committed 86348K, reserved 1124352K
  class space    used 10831K, capacity 11562K, committed 11596K, reserved 1048576K
}
Event: 10.765 GC heap before
{Heap before GC invocations=14 (full 0):
 garbage-first heap   total 251904K, used 167004K [0x0000000080000000, 0x0000000100000000)
  region size 1024K, 109 young (111616K), 14 survivors (14336K)
 Metaspace       used 86369K, capacity 88889K, committed 89036K, reserved 1126400K
  class space    used 11188K, capacity 12124K, committed 12236K, reserved 1048576K
}
Event: 10.778 GC heap after
{Heap after GC invocations=15 (full 0):
 garbage-first heap   total 251904K, used 78758K [0x0000000080000000, 0x0000000100000000)
  region size 1024K, 8 young (8192K), 8 survivors (8192K)
 Metaspace       used 86369K, capacity 88889K, committed 89036K, reserved 1126400K
  class space    used 11188K, capacity 12124K, committed 12236K, reserved 1048576K
}
Event: 11.402 GC heap before
{Heap before GC invocations=15 (full 0):
 garbage-first heap   total 251904K, used 176038K [0x0000000080000000, 0x0000000100000000)
  region size 1024K, 103 young (105472K), 8 survivors (8192K)
 Metaspace       used 90325K, capacity 92810K, committed 93132K, reserved 1130496K
  class space    used 11676K, capacity 12614K, committed 12748K, reserved 1048576K
}
Event: 11.410 GC heap after
{Heap after GC invocations=16 (full 0):
 garbage-first heap   total 251904K, used 82340K [0x0000000080000000, 0x0000000100000000)
  region size 1024K, 11 young (11264K), 11 survivors (11264K)
 Metaspace       used 90325K, capacity 92810K, committed 93132K, reserved 1130496K
  class space    used 11676K, capacity 12614K, committed 12748K, reserved 1048576K
}
Event: 13.085 GC heap before
{Heap before GC invocations=16 (full 0):
 garbage-first heap   total 251904K, used 181668K [0x0000000080000000, 0x0000000100000000)
  region size 1024K, 109 young (111616K), 11 survivors (11264K)
 Metaspace       used 96200K, capacity 98901K, committed 99020K, reserved 1134592K
  class space    used 12421K, capacity 13417K, committed 13516K, reserved 1048576K
}
Event: 13.095 GC heap after
{Heap after GC invocations=17 (full 0):
 garbage-first heap   total 251904K, used 89643K [0x0000000080000000, 0x0000000100000000)
  region size 1024K, 13 young (13312K), 13 survivors (13312K)
 Metaspace       used 96200K, capacity 98901K, committed 99020K, reserved 1134592K
  class space    used 12421K, capacity 13417K, committed 13516K, reserved 1048576K
}
Event: 24.464 GC heap before
{Heap before GC invocations=17 (full 0):
 garbage-first heap   total 251904K, used 108075K [0x0000000080000000, 0x0000000100000000)
  region size 1024K, 32 young (32768K), 13 survivors (13312K)
 Metaspace       used 98247K, capacity 100949K, committed 101036K, reserved 1136640K
  class space    used 12689K, capacity 13735K, committed 13772K, reserved 1048576K
}
Event: 24.471 GC heap after
{Heap after GC invocations=18 (full 0):
 garbage-first heap   total 251904K, used 88455K [0x0000000080000000, 0x0000000100000000)
  region size 1024K, 6 young (6144K), 6 survivors (6144K)
 Metaspace       used 98247K, capacity 100949K, committed 101036K, reserved 1136640K
  class space    used 12689K, capacity 13735K, committed 13772K, reserved 1048576K
}
Event: 97.078 GC heap before
{Heap before GC invocations=19 (full 0):
 garbage-first heap   total 251904K, used 191879K [0x0000000080000000, 0x0000000100000000)
  region size 1024K, 108 young (110592K), 6 survivors (6144K)
 Metaspace       used 103212K, capacity 105811K, committed 106512K, reserved 1142784K
  class space    used 13019K, capacity 13919K, committed 14232K, reserved 1048576K
}
Event: 97.094 GC heap after
{Heap after GC invocations=20 (full 0):
 garbage-first heap   total 251904K, used 95623K [0x0000000080000000, 0x0000000100000000)
  region size 1024K, 13 young (13312K), 13 survivors (13312K)
 Metaspace       used 103212K, capacity 105811K, committed 106512K, reserved 1142784K
  class space    used 13019K, capacity 13919K, committed 14232K, reserved 1048576K
}

Deoptimization events (20 events):
Event: 97.785 Thread 0x000002e2bb1cd800 Uncommon trap: trap_request=0xffffffde fr.pc=0x000002e2a74b1858 relative=0x0000000000001038
Event: 97.785 Thread 0x000002e2bb1cd800 Uncommon trap: reason=class_check action=maybe_recompile pc=0x000002e2a74b1858 method=org.gradle.internal.snapshot.ChildMap$Entry.handleAncestorDescendantOrExactMatch(Lorg/gradle/internal/snapshot/VfsRelativePath;Lorg/gradle/internal/snapshot/CaseSensitiv
Event: 97.785 Thread 0x000002e2bb1cd800 DEOPT PACKING pc=0x000002e2a74b1858 sp=0x000000eb27dfb980
Event: 97.785 Thread 0x000002e2bb1cd800 DEOPT UNPACKING pc=0x000002e29f4278af sp=0x000000eb27dfb950 mode 2
Event: 97.791 Thread 0x000002e2bb1cd800 Uncommon trap: trap_request=0xffffffc6 fr.pc=0x000002e2a760808c relative=0x0000000000000e6c
Event: 97.791 Thread 0x000002e2bb1cd800 Uncommon trap: reason=bimorphic_or_optimized_type_check action=maybe_recompile pc=0x000002e2a760808c method=org.gradle.internal.snapshot.SingletonChildMap.visitChildren(Ljava/util/function/BiConsumer;)V @ 15 c2
Event: 97.791 Thread 0x000002e2bb1cd800 DEOPT PACKING pc=0x000002e2a760808c sp=0x000000eb27dfa3a0
Event: 97.791 Thread 0x000002e2bb1cd800 DEOPT UNPACKING pc=0x000002e29f4278af sp=0x000000eb27dfa370 mode 2
Event: 97.804 Thread 0x000002e2bb1cd800 Uncommon trap: trap_request=0xffffffc6 fr.pc=0x000002e2a76e6e30 relative=0x0000000000000350
Event: 97.804 Thread 0x000002e2bb1cd800 Uncommon trap: reason=bimorphic_or_optimized_type_check action=maybe_recompile pc=0x000002e2a76e6e30 method=java.util.ArrayList$ArrayListSpliterator.tryAdvance(Ljava/util/function/Consumer;)Z @ 48 c2
Event: 97.804 Thread 0x000002e2bb1cd800 DEOPT PACKING pc=0x000002e2a76e6e30 sp=0x000000eb27dfa370
Event: 97.804 Thread 0x000002e2bb1cd800 DEOPT UNPACKING pc=0x000002e29f4278af sp=0x000000eb27dfa300 mode 2
Event: 97.816 Thread 0x000002e2bb1cd800 Uncommon trap: trap_request=0xffffff4d fr.pc=0x000002e2a74dc038 relative=0x0000000000000098
Event: 97.816 Thread 0x000002e2bb1cd800 Uncommon trap: reason=unstable_if action=reinterpret pc=0x000002e2a74dc038 method=java.lang.Integer.stringSize(I)I @ 3 c2
Event: 97.816 Thread 0x000002e2bb1cd800 DEOPT PACKING pc=0x000002e2a74dc038 sp=0x000000eb27dfa030
Event: 97.816 Thread 0x000002e2bb1cd800 DEOPT UNPACKING pc=0x000002e29f4278af sp=0x000000eb27df9fb0 mode 2
Event: 97.816 Thread 0x000002e2bb1cd800 Uncommon trap: trap_request=0xffffff4d fr.pc=0x000002e2a73e16b0 relative=0x0000000000000270
Event: 97.816 Thread 0x000002e2bb1cd800 Uncommon trap: reason=unstable_if action=reinterpret pc=0x000002e2a73e16b0 method=java.lang.Integer.getChars(II[B)I @ 4 c2
Event: 97.816 Thread 0x000002e2bb1cd800 DEOPT PACKING pc=0x000002e2a73e16b0 sp=0x000000eb27dfa020
Event: 97.816 Thread 0x000002e2bb1cd800 DEOPT UNPACKING pc=0x000002e29f4278af sp=0x000000eb27df9f98 mode 2

Classes redefined (0 events):
No events

Internal exceptions (20 events):
Event: 97.360 Thread 0x000002e2b985e800 Exception <a 'java/lang/IncompatibleClassChangeError'{0x000000008e60e2b8}: Found class java.lang.Object, but interface was expected> (0x000000008e60e2b8) thrown at [./src/hotspot/share/interpreter/linkResolver.cpp, line 839]
Event: 97.360 Thread 0x000002e2b985e800 Exception <a 'java/lang/IncompatibleClassChangeError'{0x000000008e6172e0}: Found class java.lang.Object, but interface was expected> (0x000000008e6172e0) thrown at [./src/hotspot/share/interpreter/linkResolver.cpp, line 839]
Event: 97.374 Thread 0x000002e2b985e800 Exception <a 'java/lang/NoSuchMethodError'{0x000000008e6e5130}: 'void java.lang.invoke.DirectMethodHandle$Holder.invokeVirtual(java.lang.Object, java.lang.Object, int, java.lang.Object)'> (0x000000008e6e5130) thrown at [./src/hotspot/share/interpreter/linkResolver.cpp, line 773]
Event: 97.418 Thread 0x000002e2b985e800 Exception <a 'java/lang/NoSuchMethodError'{0x000000008e333d10}: 'java.lang.Object java.lang.invoke.DirectMethodHandle$Holder.newInvokeSpecial(java.lang.Object, int)'> (0x000000008e333d10) thrown at [./src/hotspot/share/interpreter/linkResolver.cpp, line 773]
Event: 97.488 Thread 0x000002e2b985e800 Exception <a 'java/lang/NoSuchMethodError'{0x000000008e010b18}: 'java.lang.Object java.lang.invoke.DirectMethodHandle$Holder.invokeSpecial(java.lang.Object, java.lang.Object, java.lang.Object, java.lang.Object, java.lang.Object, java.lang.Object, java.lang.Object, java.lang.Object, java.lang.Object, java.lang.Object, java.lang.Object)'> (0x000000008e010b18) thrown at [./src/hotspot/share/interpreter/linkResolver.cpp, line 773]
Event: 97.489 Thread 0x000002e2b985e800 Exception <a 'java/lang/NoSuchMethodError'{0x000000008e01bf80}: 'java.lang.Object java.lang.invoke.Invokers$Holder.linkToTargetMethod(java.lang.Object, java.lang.Object, java.lang.Object, java.lang.Object, java.lang.Object, java.lang.Object, java.lang.Object, java.lang.Object, java.lang.Object, java.lang.Object)'> (0x000000008e01bf80) thrown at [./src/hotspot/share/interpreter/linkResolver.cpp, line 773]
Event: 97.493 Thread 0x000002e2b985e800 Exception <a 'java/lang/NoSuchMethodError'{0x000000008e03ca60}: 'long java.lang.invoke.DirectMethodHandle$Holder.invokeStatic(java.lang.Object, java.lang.Object)'> (0x000000008e03ca60) thrown at [./src/hotspot/share/interpreter/linkResolver.cpp, line 773]
Event: 97.498 Thread 0x000002e2b985e800 Exception <a 'java/lang/IncompatibleClassChangeError'{0x000000008e075610}: Found class java.lang.Object, but interface was expected> (0x000000008e075610) thrown at [./src/hotspot/share/interpreter/linkResolver.cpp, line 839]
Event: 97.542 Thread 0x000002e2b985e800 Exception <a 'java/lang/NoSuchMethodError'{0x000000008de86ed8}: 'void java.lang.invoke.DirectMethodHandle$Holder.invokeSpecial(java.lang.Object, java.lang.Object, int, java.lang.Object, java.lang.Object, java.lang.Object, java.lang.Object)'> (0x000000008de86ed8) thrown at [./src/hotspot/share/interpreter/linkResolver.cpp, line 773]
Event: 97.543 Thread 0x000002e2b985e800 Exception <a 'java/lang/NoSuchMethodError'{0x000000008de92488}: 'java.lang.Object java.lang.invoke.Invokers$Holder.linkToTargetMethod(java.lang.Object, int, java.lang.Object, java.lang.Object, java.lang.Object, java.lang.Object)'> (0x000000008de92488) thrown at [./src/hotspot/share/interpreter/linkResolver.cpp, line 773]
Event: 97.543 Thread 0x000002e2b985e800 Exception <a 'java/lang/NoSuchMethodError'{0x000000008de96210}: 'void java.lang.invoke.DirectMethodHandle$Holder.invokeSpecial(java.lang.Object, java.lang.Object, java.lang.Object, java.lang.Object, java.lang.Object, java.lang.Object, java.lang.Object, java.lang.Object, java.lang.Object)'> (0x000000008de96210) thrown at [./src/hotspot/share/interpreter/linkResolver.cpp, line 773]
Event: 97.559 Thread 0x000002e2b985e800 Exception <a 'java/lang/NoSuchMethodError'{0x000000008dd80778}: 'void java.lang.invoke.DirectMethodHandle$Holder.invokeStatic(java.lang.Object, java.lang.Object, java.lang.Object, java.lang.Object, java.lang.Object, java.lang.Object, java.lang.Object, java.lang.Object)'> (0x000000008dd80778) thrown at [./src/hotspot/share/interpreter/linkResolver.cpp, line 773]
Event: 97.590 Thread 0x000002e2b985e800 Exception <a 'java/lang/IncompatibleClassChangeError'{0x000000008db6fd50}: Found class java.lang.Object, but interface was expected> (0x000000008db6fd50) thrown at [./src/hotspot/share/interpreter/linkResolver.cpp, line 839]
Event: 97.603 Thread 0x000002e2b985e800 Exception <a 'java/lang/NoSuchMethodError'{0x000000008da60a88}: 'void java.lang.invoke.DirectMethodHandle$Holder.invokeVirtual(java.lang.Object, java.lang.Object, int)'> (0x000000008da60a88) thrown at [./src/hotspot/share/interpreter/linkResolver.cpp, line 773]
Event: 97.619 Thread 0x000002e2b985e800 Exception <a 'sun/nio/fs/WindowsException'{0x000000008daea900}> (0x000000008daea900) thrown at [./src/hotspot/share/prims/jni.cpp, line 615]
Event: 97.646 Thread 0x000002e2bb1cd800 Exception <a 'java/lang/NoSuchMethodError'{0x000000008d703c18}: <clinit>> (0x000000008d703c18) thrown at [./src/hotspot/share/prims/jni.cpp, line 1362]
Event: 97.698 Thread 0x000002e2b9869000 Exception <a 'sun/nio/fs/WindowsException'{0x000000008d4c8378}> (0x000000008d4c8378) thrown at [./src/hotspot/share/prims/jni.cpp, line 615]
Event: 97.767 Thread 0x000002e2b9869000 Exception <a 'sun/nio/fs/WindowsException'{0x000000008cf74ec0}> (0x000000008cf74ec0) thrown at [./src/hotspot/share/prims/jni.cpp, line 615]
Event: 97.800 Thread 0x000002e2bb1cd800 Exception <a 'sun/nio/fs/WindowsException'{0x000000008ce77b60}> (0x000000008ce77b60) thrown at [./src/hotspot/share/prims/jni.cpp, line 615]
Event: 97.801 Thread 0x000002e2bb1cd800 Exception <a 'sun/nio/fs/WindowsException'{0x000000008ce789a0}> (0x000000008ce789a0) thrown at [./src/hotspot/share/prims/jni.cpp, line 615]

Events (20 events):
Event: 97.842 loading class com/android/builder/files/DirectoryEntry
Event: 97.842 loading class com/android/builder/files/DirectoryEntry done
Event: 97.843 loading class com/android/ide/common/resources/FileStatus
Event: 97.843 loading class com/android/ide/common/resources/FileStatus done
Event: 97.843 loading class com/android/builder/files/RelativeFile
Event: 97.843 loading class com/android/builder/files/RelativeFile done
Event: 97.843 loading class com/android/ide/common/resources/FileStatus
Event: 97.843 loading class com/android/ide/common/resources/FileStatus done
Event: 97.843 loading class com/google/common/collect/Maps$AsMapView
Event: 97.843 loading class com/google/common/collect/Maps$AsMapView done
Event: 97.844 loading class com/google/common/collect/Maps$ViewCachingAbstractMap
Event: 97.844 loading class com/google/common/collect/Maps$ViewCachingAbstractMap done
Event: 97.844 loading class com/google/common/collect/Maps$AsMapView$1EntrySetImpl
Event: 97.844 loading class com/google/common/collect/Maps$AsMapView$1EntrySetImpl done
Event: 97.844 loading class com/google/common/collect/Maps$EntrySet
Event: 97.844 loading class com/google/common/collect/Maps$EntrySet done
Event: 97.845 loading class com/google/common/collect/Maps$3
Event: 97.845 loading class com/google/common/collect/Maps$3 done
Event: 97.845 loading class com/google/common/collect/TransformedIterator
Event: 97.845 loading class com/google/common/collect/TransformedIterator done


Dynamic libraries:
0x00007ff64e880000 - 0x00007ff64e88a000 	C:\Program Files\Android\Android Studio\jre\bin\java.exe
0x00007ffab73f0000 - 0x00007ffab75e5000 	C:\Windows\SYSTEM32\ntdll.dll
0x00007ffab6f50000 - 0x00007ffab700d000 	C:\Windows\System32\KERNEL32.DLL
0x00007ffab4cf0000 - 0x00007ffab4fb8000 	C:\Windows\System32\KERNELBASE.dll
0x00007ffab4b30000 - 0x00007ffab4c30000 	C:\Windows\System32\ucrtbase.dll
0x00007ffaae940000 - 0x00007ffaae957000 	C:\Program Files\Android\Android Studio\jre\bin\VCRUNTIME140.dll
0x00007ffaaea00000 - 0x00007ffaaea19000 	C:\Program Files\Android\Android Studio\jre\bin\jli.dll
0x00007ffab5b00000 - 0x00007ffab5ca0000 	C:\Windows\System32\USER32.dll
0x00007ffab4c30000 - 0x00007ffab4c52000 	C:\Windows\System32\win32u.dll
0x00007ffa9b070000 - 0x00007ffa9b30a000 	C:\Windows\WinSxS\amd64_microsoft.windows.common-controls_6595b64144ccf1df_6.0.19041.844_none_ca00b6081b84eb1d\COMCTL32.dll
0x00007ffab54b0000 - 0x00007ffab54da000 	C:\Windows\System32\GDI32.dll
0x00007ffab5340000 - 0x00007ffab544b000 	C:\Windows\System32\gdi32full.dll
0x00007ffab7230000 - 0x00007ffab72ce000 	C:\Windows\System32\msvcrt.dll
0x00007ffab5010000 - 0x00007ffab50ad000 	C:\Windows\System32\msvcp_win.dll
0x00007ffab6520000 - 0x00007ffab6550000 	C:\Windows\System32\IMM32.DLL
0x00007ffa970f0000 - 0x00007ffa9718d000 	C:\Program Files\Android\Android Studio\jre\bin\msvcp140.dll
0x00007ffa75720000 - 0x00007ffa761ef000 	C:\Program Files\Android\Android Studio\jre\bin\server\jvm.dll
0x00007ffab6db0000 - 0x00007ffab6e5c000 	C:\Windows\System32\ADVAPI32.dll
0x00007ffab7010000 - 0x00007ffab70ab000 	C:\Windows\System32\sechost.dll
0x00007ffab6000000 - 0x00007ffab612b000 	C:\Windows\System32\RPCRT4.dll
0x00007ffab72d0000 - 0x00007ffab72d8000 	C:\Windows\System32\PSAPI.DLL
0x00007ffaac020000 - 0x00007ffaac02a000 	C:\Windows\SYSTEM32\VERSION.dll
0x00007ffa9aa40000 - 0x00007ffa9aa49000 	C:\Windows\SYSTEM32\WSOCK32.dll
0x00007ffaac030000 - 0x00007ffaac057000 	C:\Windows\SYSTEM32\WINMM.dll
0x00007ffab6260000 - 0x00007ffab62cb000 	C:\Windows\System32\WS2_32.dll
0x00007ffab33c0000 - 0x00007ffab33d2000 	C:\Windows\SYSTEM32\kernel.appcore.dll
0x00007ffab3360000 - 0x00007ffab3371000 	C:\Program Files\Android\Android Studio\jre\bin\verify.dll
0x00007ffab2f80000 - 0x00007ffab3164000 	C:\Windows\SYSTEM32\DBGHELP.DLL
0x00007ffaa5330000 - 0x00007ffaa535c000 	C:\Windows\SYSTEM32\dbgcore.DLL
0x00007ffab52c0000 - 0x00007ffab5340000 	C:\Windows\System32\bcryptPrimitives.dll
0x00007ffaaea20000 - 0x00007ffaaea49000 	C:\Program Files\Android\Android Studio\jre\bin\java.dll
0x00007ffab3340000 - 0x00007ffab334b000 	C:\Program Files\Android\Android Studio\jre\bin\jimage.dll
0x00007ffab3280000 - 0x00007ffab3298000 	C:\Program Files\Android\Android Studio\jre\bin\zip.dll
0x00007ffab65e0000 - 0x00007ffab6d22000 	C:\Windows\System32\SHELL32.dll
0x00007ffab2720000 - 0x00007ffab2eb1000 	C:\Windows\SYSTEM32\windows.storage.dll
0x00007ffab5ca0000 - 0x00007ffab5ff5000 	C:\Windows\System32\combase.dll
0x00007ffab4530000 - 0x00007ffab455c000 	C:\Windows\SYSTEM32\Wldp.dll
0x00007ffab6130000 - 0x00007ffab61de000 	C:\Windows\System32\SHCORE.dll
0x00007ffab6d50000 - 0x00007ffab6da5000 	C:\Windows\System32\shlwapi.dll
0x00007ffab4a70000 - 0x00007ffab4a8f000 	C:\Windows\SYSTEM32\profapi.dll
0x00007ffaae960000 - 0x00007ffaae97a000 	C:\Program Files\Android\Android Studio\jre\bin\net.dll
0x00007ffaaf460000 - 0x00007ffaaf56b000 	C:\Windows\SYSTEM32\WINHTTP.dll
0x00007ffab4240000 - 0x00007ffab42aa000 	C:\Windows\system32\mswsock.dll
0x00007ffaae790000 - 0x00007ffaae7a4000 	C:\Program Files\Android\Android Studio\jre\bin\nio.dll
0x00007ffa9cb10000 - 0x00007ffa9cb37000 	C:\Users\ojhdt\.gradle\native\8bec1ad78214c89d9ad589b4d07fe93259594b29d510b10fafb7a158f7737e5d\windows-amd64\native-platform.dll
0x00007ffa961d0000 - 0x00007ffa9630d000 	C:\Users\ojhdt\.gradle\native\53dbd7edfb1c66fb8903c78663c9afc45aea4f116125fa6feffd364cf09443e8\windows-amd64\native-platform-file-events.dll
0x00007ffab3330000 - 0x00007ffab333a000 	C:\Program Files\Android\Android Studio\jre\bin\management.dll
0x00007ffab0000000 - 0x00007ffab000c000 	C:\Program Files\Android\Android Studio\jre\bin\management_ext.dll
0x00007ffab4410000 - 0x00007ffab4428000 	C:\Windows\SYSTEM32\CRYPTSP.dll
0x00007ffab3bb0000 - 0x00007ffab3be4000 	C:\Windows\system32\rsaenh.dll
0x00007ffab4c60000 - 0x00007ffab4c87000 	C:\Windows\System32\bcrypt.dll
0x00007ffab49f0000 - 0x00007ffab4a1e000 	C:\Windows\SYSTEM32\USERENV.dll
0x00007ffab4430000 - 0x00007ffab443c000 	C:\Windows\SYSTEM32\CRYPTBASE.dll
0x00007ffab3f30000 - 0x00007ffab3f6b000 	C:\Windows\SYSTEM32\IPHLPAPI.DLL
0x00007ffab6f40000 - 0x00007ffab6f48000 	C:\Windows\System32\NSI.dll
0x00007ffaad180000 - 0x00007ffaad197000 	C:\Windows\SYSTEM32\dhcpcsvc6.DLL
0x00007ffaad060000 - 0x00007ffaad07d000 	C:\Windows\SYSTEM32\dhcpcsvc.DLL
0x00007ffab3f70000 - 0x00007ffab403c000 	C:\Windows\SYSTEM32\DNSAPI.dll
0x00007ffab33a0000 - 0x00007ffab33a8000 	C:\Program Files\Android\Android Studio\jre\bin\rmi.dll
0x00007ffaae920000 - 0x00007ffaae93e000 	C:\Users\ojhdt\AppData\Local\Temp\native-platform7782313281663046267dir\native-platform.dll
0x00007ffa9f3d0000 - 0x00007ffa9f3f7000 	C:\Program Files\Android\Android Studio\jre\bin\sunec.dll

dbghelp: loaded successfully - version: 4.0.5 - missing functions: none
symbol engine: initialized successfully - sym options: 0x614 - pdb path: .;C:\Program Files\Android\Android Studio\jre\bin;C:\Windows\SYSTEM32;C:\Windows\WinSxS\amd64_microsoft.windows.common-controls_6595b64144ccf1df_6.0.19041.844_none_ca00b6081b84eb1d;C:\Program Files\Android\Android Studio\jre\bin\server;C:\Users\ojhdt\.gradle\native\8bec1ad78214c89d9ad589b4d07fe93259594b29d510b10fafb7a158f7737e5d\windows-amd64;C:\Users\ojhdt\.gradle\native\53dbd7edfb1c66fb8903c78663c9afc45aea4f116125fa6feffd364cf09443e8\windows-amd64;C:\Users\ojhdt\AppData\Local\Temp\native-platform7782313281663046267dir

VM Arguments:
jvm_args: --add-opens=java.base/java.util=ALL-UNNAMED --add-opens=java.base/java.lang=ALL-UNNAMED --add-opens=java.base/java.lang.invoke=ALL-UNNAMED --add-opens=java.base/java.util=ALL-UNNAMED --add-opens=java.prefs/java.util.prefs=ALL-UNNAMED --add-opens=java.prefs/java.util.prefs=ALL-UNNAMED --add-opens=java.base/java.nio.charset=ALL-UNNAMED --add-opens=java.base/java.net=ALL-UNNAMED --add-opens=java.base/java.util.concurrent.atomic=ALL-UNNAMED -Xmx2048m -Dfile.encoding=UTF-8 -Duser.country=CN -Duser.language=zh -Duser.variant 
java_command: org.gradle.launcher.daemon.bootstrap.GradleDaemon 7.0.2
java_class_path (initial): C:\Users\ojhdt\.gradle\wrapper\dists\gradle-7.0.2-bin\857tjihv64xamwrf0h14cai3r\gradle-7.0.2\lib\gradle-launcher-7.0.2.jar
Launcher Type: SUN_STANDARD

[Global flags]
     intx CICompilerCount                          = 4                                         {product} {ergonomic}
     uint ConcGCThreads                            = 3                                         {product} {ergonomic}
     uint G1ConcRefinementThreads                  = 10                                        {product} {ergonomic}
   size_t G1HeapRegionSize                         = 1048576                                   {product} {ergonomic}
    uintx GCDrainStackTargetSize                   = 64                                        {product} {ergonomic}
   size_t InitialHeapSize                          = 257949696                                 {product} {ergonomic}
   size_t MarkStackSize                            = 4194304                                   {product} {ergonomic}
   size_t MaxHeapSize                              = 2147483648                                {product} {command line}
   size_t MaxNewSize                               = 1287651328                                {product} {ergonomic}
   size_t MinHeapDeltaBytes                        = 1048576                                   {product} {ergonomic}
    uintx NonNMethodCodeHeapSize                   = 5836300                                {pd product} {ergonomic}
    uintx NonProfiledCodeHeapSize                  = 122910970                              {pd product} {ergonomic}
    uintx ProfiledCodeHeapSize                     = 122910970                              {pd product} {ergonomic}
    uintx ReservedCodeCacheSize                    = 251658240                              {pd product} {ergonomic}
     bool SegmentedCodeCache                       = true                                      {product} {ergonomic}
     bool UseCompressedClassPointers               = true                                 {lp64_product} {ergonomic}
     bool UseCompressedOops                        = true                                 {lp64_product} {ergonomic}
     bool UseG1GC                                  = true                                      {product} {ergonomic}
     bool UseLargePagesIndividualAllocation        = false                                  {pd product} {ergonomic}

Logging:
Log output configuration:
 #0: stdout all=warning uptime,level,tags
 #1: stderr all=off uptime,level,tags

Environment Variables:
PATH=C:\Program Files\Eclipse Foundation\jdk-11.0.12.7-hotspot\bin;C:\Program Files (x86)\Common Files\Intel\Shared Libraries\redist\intel64\compiler;C:\Program Files (x86)\Common Files\Oracle\Java\javapath;C:\Program Files (x86)\NetSarang\Xshell 6\;C:\Windows\system32;C:\Windows;C:\Windows\System32\Wbem;C:\Windows\System32\WindowsPowerShell\v1.0\;C:\Windows\System32\OpenSSH\;C:\Program Files\Git\cmd;C:\mingw-w64\x86_64-8.1.0-win32-seh-rt_v6-rev0\mingw64\bin;C:\Program Files\Common Files\Autodesk Shared\;C:\Program Files (x86)\nodejs\;C:\Program Files (x86)\ZeroTier\One\;C:\Users\ojhdt\AppData\Local\Android\Sdk\platform-tools;C:\Users\ojhdt\AppData\Local\Programs\Python\Python36\Scripts\;C:\Users\ojhdt\AppData\Local\Programs\Python\Python36\;C:\Users\ojhdt\AppData\Local\Microsoft\WindowsApps;C:\Users\ojhdt\AppData\Local\GitHubDesktop\bin;C:\Users\ojhdt\AppData\Local\Programs\Microsoft VS Code\bin;C:\src\flutter\bin;C:\Users\ojhdt\AppData\Local\nvs\;C:\Users\ojhdt\AppData\Roaming\npm
USERNAME=ojhdt
OS=Windows_NT
PROCESSOR_IDENTIFIER=AMD64 Family 23 Model 96 Stepping 1, AuthenticAMD



---------------  S Y S T E M  ---------------

OS: Windows 10 , 64 bit Build 19041 (10.0.19041.928)
OS uptime: 3 days 2:47 hours
Hyper-V role detected

CPU:total 12 (initial active 12) (12 cores per cpu, 2 threads per core) family 23 model 96 stepping 1 microcode 0x0, cmov, cx8, fxsr, mmx, sse, sse2, sse3, ssse3, sse4.1, sse4.2, popcnt, avx, avx2, aes, clmul, mmxext, 3dnowpref, lzcnt, sse4a, ht, tsc, tscinvbit, tscinv, bmi1, bmi2, adx, 

Memory: 4k page, system-wide physical 15741M (3976M free)
TotalPageFile size 16541M (AvailPageFile size 5M)
current process WorkingSet (physical memory assigned to process): 546M, peak: 546M
current process commit charge ("private bytes"): 608M, peak: 609M

vm_info: OpenJDK 64-Bit Server VM (11.0.10+0-b96-7249189) for windows-amd64 JRE (11.0.10+0-b96-7249189), built on Mar 31 2021 21:44:00 by "builder" with MS VC++ 14.0 (VS2015)

END.
