#
# There is insufficient memory for the Java Runtime Environment to continue.
# Native memory allocation (malloc) failed to allocate 1133296 bytes for Chunk::new
# Possible reasons:
#   The system is out of physical RAM or swap space
#   The process is running with CompressedOops enabled, and the Java Heap may be blocking the growth of the native heap
# Possible solutions:
#   Reduce memory load on the system
#   Increase physical memory or swap space
#   Check if swap backing store is full
#   Decrease Java heap size (-Xmx/-Xms)
#   Decrease number of Java threads
#   Decrease Java thread stack sizes (-Xss)
#   Set larger code cache with -XX:ReservedCodeCacheSize=
#   JVM is running with Unscaled Compressed Oops mode in which the Java heap is
#     placed in the first 4GB address space. The Java Heap base address is the
#     maximum limit for the native heap growth. Please use -XX:HeapBaseMinAddress
#     to set the Java Heap base and to place the Java Heap above 4GB virtual address.
# This output file may be truncated or incomplete.
#
#  Out of Memory Error (./src/hotspot/share/memory/arena.cpp:197), pid=4740, tid=6880
#
# JRE version: OpenJDK Runtime Environment (11.0.10) (build 11.0.10+0-b96-7249189)
# Java VM: OpenJDK 64-Bit Server VM (11.0.10+0-b96-7249189, mixed mode, tiered, compressed oops, g1 gc, windows-amd64)
# No core dump will be written. Minidumps are not enabled by default on client versions of Windows
#

---------------  S U M M A R Y ------------

Command Line: --add-opens=java.base/java.util=ALL-UNNAMED --add-opens=java.base/java.lang=ALL-UNNAMED --add-opens=java.base/java.lang.invoke=ALL-UNNAMED --add-opens=java.base/java.util=ALL-UNNAMED --add-opens=java.prefs/java.util.prefs=ALL-UNNAMED --add-opens=java.prefs/java.util.prefs=ALL-UNNAMED --add-opens=java.base/java.nio.charset=ALL-UNNAMED --add-opens=java.base/java.net=ALL-UNNAMED --add-opens=java.base/java.util.concurrent.atomic=ALL-UNNAMED -Xmx2048m -Dfile.encoding=UTF-8 -Duser.country=CN -Duser.language=zh -Duser.variant org.gradle.launcher.daemon.bootstrap.GradleDaemon 7.0.2

Host: AMD Ryzen 5 4600U with Radeon Graphics         , 12 cores, 15G,  Windows 10 , 64 bit Build 19041 (10.0.19041.928)
Time: Wed Sep  1 00:28:51 2021 中国标准时间 elapsed time: 11.698693 seconds (0d 0h 0m 11s)

---------------  T H R E A D  ---------------

Current thread (0x00000261efd84000):  JavaThread "C2 CompilerThread2" daemon [_thread_in_native, id=6880, stack(0x000000633a100000,0x000000633a200000)]


Current CompileTask:
C2:  11698 10276       4       java.lang.reflect.AccessibleObject::checkAccess (40 bytes)

Stack: [0x000000633a100000,0x000000633a200000]
Native frames: (J=compiled Java code, j=interpreted, Vv=VM code, C=native code)
V  [jvm.dll+0x5ecfaa]
V  [jvm.dll+0x722bd5]
V  [jvm.dll+0x72412d]
V  [jvm.dll+0x7247e3]
V  [jvm.dll+0x242928]
V  [jvm.dll+0xbc4fc]
V  [jvm.dll+0xbca0c]
V  [jvm.dll+0x352d3b]
V  [jvm.dll+0x19800c]
V  [jvm.dll+0x1fb70e]
V  [jvm.dll+0x1fa7f4]
V  [jvm.dll+0x18354c]
V  [jvm.dll+0x208ee7]
V  [jvm.dll+0x207731]
V  [jvm.dll+0x6eb1cf]
V  [jvm.dll+0x6e3d45]
V  [jvm.dll+0x5ebe96]
C  [ucrtbase.dll+0x21bb2]
C  [KERNEL32.DLL+0x17034]
C  [ntdll.dll+0x52651]


---------------  P R O C E S S  ---------------

Threads class SMR info:
_java_thread_list=0x00000261ee851ff0, length=76, elements={
0x00000261d005d000, 0x00000261eb975000, 0x00000261eb976800, 0x00000261eb9a0000,
0x00000261eb9ea800, 0x00000261eb9eb800, 0x00000261eb9ef000, 0x00000261eb9f1800,
0x00000261eb9f3000, 0x00000261ebb7f000, 0x00000261edb11800, 0x00000261edcac000,
0x00000261ebd0c000, 0x00000261ecc00800, 0x00000261ed4cb000, 0x00000261edd11000,
0x00000261ee0eb800, 0x00000261edc5f800, 0x00000261ee2ff000, 0x00000261ede84800,
0x00000261ede7e800, 0x00000261ede83000, 0x00000261ede80800, 0x00000261ef38b800,
0x00000261ede85000, 0x00000261ede82000, 0x00000261ede81000, 0x00000261ede83800,
0x00000261ede7f800, 0x00000261efd71000, 0x00000261efd84000, 0x00000261efd70000,
0x00000261efd72000, 0x00000261efd6f800, 0x00000261efd6c000, 0x00000261efd6e000,
0x00000261efd76000, 0x00000261efd74800, 0x00000261efd79000, 0x00000261efd76800,
0x00000261efd7a000, 0x00000261efd75000, 0x00000261efd7b000, 0x00000261efd77800,
0x00000261efd78800, 0x00000261ee330000, 0x00000261ee333000, 0x00000261ee330800,
0x00000261ee32e000, 0x00000261ee32f000, 0x00000261ee331800, 0x00000261ee332800,
0x00000261ee32d800, 0x00000261ee335800, 0x00000261ee338000, 0x00000261ee339800,
0x00000261ee337000, 0x00000261ee336800, 0x00000261ee334000, 0x00000261ee339000,
0x00000261ee334800, 0x00000261ee33b800, 0x00000261ee33c000, 0x00000261f48a4800,
0x00000261f48a6800, 0x00000261f48a0800, 0x00000261f48a5800, 0x00000261f48a3000,
0x00000261f48a7000, 0x00000261f48a4000, 0x00000261f48a1800, 0x00000261f48a8000,
0x00000261f48a2000, 0x00000261f48aa800, 0x00000261f48ad800, 0x00000261f48a9800
}

Java Threads: ( => current thread )
  0x00000261d005d000 JavaThread "main" [_thread_blocked, id=2580, stack(0x0000006337100000,0x0000006337200000)]
  0x00000261eb975000 JavaThread "Reference Handler" daemon [_thread_blocked, id=3736, stack(0x0000006337800000,0x0000006337900000)]
  0x00000261eb976800 JavaThread "Finalizer" daemon [_thread_blocked, id=16504, stack(0x0000006337900000,0x0000006337a00000)]
  0x00000261eb9a0000 JavaThread "Signal Dispatcher" daemon [_thread_blocked, id=19608, stack(0x0000006337a00000,0x0000006337b00000)]
  0x00000261eb9ea800 JavaThread "Attach Listener" daemon [_thread_blocked, id=7608, stack(0x0000006337b00000,0x0000006337c00000)]
  0x00000261eb9eb800 JavaThread "Service Thread" daemon [_thread_blocked, id=19120, stack(0x0000006337c00000,0x0000006337d00000)]
  0x00000261eb9ef000 JavaThread "C2 CompilerThread0" daemon [_thread_in_native, id=14260, stack(0x0000006337d00000,0x0000006337e00000)]
  0x00000261eb9f1800 JavaThread "C1 CompilerThread0" daemon [_thread_blocked, id=16096, stack(0x0000006337e00000,0x0000006337f00000)]
  0x00000261eb9f3000 JavaThread "Sweeper thread" daemon [_thread_blocked, id=5632, stack(0x0000006337f00000,0x0000006338000000)]
  0x00000261ebb7f000 JavaThread "Common-Cleaner" daemon [_thread_blocked, id=10636, stack(0x0000006338000000,0x0000006338100000)]
  0x00000261edb11800 JavaThread "Daemon health stats" [_thread_blocked, id=8144, stack(0x0000006338700000,0x0000006338800000)]
  0x00000261edcac000 JavaThread "Incoming local TCP Connector on port 11880" [_thread_in_native, id=16276, stack(0x0000006338200000,0x0000006338300000)]
  0x00000261ebd0c000 JavaThread "Daemon periodic checks" [_thread_blocked, id=7440, stack(0x0000006338800000,0x0000006338900000)]
  0x00000261ecc00800 JavaThread "Daemon" [_thread_blocked, id=2072, stack(0x0000006338900000,0x0000006338a00000)]
  0x00000261ed4cb000 JavaThread "Handler for socket connection from /127.0.0.1:11880 to /127.0.0.1:11882" [_thread_in_native, id=12112, stack(0x0000006338a00000,0x0000006338b00000)]
  0x00000261edd11000 JavaThread "Cancel handler" [_thread_blocked, id=7360, stack(0x0000006338b00000,0x0000006338c00000)]
  0x00000261ee0eb800 JavaThread "Daemon worker" [_thread_blocked, id=20300, stack(0x0000006338c00000,0x0000006338d00000)]
  0x00000261edc5f800 JavaThread "Asynchronous log dispatcher for DefaultDaemonConnection: socket connection from /127.0.0.1:11880 to /127.0.0.1:11882" [_thread_blocked, id=2288, stack(0x0000006338d00000,0x0000006338e00000)]
  0x00000261ee2ff000 JavaThread "Stdin handler" [_thread_blocked, id=1176, stack(0x0000006338e00000,0x0000006338f00000)]
  0x00000261ede84800 JavaThread "Daemon client event forwarder" [_thread_blocked, id=8384, stack(0x0000006338f00000,0x0000006339000000)]
  0x00000261ede7e800 JavaThread "Cache worker for file hash cache (C:\Users\ojhdt\.gradle\caches\7.0.2\fileHashes)" [_thread_blocked, id=8728, stack(0x0000006339000000,0x0000006339100000)]
  0x00000261ede83000 JavaThread "File lock request listener" [_thread_in_native, id=17400, stack(0x0000006339100000,0x0000006339200000)]
  0x00000261ede80800 JavaThread "Cache worker for journal cache (C:\Users\ojhdt\.gradle\caches\journal-1)" [_thread_blocked, id=20004, stack(0x0000006339900000,0x0000006339a00000)]
  0x00000261ef38b800 JavaThread "C2 CompilerThread1" daemon [_thread_in_native, id=11068, stack(0x0000006339a00000,0x0000006339b00000)]
  0x00000261ede85000 JavaThread "Cache worker for file hash cache (D:\Project\Media\.gradle\7.0.2\fileHashes)" [_thread_blocked, id=19864, stack(0x0000006339b00000,0x0000006339c00000)]
  0x00000261ede82000 JavaThread "File watcher server" daemon [_thread_in_native, id=15784, stack(0x0000006339c00000,0x0000006339d00000)]
  0x00000261ede81000 JavaThread "File watcher consumer" daemon [_thread_blocked, id=12060, stack(0x0000006339d00000,0x0000006339e00000)]
  0x00000261ede83800 JavaThread "Cache worker for checksums cache (D:\Project\Media\.gradle\checksums)" [_thread_blocked, id=17776, stack(0x0000006339e00000,0x0000006339f00000)]
  0x00000261ede7f800 JavaThread "Cache worker for cache directory md-supplier (C:\Users\ojhdt\.gradle\caches\7.0.2\md-supplier)" [_thread_blocked, id=18452, stack(0x0000006339f00000,0x000000633a000000)]
  0x00000261efd71000 JavaThread "Cache worker for cache directory md-rule (C:\Users\ojhdt\.gradle\caches\7.0.2\md-rule)" [_thread_blocked, id=12040, stack(0x000000633a000000,0x000000633a100000)]
=>0x00000261efd84000 JavaThread "C2 CompilerThread2" daemon [_thread_in_native, id=6880, stack(0x000000633a100000,0x000000633a200000)]
  0x00000261efd70000 JavaThread "Cache worker for execution history cache (C:\Users\ojhdt\.gradle\caches\7.0.2\executionHistory)" [_thread_blocked, id=11864, stack(0x000000633a200000,0x000000633a300000)]
  0x00000261efd72000 JavaThread "jar transforms" [_thread_blocked, id=5204, stack(0x000000633a300000,0x000000633a400000)]
  0x00000261efd6f800 JavaThread "jar transforms Thread 2" [_thread_blocked, id=9300, stack(0x000000633a400000,0x000000633a500000)]
  0x00000261efd6c000 JavaThread "Cache worker for file content cache (C:\Users\ojhdt\.gradle\caches\7.0.2\fileContent)" [_thread_blocked, id=17992, stack(0x000000633a500000,0x000000633a600000)]
  0x00000261efd6e000 JavaThread "Cache worker for dependencies-accessors (D:\Project\Media\.gradle\7.0.2\dependencies-accessors)" [_thread_blocked, id=3076, stack(0x000000633a600000,0x000000633a700000)]
  0x00000261efd76000 JavaThread "jar transforms Thread 3" [_thread_blocked, id=13780, stack(0x000000633a700000,0x000000633a800000)]
  0x00000261efd74800 JavaThread "Cache worker for Build Output Cleanup Cache (D:\Project\Media\.gradle\buildOutputCleanup)" [_thread_blocked, id=18480, stack(0x000000633a800000,0x000000633a900000)]
  0x00000261efd79000 JavaThread "Build operations" [_thread_blocked, id=17052, stack(0x000000633a900000,0x000000633aa00000)]
  0x00000261efd76800 JavaThread "Build operations Thread 2" [_thread_blocked, id=12308, stack(0x000000633aa00000,0x000000633ab00000)]
  0x00000261efd7a000 JavaThread "Build operations Thread 3" [_thread_blocked, id=5780, stack(0x000000633ab00000,0x000000633ac00000)]
  0x00000261efd75000 JavaThread "Build operations Thread 4" [_thread_blocked, id=6528, stack(0x000000633ac00000,0x000000633ad00000)]
  0x00000261efd7b000 JavaThread "Build operations Thread 5" [_thread_blocked, id=16612, stack(0x000000633ad00000,0x000000633ae00000)]
  0x00000261efd77800 JavaThread "Build operations Thread 6" [_thread_blocked, id=19980, stack(0x000000633ae00000,0x000000633af00000)]
  0x00000261efd78800 JavaThread "Build operations Thread 7" [_thread_blocked, id=5788, stack(0x000000633af00000,0x000000633b000000)]
  0x00000261ee330000 JavaThread "Build operations Thread 8" [_thread_blocked, id=9448, stack(0x000000633b000000,0x000000633b100000)]
  0x00000261ee333000 JavaThread "Build operations Thread 9" [_thread_blocked, id=20464, stack(0x000000633b100000,0x000000633b200000)]
  0x00000261ee330800 JavaThread "Build operations Thread 10" [_thread_blocked, id=20020, stack(0x000000633b200000,0x000000633b300000)]
  0x00000261ee32e000 JavaThread "Build operations Thread 11" [_thread_blocked, id=6216, stack(0x000000633b300000,0x000000633b400000)]
  0x00000261ee32f000 JavaThread "Build operations Thread 12" [_thread_blocked, id=15012, stack(0x000000633b400000,0x000000633b500000)]
  0x00000261ee331800 JavaThread "jar transforms Thread 4" [_thread_blocked, id=11208, stack(0x000000633b500000,0x000000633b600000)]
  0x00000261ee332800 JavaThread "jar transforms Thread 5" [_thread_blocked, id=17000, stack(0x000000633b600000,0x000000633b700000)]
  0x00000261ee32d800 JavaThread "jar transforms Thread 6" [_thread_blocked, id=11872, stack(0x000000633b700000,0x000000633b800000)]
  0x00000261ee335800 JavaThread "jar transforms Thread 7" [_thread_blocked, id=2440, stack(0x000000633b800000,0x000000633b900000)]
  0x00000261ee338000 JavaThread "jar transforms Thread 8" [_thread_blocked, id=13784, stack(0x000000633b900000,0x000000633ba00000)]
  0x00000261ee339800 JavaThread "jar transforms Thread 9" [_thread_blocked, id=13300, stack(0x000000633ba00000,0x000000633bb00000)]
  0x00000261ee337000 JavaThread "jar transforms Thread 10" [_thread_blocked, id=8704, stack(0x000000633bb00000,0x000000633bc00000)]
  0x00000261ee336800 JavaThread "jar transforms Thread 11" [_thread_blocked, id=5076, stack(0x000000633bc00000,0x000000633bd00000)]
  0x00000261ee334000 JavaThread "jar transforms Thread 12" [_thread_blocked, id=1736, stack(0x000000633bd00000,0x000000633be00000)]
  0x00000261ee339000 JavaThread "Memory manager" [_thread_blocked, id=10864, stack(0x000000633be00000,0x000000633bf00000)]
  0x00000261ee334800 JavaThread "build event listener" [_thread_blocked, id=5708, stack(0x000000633bf00000,0x000000633c000000)]
  0x00000261ee33b800 JavaThread "pool-3-thread-1" [_thread_blocked, id=1968, stack(0x000000633c000000,0x000000633c100000)]
  0x00000261ee33c000 JavaThread "build event listener" [_thread_blocked, id=18004, stack(0x000000633c100000,0x000000633c200000)]
  0x00000261f48a4800 JavaThread "Execution worker for ':'" [_thread_blocked, id=1232, stack(0x000000633c200000,0x000000633c300000)]
  0x00000261f48a6800 JavaThread "Execution worker for ':' Thread 2" [_thread_blocked, id=19200, stack(0x000000633c300000,0x000000633c400000)]
  0x00000261f48a0800 JavaThread "Execution worker for ':' Thread 3" [_thread_blocked, id=17904, stack(0x000000633c400000,0x000000633c500000)]
  0x00000261f48a5800 JavaThread "Execution worker for ':' Thread 4" [_thread_blocked, id=9260, stack(0x000000633c500000,0x000000633c600000)]
  0x00000261f48a3000 JavaThread "Execution worker for ':' Thread 5" [_thread_blocked, id=1936, stack(0x000000633c600000,0x000000633c700000)]
  0x00000261f48a7000 JavaThread "Execution worker for ':' Thread 6" [_thread_in_vm, id=16744, stack(0x000000633c700000,0x000000633c800000)]
  0x00000261f48a4000 JavaThread "Execution worker for ':' Thread 7" [_thread_blocked, id=19204, stack(0x000000633c800000,0x000000633c900000)]
  0x00000261f48a1800 JavaThread "Execution worker for ':' Thread 8" [_thread_blocked, id=13072, stack(0x000000633c900000,0x000000633ca00000)]
  0x00000261f48a8000 JavaThread "Execution worker for ':' Thread 9" [_thread_blocked, id=12460, stack(0x000000633ca00000,0x000000633cb00000)]
  0x00000261f48a2000 JavaThread "Execution worker for ':' Thread 10" [_thread_blocked, id=2832, stack(0x000000633cb00000,0x000000633cc00000)]
  0x00000261f48aa800 JavaThread "Execution worker for ':' Thread 11" [_thread_blocked, id=3688, stack(0x000000633cc00000,0x000000633cd00000)]
  0x00000261f48ad800 JavaThread "Cache worker for execution history cache (D:\Project\Media\.gradle\7.0.2\executionHistory)" [_thread_blocked, id=17912, stack(0x000000633cd00000,0x000000633ce00000)]
  0x00000261f48a9800 JavaThread "WorkerExecutor Queue" [_thread_blocked, id=5016, stack(0x000000633ce00000,0x000000633cf00000)]

Other Threads:
  0x00000261eb972000 VMThread "VM Thread" [stack: 0x0000006337700000,0x0000006337800000] [id=9464]
  0x00000261ebb80800 WatcherThread [stack: 0x0000006338100000,0x0000006338200000] [id=11564]
  0x00000261d0075800 GCTaskThread "GC Thread#0" [stack: 0x0000006337200000,0x0000006337300000] [id=18584]
  0x00000261eca98800 GCTaskThread "GC Thread#1" [stack: 0x0000006338300000,0x0000006338400000] [id=15720]
  0x00000261ec955800 GCTaskThread "GC Thread#2" [stack: 0x0000006338400000,0x0000006338500000] [id=19808]
  0x00000261eca15000 GCTaskThread "GC Thread#3" [stack: 0x0000006338500000,0x0000006338600000] [id=3940]
  0x00000261eca02000 GCTaskThread "GC Thread#4" [stack: 0x0000006338600000,0x0000006338700000] [id=16936]
  0x00000261ee902000 GCTaskThread "GC Thread#5" [stack: 0x0000006339200000,0x0000006339300000] [id=20228]
  0x00000261ee32c000 GCTaskThread "GC Thread#6" [stack: 0x0000006339300000,0x0000006339400000] [id=16368]
  0x00000261ec7cf000 GCTaskThread "GC Thread#7" [stack: 0x0000006339400000,0x0000006339500000] [id=15740]
  0x00000261ee60e800 GCTaskThread "GC Thread#8" [stack: 0x0000006339500000,0x0000006339600000] [id=2040]
  0x00000261ee60f000 GCTaskThread "GC Thread#9" [stack: 0x0000006339600000,0x0000006339700000] [id=18992]
  0x00000261d00a8800 ConcurrentGCThread "G1 Main Marker" [stack: 0x0000006337300000,0x0000006337400000] [id=9500]
  0x00000261d00ab000 ConcurrentGCThread "G1 Conc#0" [stack: 0x0000006337400000,0x0000006337500000] [id=17852]
  0x00000261ede66800 ConcurrentGCThread "G1 Conc#1" [stack: 0x0000006339700000,0x0000006339800000] [id=7296]
  0x00000261ede67800 ConcurrentGCThread "G1 Conc#2" [stack: 0x0000006339800000,0x0000006339900000] [id=17896]
  0x00000261eafbc800 ConcurrentGCThread "G1 Refine#0" [stack: 0x0000006337500000,0x0000006337600000] [id=13952]
  0x00000261eafbd000 ConcurrentGCThread "G1 Young RemSet Sampling" [stack: 0x0000006337600000,0x0000006337700000] [id=13940]

Threads with active compile tasks:
C2 CompilerThread0  11727 10103       4       java.lang.reflect.Method::invoke (65 bytes)
C2 CompilerThread1  11727 9643       4       org.gradle.internal.instantiation.generator.AbstractClassGenerator$PropertyMetadata::hasAnnotation (40 bytes)
C2 CompilerThread2  11727 10276       4       java.lang.reflect.AccessibleObject::checkAccess (40 bytes)

VM state:not at safepoint (normal execution)

VM Mutex/Monitor currently owned by a thread: None

Heap address: 0x0000000080000000, size: 2048 MB, Compressed Oops mode: 32-bit
Narrow klass base: 0x0000000000000000, Narrow klass shift: 3
Compressed class space size: 1073741824 Address: 0x0000000100000000

Heap:
 garbage-first heap   total 251904K, used 153504K [0x0000000080000000, 0x0000000100000000)
  region size 1024K, 82 young (83968K), 7 survivors (7168K)
 Metaspace       used 90958K, capacity 93549K, committed 93644K, reserved 1130496K
  class space    used 11766K, capacity 12733K, committed 12748K, reserved 1048576K
Heap Regions: E=young(eden), S=young(survivor), O=old, HS=humongous(starts), HC=humongous(continues), CS=collection set, F=free, A=archive, TAMS=top-at-mark-start (previous, next)
|   0|0x0000000080000000, 0x0000000080100000, 0x0000000080100000|100%| O|  |TAMS 0x0000000080100000, 0x0000000080000000| Untracked 
|   1|0x0000000080100000, 0x0000000080200000, 0x0000000080200000|100%| O|  |TAMS 0x0000000080200000, 0x0000000080100000| Untracked 
|   2|0x0000000080200000, 0x0000000080300000, 0x0000000080300000|100%| O|  |TAMS 0x0000000080300000, 0x0000000080200000| Untracked 
|   3|0x0000000080300000, 0x0000000080400000, 0x0000000080400000|100%|HS|  |TAMS 0x0000000080400000, 0x0000000080300000| Complete 
|   4|0x0000000080400000, 0x0000000080500000, 0x0000000080500000|100%|HC|  |TAMS 0x0000000080500000, 0x0000000080400000| Complete 
|   5|0x0000000080500000, 0x0000000080600000, 0x0000000080600000|100%|HC|  |TAMS 0x0000000080600000, 0x0000000080500000| Complete 
|   6|0x0000000080600000, 0x0000000080700000, 0x0000000080700000|100%| O|  |TAMS 0x0000000080700000, 0x0000000080600000| Untracked 
|   7|0x0000000080700000, 0x0000000080800000, 0x0000000080800000|100%| O|  |TAMS 0x0000000080800000, 0x0000000080700000| Untracked 
|   8|0x0000000080800000, 0x0000000080900000, 0x0000000080900000|100%| O|  |TAMS 0x0000000080900000, 0x0000000080800000| Untracked 
|   9|0x0000000080900000, 0x0000000080a00000, 0x0000000080a00000|100%| O|  |TAMS 0x0000000080a00000, 0x0000000080900000| Untracked 
|  10|0x0000000080a00000, 0x0000000080b00000, 0x0000000080b00000|100%| O|  |TAMS 0x0000000080b00000, 0x0000000080a00000| Untracked 
|  11|0x0000000080b00000, 0x0000000080c00000, 0x0000000080c00000|100%| O|  |TAMS 0x0000000080c00000, 0x0000000080b00000| Untracked 
|  12|0x0000000080c00000, 0x0000000080d00000, 0x0000000080d00000|100%| O|  |TAMS 0x0000000080d00000, 0x0000000080c00000| Untracked 
|  13|0x0000000080d00000, 0x0000000080e00000, 0x0000000080e00000|100%| O|  |TAMS 0x0000000080e00000, 0x0000000080d00000| Untracked 
|  14|0x0000000080e00000, 0x0000000080f00000, 0x0000000080f00000|100%| O|  |TAMS 0x0000000080f00000, 0x0000000080e00000| Untracked 
|  15|0x0000000080f00000, 0x0000000081000000, 0x0000000081000000|100%| O|  |TAMS 0x0000000081000000, 0x0000000080f00000| Untracked 
|  16|0x0000000081000000, 0x0000000081100000, 0x0000000081100000|100%|HS|  |TAMS 0x0000000081100000, 0x0000000081000000| Complete 
|  17|0x0000000081100000, 0x0000000081200000, 0x0000000081200000|100%|HS|  |TAMS 0x0000000081200000, 0x0000000081100000| Complete 
|  18|0x0000000081200000, 0x0000000081300000, 0x0000000081300000|100%|HS|  |TAMS 0x0000000081300000, 0x0000000081200000| Complete 
|  19|0x0000000081300000, 0x0000000081400000, 0x0000000081400000|100%|HS|  |TAMS 0x0000000081400000, 0x0000000081300000| Complete 
|  20|0x0000000081400000, 0x0000000081500000, 0x0000000081500000|100%|HC|  |TAMS 0x0000000081500000, 0x0000000081400000| Complete 
|  21|0x0000000081500000, 0x0000000081600000, 0x0000000081600000|100%|HC|  |TAMS 0x0000000081600000, 0x0000000081500000| Complete 
|  22|0x0000000081600000, 0x0000000081700000, 0x0000000081700000|100%|HS|  |TAMS 0x0000000081700000, 0x0000000081600000| Complete 
|  23|0x0000000081700000, 0x0000000081800000, 0x0000000081800000|100%|HC|  |TAMS 0x0000000081800000, 0x0000000081700000| Complete 
|  24|0x0000000081800000, 0x0000000081900000, 0x0000000081900000|100%| O|  |TAMS 0x0000000081900000, 0x0000000081800000| Untracked 
|  25|0x0000000081900000, 0x0000000081a00000, 0x0000000081a00000|100%| O|  |TAMS 0x0000000081a00000, 0x0000000081900000| Untracked 
|  26|0x0000000081a00000, 0x0000000081b00000, 0x0000000081b00000|100%| O|  |TAMS 0x0000000081b00000, 0x0000000081a00000| Untracked 
|  27|0x0000000081b00000, 0x0000000081c00000, 0x0000000081c00000|100%| O|  |TAMS 0x0000000081c00000, 0x0000000081b00000| Untracked 
|  28|0x0000000081c00000, 0x0000000081d00000, 0x0000000081d00000|100%| O|  |TAMS 0x0000000081d00000, 0x0000000081c00000| Untracked 
|  29|0x0000000081d00000, 0x0000000081e00000, 0x0000000081e00000|100%| O|  |TAMS 0x0000000081e00000, 0x0000000081d00000| Untracked 
|  30|0x0000000081e00000, 0x0000000081f00000, 0x0000000081f00000|100%| O|  |TAMS 0x0000000081f00000, 0x0000000081e00000| Untracked 
|  31|0x0000000081f00000, 0x0000000082000000, 0x0000000082000000|100%| O|  |TAMS 0x0000000082000000, 0x0000000081f00000| Untracked 
|  32|0x0000000082000000, 0x0000000082100000, 0x0000000082100000|100%| O|  |TAMS 0x0000000082100000, 0x0000000082000000| Untracked 
|  33|0x0000000082100000, 0x0000000082200000, 0x0000000082200000|100%| O|  |TAMS 0x0000000082200000, 0x0000000082100000| Untracked 
|  34|0x0000000082200000, 0x0000000082300000, 0x0000000082300000|100%| O|  |TAMS 0x0000000082300000, 0x0000000082200000| Untracked 
|  35|0x0000000082300000, 0x0000000082400000, 0x0000000082400000|100%| O|  |TAMS 0x0000000082400000, 0x0000000082300000| Untracked 
|  36|0x0000000082400000, 0x0000000082500000, 0x0000000082500000|100%| O|  |TAMS 0x0000000082500000, 0x0000000082400000| Untracked 
|  37|0x0000000082500000, 0x0000000082600000, 0x0000000082600000|100%| O|  |TAMS 0x0000000082600000, 0x0000000082500000| Untracked 
|  38|0x0000000082600000, 0x0000000082700000, 0x0000000082700000|100%| O|  |TAMS 0x0000000082700000, 0x0000000082600000| Untracked 
|  39|0x0000000082700000, 0x0000000082800000, 0x0000000082800000|100%| O|  |TAMS 0x0000000082800000, 0x0000000082700000| Untracked 
|  40|0x0000000082800000, 0x0000000082900000, 0x0000000082900000|100%| O|  |TAMS 0x0000000082900000, 0x0000000082800000| Untracked 
|  41|0x0000000082900000, 0x0000000082a00000, 0x0000000082a00000|100%| O|  |TAMS 0x0000000082a00000, 0x0000000082900000| Untracked 
|  42|0x0000000082a00000, 0x0000000082b00000, 0x0000000082b00000|100%| O|  |TAMS 0x0000000082b00000, 0x0000000082a00000| Untracked 
|  43|0x0000000082b00000, 0x0000000082c00000, 0x0000000082c00000|100%| O|  |TAMS 0x0000000082c00000, 0x0000000082b00000| Untracked 
|  44|0x0000000082c00000, 0x0000000082d00000, 0x0000000082d00000|100%| O|  |TAMS 0x0000000082d00000, 0x0000000082c00000| Untracked 
|  45|0x0000000082d00000, 0x0000000082e00000, 0x0000000082e00000|100%| O|  |TAMS 0x0000000082e00000, 0x0000000082d00000| Untracked 
|  46|0x0000000082e00000, 0x0000000082f00000, 0x0000000082f00000|100%| O|  |TAMS 0x0000000082e3ae00, 0x0000000082e00000| Untracked 
|  47|0x0000000082f00000, 0x0000000083000000, 0x0000000083000000|100%| O|  |TAMS 0x0000000082f00000, 0x0000000082f00000| Untracked 
|  48|0x0000000083000000, 0x0000000083100000, 0x0000000083100000|100%| O|  |TAMS 0x0000000083000000, 0x0000000083000000| Untracked 
|  49|0x0000000083100000, 0x0000000083200000, 0x0000000083200000|100%| O|  |TAMS 0x0000000083100000, 0x0000000083100000| Untracked 
|  50|0x0000000083200000, 0x0000000083300000, 0x0000000083300000|100%| O|  |TAMS 0x0000000083200000, 0x0000000083200000| Untracked 
|  51|0x0000000083300000, 0x0000000083400000, 0x0000000083400000|100%| O|  |TAMS 0x0000000083300000, 0x0000000083300000| Untracked 
|  52|0x0000000083400000, 0x0000000083500000, 0x0000000083500000|100%| O|  |TAMS 0x0000000083400000, 0x0000000083400000| Untracked 
|  53|0x0000000083500000, 0x0000000083600000, 0x0000000083600000|100%| O|  |TAMS 0x0000000083500000, 0x0000000083500000| Untracked 
|  54|0x0000000083600000, 0x0000000083700000, 0x0000000083700000|100%| O|  |TAMS 0x0000000083600000, 0x0000000083600000| Untracked 
|  55|0x0000000083700000, 0x0000000083800000, 0x0000000083800000|100%| O|  |TAMS 0x0000000083700000, 0x0000000083700000| Untracked 
|  56|0x0000000083800000, 0x0000000083900000, 0x0000000083900000|100%| O|  |TAMS 0x0000000083800000, 0x0000000083800000| Untracked 
|  57|0x0000000083900000, 0x0000000083a00000, 0x0000000083a00000|100%| O|  |TAMS 0x0000000083900000, 0x0000000083900000| Untracked 
|  58|0x0000000083a00000, 0x0000000083b00000, 0x0000000083b00000|100%| O|  |TAMS 0x0000000083a00000, 0x0000000083a00000| Untracked 
|  59|0x0000000083b00000, 0x0000000083c00000, 0x0000000083c00000|100%| O|  |TAMS 0x0000000083b00000, 0x0000000083b00000| Untracked 
|  60|0x0000000083c00000, 0x0000000083d00000, 0x0000000083d00000|100%| O|  |TAMS 0x0000000083c00000, 0x0000000083c00000| Untracked 
|  61|0x0000000083d00000, 0x0000000083e00000, 0x0000000083e00000|100%| O|  |TAMS 0x0000000083d00000, 0x0000000083d00000| Untracked 
|  62|0x0000000083e00000, 0x0000000083f00000, 0x0000000083f00000|100%| O|  |TAMS 0x0000000083e00000, 0x0000000083e00000| Untracked 
|  63|0x0000000083f00000, 0x0000000084000000, 0x0000000084000000|100%| O|  |TAMS 0x0000000083f00000, 0x0000000083f00000| Untracked 
|  64|0x0000000084000000, 0x0000000084100000, 0x0000000084100000|100%| O|  |TAMS 0x0000000084000000, 0x0000000084000000| Untracked 
|  65|0x0000000084100000, 0x0000000084200000, 0x0000000084200000|100%| O|  |TAMS 0x0000000084100000, 0x0000000084100000| Untracked 
|  66|0x0000000084200000, 0x0000000084300000, 0x0000000084300000|100%| O|  |TAMS 0x0000000084200000, 0x0000000084200000| Untracked 
|  67|0x0000000084300000, 0x0000000084400000, 0x0000000084400000|100%| O|  |TAMS 0x0000000084300000, 0x0000000084300000| Untracked 
|  68|0x0000000084400000, 0x0000000084500000, 0x0000000084500000|100%| O|  |TAMS 0x0000000084400000, 0x0000000084400000| Untracked 
|  69|0x0000000084500000, 0x00000000845f3c00, 0x0000000084600000| 95%| O|  |TAMS 0x0000000084500000, 0x0000000084500000| Untracked 
|  70|0x0000000084600000, 0x0000000084600000, 0x0000000084700000|  0%| F|  |TAMS 0x0000000084600000, 0x0000000084600000| Untracked 
|  71|0x0000000084700000, 0x0000000084700000, 0x0000000084800000|  0%| F|  |TAMS 0x0000000084700000, 0x0000000084700000| Untracked 
|  72|0x0000000084800000, 0x0000000084800000, 0x0000000084900000|  0%| F|  |TAMS 0x0000000084800000, 0x0000000084800000| Untracked 
|  73|0x0000000084900000, 0x0000000084900000, 0x0000000084a00000|  0%| F|  |TAMS 0x0000000084900000, 0x0000000084900000| Untracked 
|  74|0x0000000084a00000, 0x0000000084a00000, 0x0000000084b00000|  0%| F|  |TAMS 0x0000000084a00000, 0x0000000084a00000| Untracked 
|  75|0x0000000084b00000, 0x0000000084b00000, 0x0000000084c00000|  0%| F|  |TAMS 0x0000000084b00000, 0x0000000084b00000| Untracked 
|  76|0x0000000084c00000, 0x0000000084c00000, 0x0000000084d00000|  0%| F|  |TAMS 0x0000000084c00000, 0x0000000084c00000| Untracked 
|  77|0x0000000084d00000, 0x0000000084d00000, 0x0000000084e00000|  0%| F|  |TAMS 0x0000000084d00000, 0x0000000084d00000| Untracked 
|  78|0x0000000084e00000, 0x0000000084e00000, 0x0000000084f00000|  0%| F|  |TAMS 0x0000000084e00000, 0x0000000084e00000| Untracked 
|  79|0x0000000084f00000, 0x0000000084f00000, 0x0000000085000000|  0%| F|  |TAMS 0x0000000084f00000, 0x0000000084f00000| Untracked 
|  80|0x0000000085000000, 0x0000000085000000, 0x0000000085100000|  0%| F|  |TAMS 0x0000000085000000, 0x0000000085000000| Untracked 
|  81|0x0000000085100000, 0x0000000085100000, 0x0000000085200000|  0%| F|  |TAMS 0x0000000085100000, 0x0000000085100000| Untracked 
|  82|0x0000000085200000, 0x0000000085200000, 0x0000000085300000|  0%| F|  |TAMS 0x0000000085200000, 0x0000000085200000| Untracked 
|  83|0x0000000085300000, 0x0000000085300000, 0x0000000085400000|  0%| F|  |TAMS 0x0000000085300000, 0x0000000085300000| Untracked 
|  84|0x0000000085400000, 0x0000000085400000, 0x0000000085500000|  0%| F|  |TAMS 0x0000000085400000, 0x0000000085400000| Untracked 
|  85|0x0000000085500000, 0x0000000085500000, 0x0000000085600000|  0%| F|  |TAMS 0x0000000085500000, 0x0000000085500000| Untracked 
|  86|0x0000000085600000, 0x0000000085600000, 0x0000000085700000|  0%| F|  |TAMS 0x0000000085600000, 0x0000000085600000| Untracked 
|  87|0x0000000085700000, 0x0000000085700000, 0x0000000085800000|  0%| F|  |TAMS 0x0000000085700000, 0x0000000085700000| Untracked 
|  88|0x0000000085800000, 0x0000000085800000, 0x0000000085900000|  0%| F|  |TAMS 0x0000000085800000, 0x0000000085800000| Untracked 
|  89|0x0000000085900000, 0x0000000085900000, 0x0000000085a00000|  0%| F|  |TAMS 0x0000000085900000, 0x0000000085900000| Untracked 
|  90|0x0000000085a00000, 0x0000000085a00000, 0x0000000085b00000|  0%| F|  |TAMS 0x0000000085a00000, 0x0000000085a00000| Untracked 
|  91|0x0000000085b00000, 0x0000000085b00000, 0x0000000085c00000|  0%| F|  |TAMS 0x0000000085b00000, 0x0000000085b00000| Untracked 
|  92|0x0000000085c00000, 0x0000000085c00000, 0x0000000085d00000|  0%| F|  |TAMS 0x0000000085c00000, 0x0000000085c00000| Untracked 
|  93|0x0000000085d00000, 0x0000000085d00000, 0x0000000085e00000|  0%| F|  |TAMS 0x0000000085d00000, 0x0000000085d00000| Untracked 
|  94|0x0000000085e00000, 0x0000000085e00000, 0x0000000085f00000|  0%| F|  |TAMS 0x0000000085e00000, 0x0000000085e00000| Untracked 
|  95|0x0000000085f00000, 0x0000000085f00000, 0x0000000086000000|  0%| F|  |TAMS 0x0000000085f00000, 0x0000000085f00000| Untracked 
|  96|0x0000000086000000, 0x0000000086000000, 0x0000000086100000|  0%| F|  |TAMS 0x0000000086000000, 0x0000000086000000| Untracked 
|  97|0x0000000086100000, 0x0000000086100000, 0x0000000086200000|  0%| F|  |TAMS 0x0000000086100000, 0x0000000086100000| Untracked 
|  98|0x0000000086200000, 0x0000000086200000, 0x0000000086300000|  0%| F|  |TAMS 0x0000000086200000, 0x0000000086200000| Untracked 
|  99|0x0000000086300000, 0x0000000086300000, 0x0000000086400000|  0%| F|  |TAMS 0x0000000086300000, 0x0000000086300000| Untracked 
| 100|0x0000000086400000, 0x0000000086400000, 0x0000000086500000|  0%| F|  |TAMS 0x0000000086400000, 0x0000000086400000| Untracked 
| 101|0x0000000086500000, 0x0000000086500000, 0x0000000086600000|  0%| F|  |TAMS 0x0000000086500000, 0x0000000086500000| Untracked 
| 102|0x0000000086600000, 0x0000000086600000, 0x0000000086700000|  0%| F|  |TAMS 0x0000000086600000, 0x0000000086600000| Untracked 
| 103|0x0000000086700000, 0x0000000086700000, 0x0000000086800000|  0%| F|  |TAMS 0x0000000086700000, 0x0000000086700000| Untracked 
| 104|0x0000000086800000, 0x0000000086800000, 0x0000000086900000|  0%| F|  |TAMS 0x0000000086800000, 0x0000000086800000| Untracked 
| 105|0x0000000086900000, 0x0000000086900000, 0x0000000086a00000|  0%| F|  |TAMS 0x0000000086900000, 0x0000000086900000| Untracked 
| 106|0x0000000086a00000, 0x0000000086a00000, 0x0000000086b00000|  0%| F|  |TAMS 0x0000000086a00000, 0x0000000086a00000| Untracked 
| 107|0x0000000086b00000, 0x0000000086b00000, 0x0000000086c00000|  0%| F|  |TAMS 0x0000000086b00000, 0x0000000086b00000| Untracked 
| 108|0x0000000086c00000, 0x0000000086c00000, 0x0000000086d00000|  0%| F|  |TAMS 0x0000000086c00000, 0x0000000086c00000| Untracked 
| 109|0x0000000086d00000, 0x0000000086d00000, 0x0000000086e00000|  0%| F|  |TAMS 0x0000000086d00000, 0x0000000086d00000| Untracked 
| 110|0x0000000086e00000, 0x0000000086e00000, 0x0000000086f00000|  0%| F|  |TAMS 0x0000000086e00000, 0x0000000086e00000| Untracked 
| 111|0x0000000086f00000, 0x0000000086f00000, 0x0000000087000000|  0%| F|  |TAMS 0x0000000086f00000, 0x0000000086f00000| Untracked 
| 112|0x0000000087000000, 0x0000000087000000, 0x0000000087100000|  0%| F|  |TAMS 0x0000000087000000, 0x0000000087000000| Untracked 
| 113|0x0000000087100000, 0x0000000087100000, 0x0000000087200000|  0%| F|  |TAMS 0x0000000087100000, 0x0000000087100000| Untracked 
| 114|0x0000000087200000, 0x0000000087200000, 0x0000000087300000|  0%| F|  |TAMS 0x0000000087200000, 0x0000000087200000| Untracked 
| 115|0x0000000087300000, 0x0000000087300000, 0x0000000087400000|  0%| F|  |TAMS 0x0000000087300000, 0x0000000087300000| Untracked 
| 116|0x0000000087400000, 0x0000000087400000, 0x0000000087500000|  0%| F|  |TAMS 0x0000000087400000, 0x0000000087400000| Untracked 
| 117|0x0000000087500000, 0x0000000087500000, 0x0000000087600000|  0%| F|  |TAMS 0x0000000087500000, 0x0000000087500000| Untracked 
| 118|0x0000000087600000, 0x0000000087600000, 0x0000000087700000|  0%| F|  |TAMS 0x0000000087600000, 0x0000000087600000| Untracked 
| 119|0x0000000087700000, 0x0000000087700000, 0x0000000087800000|  0%| F|  |TAMS 0x0000000087700000, 0x0000000087700000| Untracked 
| 120|0x0000000087800000, 0x0000000087800000, 0x0000000087900000|  0%| F|  |TAMS 0x0000000087800000, 0x0000000087800000| Untracked 
| 121|0x0000000087900000, 0x0000000087900000, 0x0000000087a00000|  0%| F|  |TAMS 0x0000000087900000, 0x0000000087900000| Untracked 
| 122|0x0000000087a00000, 0x0000000087a00000, 0x0000000087b00000|  0%| F|  |TAMS 0x0000000087a00000, 0x0000000087a00000| Untracked 
| 123|0x0000000087b00000, 0x0000000087b00000, 0x0000000087c00000|  0%| F|  |TAMS 0x0000000087b00000, 0x0000000087b00000| Untracked 
| 124|0x0000000087c00000, 0x0000000087c00000, 0x0000000087d00000|  0%| F|  |TAMS 0x0000000087c00000, 0x0000000087c00000| Untracked 
| 125|0x0000000087d00000, 0x0000000087d00000, 0x0000000087e00000|  0%| F|  |TAMS 0x0000000087d00000, 0x0000000087d00000| Untracked 
| 126|0x0000000087e00000, 0x0000000087e00000, 0x0000000087f00000|  0%| F|  |TAMS 0x0000000087e00000, 0x0000000087e00000| Untracked 
| 127|0x0000000087f00000, 0x0000000087f00000, 0x0000000088000000|  0%| F|  |TAMS 0x0000000087f00000, 0x0000000087f00000| Untracked 
| 128|0x0000000088000000, 0x0000000088000000, 0x0000000088100000|  0%| F|  |TAMS 0x0000000088000000, 0x0000000088000000| Untracked 
| 129|0x0000000088100000, 0x0000000088100000, 0x0000000088200000|  0%| F|  |TAMS 0x0000000088100000, 0x0000000088100000| Untracked 
| 130|0x0000000088200000, 0x0000000088200000, 0x0000000088300000|  0%| F|  |TAMS 0x0000000088200000, 0x0000000088200000| Untracked 
| 131|0x0000000088300000, 0x00000000883f4420, 0x0000000088400000| 95%| S|CS|TAMS 0x0000000088300000, 0x0000000088300000| Complete 
| 132|0x0000000088400000, 0x0000000088500000, 0x0000000088500000|100%| S|CS|TAMS 0x0000000088400000, 0x0000000088400000| Complete 
| 133|0x0000000088500000, 0x0000000088600000, 0x0000000088600000|100%| S|CS|TAMS 0x0000000088500000, 0x0000000088500000| Complete 
| 134|0x0000000088600000, 0x0000000088700000, 0x0000000088700000|100%| S|CS|TAMS 0x0000000088600000, 0x0000000088600000| Complete 
| 135|0x0000000088700000, 0x0000000088800000, 0x0000000088800000|100%| S|CS|TAMS 0x0000000088700000, 0x0000000088700000| Complete 
| 136|0x0000000088800000, 0x0000000088900000, 0x0000000088900000|100%| S|CS|TAMS 0x0000000088800000, 0x0000000088800000| Complete 
| 137|0x0000000088900000, 0x0000000088a00000, 0x0000000088a00000|100%| S|CS|TAMS 0x0000000088900000, 0x0000000088900000| Complete 
| 138|0x0000000088a00000, 0x0000000088a00000, 0x0000000088b00000|  0%| F|  |TAMS 0x0000000088a00000, 0x0000000088a00000| Untracked 
| 139|0x0000000088b00000, 0x0000000088b00000, 0x0000000088c00000|  0%| F|  |TAMS 0x0000000088b00000, 0x0000000088b00000| Untracked 
| 140|0x0000000088c00000, 0x0000000088c00000, 0x0000000088d00000|  0%| F|  |TAMS 0x0000000088c00000, 0x0000000088c00000| Untracked 
| 141|0x0000000088d00000, 0x0000000088d00000, 0x0000000088e00000|  0%| F|  |TAMS 0x0000000088d00000, 0x0000000088d00000| Untracked 
| 142|0x0000000088e00000, 0x0000000088e00000, 0x0000000088f00000|  0%| F|  |TAMS 0x0000000088e00000, 0x0000000088e00000| Untracked 
| 143|0x0000000088f00000, 0x0000000088f00000, 0x0000000089000000|  0%| F|  |TAMS 0x0000000088f00000, 0x0000000088f00000| Untracked 
| 144|0x0000000089000000, 0x0000000089000000, 0x0000000089100000|  0%| F|  |TAMS 0x0000000089000000, 0x0000000089000000| Untracked 
| 145|0x0000000089100000, 0x0000000089100000, 0x0000000089200000|  0%| F|  |TAMS 0x0000000089100000, 0x0000000089100000| Untracked 
| 146|0x0000000089200000, 0x0000000089200000, 0x0000000089300000|  0%| F|  |TAMS 0x0000000089200000, 0x0000000089200000| Untracked 
| 147|0x0000000089300000, 0x0000000089300000, 0x0000000089400000|  0%| F|  |TAMS 0x0000000089300000, 0x0000000089300000| Untracked 
| 148|0x0000000089400000, 0x0000000089400000, 0x0000000089500000|  0%| F|  |TAMS 0x0000000089400000, 0x0000000089400000| Untracked 
| 149|0x0000000089500000, 0x0000000089500000, 0x0000000089600000|  0%| F|  |TAMS 0x0000000089500000, 0x0000000089500000| Untracked 
| 150|0x0000000089600000, 0x0000000089600000, 0x0000000089700000|  0%| F|  |TAMS 0x0000000089600000, 0x0000000089600000| Untracked 
| 151|0x0000000089700000, 0x0000000089700000, 0x0000000089800000|  0%| F|  |TAMS 0x0000000089700000, 0x0000000089700000| Untracked 
| 152|0x0000000089800000, 0x0000000089800000, 0x0000000089900000|  0%| F|  |TAMS 0x0000000089800000, 0x0000000089800000| Untracked 
| 153|0x0000000089900000, 0x0000000089900000, 0x0000000089a00000|  0%| F|  |TAMS 0x0000000089900000, 0x0000000089900000| Untracked 
| 154|0x0000000089a00000, 0x0000000089a00000, 0x0000000089b00000|  0%| F|  |TAMS 0x0000000089a00000, 0x0000000089a00000| Untracked 
| 155|0x0000000089b00000, 0x0000000089b00000, 0x0000000089c00000|  0%| F|  |TAMS 0x0000000089b00000, 0x0000000089b00000| Untracked 
| 156|0x0000000089c00000, 0x0000000089c00000, 0x0000000089d00000|  0%| F|  |TAMS 0x0000000089c00000, 0x0000000089c00000| Untracked 
| 157|0x0000000089d00000, 0x0000000089d00000, 0x0000000089e00000|  0%| F|  |TAMS 0x0000000089d00000, 0x0000000089d00000| Untracked 
| 158|0x0000000089e00000, 0x0000000089e00000, 0x0000000089f00000|  0%| F|  |TAMS 0x0000000089e00000, 0x0000000089e00000| Untracked 
| 159|0x0000000089f00000, 0x0000000089f00000, 0x000000008a000000|  0%| F|  |TAMS 0x0000000089f00000, 0x0000000089f00000| Untracked 
| 160|0x000000008a000000, 0x000000008a000000, 0x000000008a100000|  0%| F|  |TAMS 0x000000008a000000, 0x000000008a000000| Untracked 
| 161|0x000000008a100000, 0x000000008a100000, 0x000000008a200000|  0%| F|  |TAMS 0x000000008a100000, 0x000000008a100000| Untracked 
| 162|0x000000008a200000, 0x000000008a200000, 0x000000008a300000|  0%| F|  |TAMS 0x000000008a200000, 0x000000008a200000| Untracked 
| 163|0x000000008a300000, 0x000000008a300000, 0x000000008a400000|  0%| F|  |TAMS 0x000000008a300000, 0x000000008a300000| Untracked 
| 164|0x000000008a400000, 0x000000008a400000, 0x000000008a500000|  0%| F|  |TAMS 0x000000008a400000, 0x000000008a400000| Untracked 
| 165|0x000000008a500000, 0x000000008a500000, 0x000000008a600000|  0%| F|  |TAMS 0x000000008a500000, 0x000000008a500000| Untracked 
| 166|0x000000008a600000, 0x000000008a600000, 0x000000008a700000|  0%| F|  |TAMS 0x000000008a600000, 0x000000008a600000| Untracked 
| 167|0x000000008a700000, 0x000000008a700000, 0x000000008a800000|  0%| F|  |TAMS 0x000000008a700000, 0x000000008a700000| Untracked 
| 168|0x000000008a800000, 0x000000008a802c18, 0x000000008a900000|  1%| E|  |TAMS 0x000000008a800000, 0x000000008a800000| Complete 
| 169|0x000000008a900000, 0x000000008aa00000, 0x000000008aa00000|100%| E|CS|TAMS 0x000000008a900000, 0x000000008a900000| Complete 
| 170|0x000000008aa00000, 0x000000008ab00000, 0x000000008ab00000|100%| E|CS|TAMS 0x000000008aa00000, 0x000000008aa00000| Complete 
| 171|0x000000008ab00000, 0x000000008ac00000, 0x000000008ac00000|100%| E|CS|TAMS 0x000000008ab00000, 0x000000008ab00000| Complete 
| 172|0x000000008ac00000, 0x000000008ad00000, 0x000000008ad00000|100%| E|CS|TAMS 0x000000008ac00000, 0x000000008ac00000| Complete 
| 173|0x000000008ad00000, 0x000000008ae00000, 0x000000008ae00000|100%| E|CS|TAMS 0x000000008ad00000, 0x000000008ad00000| Complete 
| 174|0x000000008ae00000, 0x000000008af00000, 0x000000008af00000|100%| E|CS|TAMS 0x000000008ae00000, 0x000000008ae00000| Complete 
| 175|0x000000008af00000, 0x000000008b000000, 0x000000008b000000|100%| E|CS|TAMS 0x000000008af00000, 0x000000008af00000| Complete 
| 176|0x000000008b000000, 0x000000008b100000, 0x000000008b100000|100%| E|CS|TAMS 0x000000008b000000, 0x000000008b000000| Complete 
| 177|0x000000008b100000, 0x000000008b200000, 0x000000008b200000|100%| E|CS|TAMS 0x000000008b100000, 0x000000008b100000| Complete 
| 178|0x000000008b200000, 0x000000008b300000, 0x000000008b300000|100%| E|CS|TAMS 0x000000008b200000, 0x000000008b200000| Complete 
| 179|0x000000008b300000, 0x000000008b400000, 0x000000008b400000|100%| E|CS|TAMS 0x000000008b300000, 0x000000008b300000| Complete 
| 180|0x000000008b400000, 0x000000008b500000, 0x000000008b500000|100%| E|CS|TAMS 0x000000008b400000, 0x000000008b400000| Complete 
| 181|0x000000008b500000, 0x000000008b600000, 0x000000008b600000|100%| E|CS|TAMS 0x000000008b500000, 0x000000008b500000| Complete 
| 182|0x000000008b600000, 0x000000008b700000, 0x000000008b700000|100%| E|CS|TAMS 0x000000008b600000, 0x000000008b600000| Complete 
| 183|0x000000008b700000, 0x000000008b800000, 0x000000008b800000|100%| E|CS|TAMS 0x000000008b700000, 0x000000008b700000| Complete 
| 184|0x000000008b800000, 0x000000008b900000, 0x000000008b900000|100%| E|CS|TAMS 0x000000008b800000, 0x000000008b800000| Complete 
| 185|0x000000008b900000, 0x000000008ba00000, 0x000000008ba00000|100%| E|CS|TAMS 0x000000008b900000, 0x000000008b900000| Complete 
| 186|0x000000008ba00000, 0x000000008bb00000, 0x000000008bb00000|100%| E|  |TAMS 0x000000008ba00000, 0x000000008ba00000| Complete 
| 187|0x000000008bb00000, 0x000000008bc00000, 0x000000008bc00000|100%| E|CS|TAMS 0x000000008bb00000, 0x000000008bb00000| Complete 
| 188|0x000000008bc00000, 0x000000008bd00000, 0x000000008bd00000|100%| E|CS|TAMS 0x000000008bc00000, 0x000000008bc00000| Complete 
| 189|0x000000008bd00000, 0x000000008be00000, 0x000000008be00000|100%| E|CS|TAMS 0x000000008bd00000, 0x000000008bd00000| Complete 
| 190|0x000000008be00000, 0x000000008bf00000, 0x000000008bf00000|100%| E|CS|TAMS 0x000000008be00000, 0x000000008be00000| Complete 
| 191|0x000000008bf00000, 0x000000008c000000, 0x000000008c000000|100%| E|CS|TAMS 0x000000008bf00000, 0x000000008bf00000| Complete 
| 192|0x000000008c000000, 0x000000008c100000, 0x000000008c100000|100%| E|CS|TAMS 0x000000008c000000, 0x000000008c000000| Complete 
| 193|0x000000008c100000, 0x000000008c200000, 0x000000008c200000|100%| E|CS|TAMS 0x000000008c100000, 0x000000008c100000| Complete 
| 194|0x000000008c200000, 0x000000008c300000, 0x000000008c300000|100%| E|CS|TAMS 0x000000008c200000, 0x000000008c200000| Complete 
| 195|0x000000008c300000, 0x000000008c400000, 0x000000008c400000|100%| E|CS|TAMS 0x000000008c300000, 0x000000008c300000| Complete 
| 196|0x000000008c400000, 0x000000008c500000, 0x000000008c500000|100%| E|CS|TAMS 0x000000008c400000, 0x000000008c400000| Complete 
| 197|0x000000008c500000, 0x000000008c600000, 0x000000008c600000|100%| E|CS|TAMS 0x000000008c500000, 0x000000008c500000| Complete 
| 198|0x000000008c600000, 0x000000008c700000, 0x000000008c700000|100%| E|CS|TAMS 0x000000008c600000, 0x000000008c600000| Complete 
| 199|0x000000008c700000, 0x000000008c800000, 0x000000008c800000|100%| E|CS|TAMS 0x000000008c700000, 0x000000008c700000| Complete 
| 200|0x000000008c800000, 0x000000008c900000, 0x000000008c900000|100%| E|CS|TAMS 0x000000008c800000, 0x000000008c800000| Complete 
| 201|0x000000008c900000, 0x000000008ca00000, 0x000000008ca00000|100%| E|CS|TAMS 0x000000008c900000, 0x000000008c900000| Complete 
| 202|0x000000008ca00000, 0x000000008cb00000, 0x000000008cb00000|100%| E|CS|TAMS 0x000000008ca00000, 0x000000008ca00000| Complete 
| 203|0x000000008cb00000, 0x000000008cc00000, 0x000000008cc00000|100%| E|CS|TAMS 0x000000008cb00000, 0x000000008cb00000| Complete 
| 204|0x000000008cc00000, 0x000000008cd00000, 0x000000008cd00000|100%| E|CS|TAMS 0x000000008cc00000, 0x000000008cc00000| Complete 
| 205|0x000000008cd00000, 0x000000008ce00000, 0x000000008ce00000|100%| E|CS|TAMS 0x000000008cd00000, 0x000000008cd00000| Complete 
| 206|0x000000008ce00000, 0x000000008cf00000, 0x000000008cf00000|100%| E|CS|TAMS 0x000000008ce00000, 0x000000008ce00000| Complete 
| 207|0x000000008cf00000, 0x000000008d000000, 0x000000008d000000|100%| E|CS|TAMS 0x000000008cf00000, 0x000000008cf00000| Complete 
| 208|0x000000008d000000, 0x000000008d100000, 0x000000008d100000|100%| E|CS|TAMS 0x000000008d000000, 0x000000008d000000| Complete 
| 209|0x000000008d100000, 0x000000008d200000, 0x000000008d200000|100%| E|CS|TAMS 0x000000008d100000, 0x000000008d100000| Complete 
| 210|0x000000008d200000, 0x000000008d300000, 0x000000008d300000|100%| E|CS|TAMS 0x000000008d200000, 0x000000008d200000| Complete 
| 211|0x000000008d300000, 0x000000008d400000, 0x000000008d400000|100%| E|CS|TAMS 0x000000008d300000, 0x000000008d300000| Complete 
| 212|0x000000008d400000, 0x000000008d500000, 0x000000008d500000|100%| E|CS|TAMS 0x000000008d400000, 0x000000008d400000| Complete 
| 213|0x000000008d500000, 0x000000008d600000, 0x000000008d600000|100%| E|CS|TAMS 0x000000008d500000, 0x000000008d500000| Complete 
| 214|0x000000008d600000, 0x000000008d700000, 0x000000008d700000|100%| E|CS|TAMS 0x000000008d600000, 0x000000008d600000| Complete 
| 215|0x000000008d700000, 0x000000008d800000, 0x000000008d800000|100%| E|CS|TAMS 0x000000008d700000, 0x000000008d700000| Complete 
| 216|0x000000008d800000, 0x000000008d900000, 0x000000008d900000|100%| E|CS|TAMS 0x000000008d800000, 0x000000008d800000| Complete 
| 217|0x000000008d900000, 0x000000008da00000, 0x000000008da00000|100%| E|CS|TAMS 0x000000008d900000, 0x000000008d900000| Complete 
| 218|0x000000008da00000, 0x000000008db00000, 0x000000008db00000|100%| E|CS|TAMS 0x000000008da00000, 0x000000008da00000| Complete 
| 219|0x000000008db00000, 0x000000008dc00000, 0x000000008dc00000|100%| E|CS|TAMS 0x000000008db00000, 0x000000008db00000| Complete 
| 220|0x000000008dc00000, 0x000000008dd00000, 0x000000008dd00000|100%| E|CS|TAMS 0x000000008dc00000, 0x000000008dc00000| Complete 
| 221|0x000000008dd00000, 0x000000008de00000, 0x000000008de00000|100%| E|CS|TAMS 0x000000008dd00000, 0x000000008dd00000| Complete 
| 222|0x000000008de00000, 0x000000008df00000, 0x000000008df00000|100%| E|CS|TAMS 0x000000008de00000, 0x000000008de00000| Complete 
| 223|0x000000008df00000, 0x000000008e000000, 0x000000008e000000|100%| E|CS|TAMS 0x000000008df00000, 0x000000008df00000| Complete 
| 224|0x000000008e000000, 0x000000008e100000, 0x000000008e100000|100%| E|CS|TAMS 0x000000008e000000, 0x000000008e000000| Complete 
| 225|0x000000008e100000, 0x000000008e200000, 0x000000008e200000|100%| E|CS|TAMS 0x000000008e100000, 0x000000008e100000| Complete 
| 226|0x000000008e200000, 0x000000008e300000, 0x000000008e300000|100%| E|CS|TAMS 0x000000008e200000, 0x000000008e200000| Complete 
| 227|0x000000008e300000, 0x000000008e400000, 0x000000008e400000|100%| E|CS|TAMS 0x000000008e300000, 0x000000008e300000| Complete 
| 228|0x000000008e400000, 0x000000008e500000, 0x000000008e500000|100%| E|CS|TAMS 0x000000008e400000, 0x000000008e400000| Complete 
| 229|0x000000008e500000, 0x000000008e600000, 0x000000008e600000|100%| E|CS|TAMS 0x000000008e500000, 0x000000008e500000| Complete 
| 230|0x000000008e600000, 0x000000008e700000, 0x000000008e700000|100%| E|CS|TAMS 0x000000008e600000, 0x000000008e600000| Complete 
| 231|0x000000008e700000, 0x000000008e800000, 0x000000008e800000|100%| E|CS|TAMS 0x000000008e700000, 0x000000008e700000| Complete 
| 232|0x000000008e800000, 0x000000008e900000, 0x000000008e900000|100%| E|CS|TAMS 0x000000008e800000, 0x000000008e800000| Complete 
| 233|0x000000008e900000, 0x000000008ea00000, 0x000000008ea00000|100%| E|CS|TAMS 0x000000008e900000, 0x000000008e900000| Complete 
| 234|0x000000008ea00000, 0x000000008eb00000, 0x000000008eb00000|100%| E|CS|TAMS 0x000000008ea00000, 0x000000008ea00000| Complete 
| 235|0x000000008eb00000, 0x000000008ec00000, 0x000000008ec00000|100%| E|CS|TAMS 0x000000008eb00000, 0x000000008eb00000| Complete 
| 236|0x000000008ec00000, 0x000000008ed00000, 0x000000008ed00000|100%| E|CS|TAMS 0x000000008ec00000, 0x000000008ec00000| Complete 
| 237|0x000000008ed00000, 0x000000008ee00000, 0x000000008ee00000|100%| E|CS|TAMS 0x000000008ed00000, 0x000000008ed00000| Complete 
| 238|0x000000008ee00000, 0x000000008ef00000, 0x000000008ef00000|100%| E|CS|TAMS 0x000000008ee00000, 0x000000008ee00000| Complete 
| 239|0x000000008ef00000, 0x000000008f000000, 0x000000008f000000|100%| E|CS|TAMS 0x000000008ef00000, 0x000000008ef00000| Complete 
| 240|0x000000008f000000, 0x000000008f100000, 0x000000008f100000|100%| E|CS|TAMS 0x000000008f000000, 0x000000008f000000| Complete 
| 241|0x000000008f100000, 0x000000008f200000, 0x000000008f200000|100%| E|CS|TAMS 0x000000008f100000, 0x000000008f100000| Complete 
| 242|0x000000008f200000, 0x000000008f300000, 0x000000008f300000|100%| E|CS|TAMS 0x000000008f200000, 0x000000008f200000| Complete 
| 243|0x000000008f300000, 0x000000008f400000, 0x000000008f400000|100%| E|CS|TAMS 0x000000008f300000, 0x000000008f300000| Complete 
| 244|0x000000008f400000, 0x000000008f500000, 0x000000008f500000|100%| E|CS|TAMS 0x000000008f400000, 0x000000008f400000| Complete 
| 245|0x000000008f500000, 0x000000008f600000, 0x000000008f600000|100%| E|CS|TAMS 0x000000008f500000, 0x000000008f500000| Complete 

Card table byte_map: [0x00000261e3c10000,0x00000261e4010000] _byte_map_base: 0x00000261e3810000

Marking Bits (Prev, Next): (CMBitMap*) 0x00000261d009f550, (CMBitMap*) 0x00000261d009f518
 Prev Bits: [0x00000261e6410000, 0x00000261e8410000)
 Next Bits: [0x00000261e4410000, 0x00000261e6410000)

Polling page: 0x00000261d3b50000

Metaspace:

Usage:
  Non-class:     79.06 MB capacity,    77.39 MB ( 98%) used,     1.39 MB (  2%) free+waste,   294.75 KB ( <1%) overhead. 
      Class:     12.44 MB capacity,    11.50 MB ( 92%) used,   826.12 KB (  6%) free+waste,   135.63 KB (  1%) overhead. 
       Both:     91.50 MB capacity,    88.89 MB ( 97%) used,     2.19 MB (  2%) free+waste,   430.38 KB ( <1%) overhead. 

Virtual space:
  Non-class space:       80.00 MB reserved,      79.25 MB (>99%) committed 
      Class space:        1.00 GB reserved,      12.45 MB (  1%) committed 
             Both:        1.08 GB reserved,      91.70 MB (  8%) committed 

Chunk freelists:
   Non-Class:  3.00 KB
       Class:  0 bytes
        Both:  3.00 KB

MaxMetaspaceSize: 17179869184.00 GB
CompressedClassSpaceSize: 1.00 GB

CodeHeap 'non-profiled nmethods': size=120000Kb used=6202Kb max_used=6202Kb free=113798Kb
 bounds [0x00000261db640000, 0x00000261dbc50000, 0x00000261e2b70000]
CodeHeap 'profiled nmethods': size=120000Kb used=22277Kb max_used=22277Kb free=97722Kb
 bounds [0x00000261d4110000, 0x00000261d56e0000, 0x00000261db640000]
CodeHeap 'non-nmethods': size=5760Kb used=2291Kb max_used=2354Kb free=3468Kb
 bounds [0x00000261d3b70000, 0x00000261d3de0000, 0x00000261d4110000]
 total_blobs=11223 nmethods=10328 adapters=806
 compilation: enabled
              stopped_count=0, restarted_count=0
 full_count=0

Compilation events (20 events):
Event: 11.583 Thread 0x00000261eb9f1800 10313       1       kotlin.reflect.jvm.internal.impl.serialization.deserialization.descriptors.DeserializedClassDescriptor::access$getEnumEntries$p (5 bytes)
Event: 11.583 Thread 0x00000261eb9f1800 nmethod 10313 0x00000261dbc4c710 code [0x00000261dbc4c8c0, 0x00000261dbc4c958]
Event: 11.583 Thread 0x00000261eb9f1800 10314       1       kotlin.reflect.jvm.internal.impl.serialization.deserialization.descriptors.DeserializedClassDescriptor::access$getClassId$p (5 bytes)
Event: 11.583 Thread 0x00000261eb9f1800 nmethod 10314 0x00000261dbc4ca10 code [0x00000261dbc4cbc0, 0x00000261dbc4cc58]
Event: 11.584 Thread 0x00000261eb9f1800 10315       1       kotlin.reflect.jvm.internal.impl.serialization.deserialization.descriptors.DeserializedClassDescriptor::getKind (5 bytes)
Event: 11.584 Thread 0x00000261eb9f1800 nmethod 10315 0x00000261dbc4cd10 code [0x00000261dbc4cec0, 0x00000261dbc4cf78]
Event: 11.584 Thread 0x00000261eb9f1800 10281       3       kotlin.reflect.jvm.internal.pcollections.HashPMap::getEntries (22 bytes)
Event: 11.584 Thread 0x00000261eb9f1800 nmethod 10281 0x00000261d56be310 code [0x00000261d56be4e0, 0x00000261d56be828]
Event: 11.584 Thread 0x00000261eb9f1800 10282       3       kotlin.reflect.jvm.internal.pcollections.IntTreePMap::get (10 bytes)
Event: 11.584 Thread 0x00000261eb9f1800 nmethod 10282 0x00000261d56be990 code [0x00000261d56beb40, 0x00000261d56bec88]
Event: 11.584 Thread 0x00000261eb9f1800 10316       3       kotlin.reflect.jvm.internal.ReflectProperties$Val::getValue (5 bytes)
Event: 11.585 Thread 0x00000261eb9f1800 nmethod 10316 0x00000261d56bed90 code [0x00000261d56bef40, 0x00000261d56bf0e8]
Event: 11.585 Thread 0x00000261eb9f1800 10317       3       kotlin.reflect.jvm.internal.impl.storage.DefaultSimpleLock::lock (10 bytes)
Event: 11.586 Thread 0x00000261eb9f1800 nmethod 10317 0x00000261d56bf190 code [0x00000261d56bf340, 0x00000261d56bf508]
Event: 11.586 Thread 0x00000261eb9f1800 10318       3       kotlin.reflect.jvm.internal.impl.storage.DefaultSimpleLock::unlock (10 bytes)
Event: 11.586 Thread 0x00000261eb9f1800 nmethod 10318 0x00000261d56bf610 code [0x00000261d56bf7c0, 0x00000261d56bf988]
Event: 11.587 Thread 0x00000261eb9f1800 10319       3       kotlin.reflect.jvm.internal.ReflectProperties$LazyVal::invoke (36 bytes)
Event: 11.588 Thread 0x00000261eb9f1800 nmethod 10319 0x00000261d56bfa90 code [0x00000261d56bfc80, 0x00000261d56c0168]
Event: 11.611 Thread 0x00000261eb9f1800 10320       3       com.google.common.base.Preconditions::checkState (13 bytes)
Event: 11.611 Thread 0x00000261eb9f1800 nmethod 10320 0x00000261d56c0290 code [0x00000261d56c0460, 0x00000261d56c0648]

GC Heap History (20 events):
Event: 2.899 GC heap before
{Heap before GC invocations=1 (full 0):
 garbage-first heap   total 251904K, used 104882K [0x0000000080000000, 0x0000000100000000)
  region size 1024K, 97 young (99328K), 3 survivors (3072K)
 Metaspace       used 20571K, capacity 21104K, committed 21248K, reserved 1067008K
  class space    used 2508K, capacity 2690K, committed 2816K, reserved 1048576K
}
Event: 2.907 GC heap after
{Heap after GC invocations=2 (full 0):
 garbage-first heap   total 251904K, used 16654K [0x0000000080000000, 0x0000000100000000)
  region size 1024K, 10 young (10240K), 10 survivors (10240K)
 Metaspace       used 20571K, capacity 21104K, committed 21248K, reserved 1067008K
  class space    used 2508K, capacity 2690K, committed 2816K, reserved 1048576K
}
Event: 3.281 GC heap before
{Heap before GC invocations=3 (full 0):
 garbage-first heap   total 251904K, used 59662K [0x0000000080000000, 0x0000000100000000)
  region size 1024K, 52 young (53248K), 10 survivors (10240K)
 Metaspace       used 24894K, capacity 25519K, committed 25728K, reserved 1071104K
  class space    used 3216K, capacity 3421K, committed 3456K, reserved 1048576K
}
Event: 3.288 GC heap after
{Heap after GC invocations=4 (full 0):
 garbage-first heap   total 251904K, used 18348K [0x0000000080000000, 0x0000000100000000)
  region size 1024K, 2 young (2048K), 2 survivors (2048K)
 Metaspace       used 24894K, capacity 25519K, committed 25728K, reserved 1071104K
  class space    used 3216K, capacity 3421K, committed 3456K, reserved 1048576K
}
Event: 4.142 GC heap before
{Heap before GC invocations=4 (full 0):
 garbage-first heap   total 251904K, used 85932K [0x0000000080000000, 0x0000000100000000)
  region size 1024K, 70 young (71680K), 2 survivors (2048K)
 Metaspace       used 35048K, capacity 35838K, committed 35840K, reserved 1081344K
  class space    used 4538K, capacity 4864K, committed 4864K, reserved 1048576K
}
Event: 4.148 GC heap after
{Heap after GC invocations=5 (full 0):
 garbage-first heap   total 251904K, used 21938K [0x0000000080000000, 0x0000000100000000)
  region size 1024K, 6 young (6144K), 6 survivors (6144K)
 Metaspace       used 35048K, capacity 35838K, committed 35840K, reserved 1081344K
  class space    used 4538K, capacity 4864K, committed 4864K, reserved 1048576K
}
Event: 5.147 GC heap before
{Heap before GC invocations=6 (full 0):
 garbage-first heap   total 251904K, used 125362K [0x0000000080000000, 0x0000000100000000)
  region size 1024K, 103 young (105472K), 6 survivors (6144K)
 Metaspace       used 43139K, capacity 44156K, committed 44364K, reserved 1087488K
  class space    used 5498K, capacity 5855K, committed 5964K, reserved 1048576K
}
Event: 5.155 GC heap after
{Heap after GC invocations=7 (full 0):
 garbage-first heap   total 251904K, used 28031K [0x0000000080000000, 0x0000000100000000)
  region size 1024K, 12 young (12288K), 12 survivors (12288K)
 Metaspace       used 43139K, capacity 44156K, committed 44364K, reserved 1087488K
  class space    used 5498K, capacity 5855K, committed 5964K, reserved 1048576K
}
Event: 6.647 GC heap before
{Heap before GC invocations=7 (full 0):
 garbage-first heap   total 251904K, used 156031K [0x0000000080000000, 0x0000000100000000)
  region size 1024K, 130 young (133120K), 12 survivors (12288K)
 Metaspace       used 51950K, capacity 53325K, committed 53580K, reserved 1095680K
  class space    used 6623K, capacity 7123K, committed 7244K, reserved 1048576K
}
Event: 6.658 GC heap after
{Heap after GC invocations=8 (full 0):
 garbage-first heap   total 251904K, used 47316K [0x0000000080000000, 0x0000000100000000)
  region size 1024K, 17 young (17408K), 17 survivors (17408K)
 Metaspace       used 51950K, capacity 53325K, committed 53580K, reserved 1095680K
  class space    used 6623K, capacity 7123K, committed 7244K, reserved 1048576K
}
Event: 7.164 GC heap before
{Heap before GC invocations=8 (full 0):
 garbage-first heap   total 251904K, used 88276K [0x0000000080000000, 0x0000000100000000)
  region size 1024K, 58 young (59392K), 17 survivors (17408K)
 Metaspace       used 58741K, capacity 60185K, committed 60236K, reserved 1101824K
  class space    used 7420K, capacity 7977K, committed 8012K, reserved 1048576K
}
Event: 7.180 GC heap after
{Heap after GC invocations=9 (full 0):
 garbage-first heap   total 251904K, used 50411K [0x0000000080000000, 0x0000000100000000)
  region size 1024K, 3 young (3072K), 3 survivors (3072K)
 Metaspace       used 58741K, capacity 60185K, committed 60236K, reserved 1101824K
  class space    used 7420K, capacity 7977K, committed 8012K, reserved 1048576K
}
Event: 8.095 GC heap before
{Heap before GC invocations=10 (full 0):
 garbage-first heap   total 251904K, used 147691K [0x0000000080000000, 0x0000000100000000)
  region size 1024K, 98 young (100352K), 3 survivors (3072K)
 Metaspace       used 66902K, capacity 68466K, committed 68684K, reserved 1110016K
  class space    used 8449K, capacity 9012K, committed 9036K, reserved 1048576K
}
Event: 8.103 GC heap after
{Heap after GC invocations=11 (full 0):
 garbage-first heap   total 251904K, used 56813K [0x0000000080000000, 0x0000000100000000)
  region size 1024K, 10 young (10240K), 10 survivors (10240K)
 Metaspace       used 66902K, capacity 68466K, committed 68684K, reserved 1110016K
  class space    used 8449K, capacity 9012K, committed 9036K, reserved 1048576K
}
Event: 9.264 GC heap before
{Heap before GC invocations=11 (full 0):
 garbage-first heap   total 251904K, used 157165K [0x0000000080000000, 0x0000000100000000)
  region size 1024K, 108 young (110592K), 10 survivors (10240K)
 Metaspace       used 75955K, capacity 77749K, committed 77900K, reserved 1116160K
  class space    used 9778K, capacity 10470K, committed 10572K, reserved 1048576K
}
Event: 9.276 GC heap after
{Heap after GC invocations=12 (full 0):
 garbage-first heap   total 251904K, used 64050K [0x0000000080000000, 0x0000000100000000)
  region size 1024K, 8 young (8192K), 8 survivors (8192K)
 Metaspace       used 75955K, capacity 77749K, committed 77900K, reserved 1116160K
  class space    used 9778K, capacity 10470K, committed 10572K, reserved 1048576K
}
Event: 10.383 GC heap before
{Heap before GC invocations=12 (full 0):
 garbage-first heap   total 251904K, used 166450K [0x0000000080000000, 0x0000000100000000)
  region size 1024K, 108 young (110592K), 8 survivors (8192K)
 Metaspace       used 85511K, capacity 87978K, committed 88140K, reserved 1126400K
  class space    used 11144K, capacity 12062K, committed 12108K, reserved 1048576K
}
Event: 10.393 GC heap after
{Heap after GC invocations=13 (full 0):
 garbage-first heap   total 251904K, used 71825K [0x0000000080000000, 0x0000000100000000)
  region size 1024K, 14 young (14336K), 14 survivors (14336K)
 Metaspace       used 85511K, capacity 87978K, committed 88140K, reserved 1126400K
  class space    used 11144K, capacity 12062K, committed 12108K, reserved 1048576K
}
Event: 11.127 GC heap before
{Heap before GC invocations=13 (full 0):
 garbage-first heap   total 251904K, used 173201K [0x0000000080000000, 0x0000000100000000)
  region size 1024K, 114 young (116736K), 14 survivors (14336K)
 Metaspace       used 87456K, capacity 89970K, committed 90188K, reserved 1126400K
  class space    used 11342K, capacity 12291K, committed 12364K, reserved 1048576K
}
Event: 11.141 GC heap after
{Heap after GC invocations=14 (full 0):
 garbage-first heap   total 251904K, used 78752K [0x0000000080000000, 0x0000000100000000)
  region size 1024K, 7 young (7168K), 7 survivors (7168K)
 Metaspace       used 87456K, capacity 89970K, committed 90188K, reserved 1126400K
  class space    used 11342K, capacity 12291K, committed 12364K, reserved 1048576K
}

Deoptimization events (20 events):
Event: 10.966 Thread 0x00000261f48a7000 DEOPT PACKING pc=0x00000261db90c894 sp=0x000000633c7fa200
Event: 10.966 Thread 0x00000261f48a7000 DEOPT UNPACKING pc=0x00000261d3b978af sp=0x000000633c7fa180 mode 2
Event: 10.985 Thread 0x00000261ede81000 Uncommon trap: trap_request=0xffffff4d fr.pc=0x00000261dbbfa3b0 relative=0x00000000000004f0
Event: 10.985 Thread 0x00000261ede81000 Uncommon trap: reason=unstable_if action=reinterpret pc=0x00000261dbbfa3b0 method=org.gradle.internal.file.DefaultFileHierarchySet$Node.isChildOfOrThis(Ljava/lang/String;I)Z @ 35 c2
Event: 10.985 Thread 0x00000261ede81000 DEOPT PACKING pc=0x00000261dbbfa3b0 sp=0x0000006339dff410
Event: 10.985 Thread 0x00000261ede81000 DEOPT UNPACKING pc=0x00000261d3b978af sp=0x0000006339dff378 mode 2
Event: 11.003 Thread 0x00000261f48a7000 DEOPT PACKING pc=0x00000261d53b9cd5 sp=0x000000633c7f8260
Event: 11.003 Thread 0x00000261f48a7000 DEOPT UNPACKING pc=0x00000261d3b976ce sp=0x000000633c7f7780 mode 0
Event: 11.034 Thread 0x00000261f48a5800 Uncommon trap: trap_request=0xffffff4d fr.pc=0x00000261dbbefc90 relative=0x0000000000002910
Event: 11.034 Thread 0x00000261f48a5800 Uncommon trap: reason=unstable_if action=reinterpret pc=0x00000261dbbefc90 method=java.nio.file.FileTreeWalker.visit(Ljava/nio/file/Path;ZZ)Ljava/nio/file/FileTreeWalker$Event; @ 84 c2
Event: 11.034 Thread 0x00000261f48a5800 DEOPT PACKING pc=0x00000261dbbefc90 sp=0x000000633c5fce30
Event: 11.034 Thread 0x00000261f48a5800 DEOPT UNPACKING pc=0x00000261d3b978af sp=0x000000633c5fce60 mode 2
Event: 11.126 Thread 0x00000261ee32e000 DEOPT PACKING pc=0x00000261d53b9cd5 sp=0x000000633b3fdf80
Event: 11.126 Thread 0x00000261ee32e000 DEOPT UNPACKING pc=0x00000261d3b976ce sp=0x000000633b3fd4a0 mode 0
Event: 11.271 Thread 0x00000261efd78800 Uncommon trap: trap_request=0xfffffff4 fr.pc=0x00000261dbc1f430 relative=0x0000000000000a90
Event: 11.271 Thread 0x00000261efd78800 Uncommon trap: reason=null_check action=make_not_entrant pc=0x00000261dbc1f430 method=org.gradle.tooling.internal.provider.runner.SubtreeFilteringBuildOperationListener.started(Lorg/gradle/internal/operations/BuildOperationDescriptor;Lorg/gradle/internal/
Event: 11.271 Thread 0x00000261efd78800 DEOPT PACKING pc=0x00000261dbc1f430 sp=0x000000633affe700
Event: 11.271 Thread 0x00000261efd78800 DEOPT UNPACKING pc=0x00000261d3b978af sp=0x000000633affe6b0 mode 2
Event: 11.291 Thread 0x00000261f48a9800 DEOPT PACKING pc=0x00000261d53b9cd5 sp=0x000000633cef8850
Event: 11.291 Thread 0x00000261f48a9800 DEOPT UNPACKING pc=0x00000261d3b976ce sp=0x000000633cef7d70 mode 0

Classes redefined (0 events):
No events

Internal exceptions (20 events):
Event: 10.278 Thread 0x00000261efd7b000 Exception <a 'java/lang/NoSuchMethodError'{0x000000008a230fa0}: 'java.lang.Object java.lang.invoke.DirectMethodHandle$Holder.invokeSpecialIFC(java.lang.Object, java.lang.Object, java.lang.Object)'> (0x000000008a230fa0) thrown at [./src/hotspot/share/interpreter/linkResolver.cpp, line 773]
Event: 10.279 Thread 0x00000261efd75000 Exception <a 'java/lang/NoSuchMethodError'{0x000000008a158278}: 'java.lang.Object java.lang.invoke.DirectMethodHandle$Holder.invokeSpecialIFC(java.lang.Object, java.lang.Object, java.lang.Object)'> (0x000000008a158278) thrown at [./src/hotspot/share/interpreter/linkResolver.cpp, line 773]
Event: 10.316 Thread 0x00000261ee330800 Exception <a 'java/lang/NoSuchMethodError'{0x0000000089c99050}: 'int java.lang.invoke.DirectMethodHandle$Holder.invokeStaticInit(java.lang.Object, java.lang.Object, java.lang.Object, java.lang.Object, java.lang.Object)'> (0x0000000089c99050) thrown at [./src/hotspot/share/interpreter/linkResolver.cpp, line 773]
Event: 10.397 Thread 0x00000261ee330800 Exception <a 'java/lang/NoSuchMethodError'{0x000000008f550b58}: 'void java.lang.invoke.DirectMethodHandle$Holder.invokeVirtual(java.lang.Object, java.lang.Object)'> (0x000000008f550b58) thrown at [./src/hotspot/share/interpreter/linkResolver.cpp, line 773]
Event: 10.553 Thread 0x00000261f48a7000 Exception <a 'java/lang/IncompatibleClassChangeError'{0x000000008dfde3c0}: Found class java.lang.Object, but interface was expected> (0x000000008dfde3c0) thrown at [./src/hotspot/share/interpreter/linkResolver.cpp, line 839]
Event: 10.956 Thread 0x00000261f48a7000 Exception <a 'java/lang/NoSuchMethodError'{0x000000008a8d2a50}: <clinit>> (0x000000008a8d2a50) thrown at [./src/hotspot/share/prims/jni.cpp, line 1362]
Event: 10.956 Thread 0x00000261f48a7000 Exception <a 'java/lang/NoSuchMethodError'{0x000000008a8d3d88}: <clinit>> (0x000000008a8d3d88) thrown at [./src/hotspot/share/prims/jni.cpp, line 1362]
Event: 10.956 Thread 0x00000261f48a7000 Exception <a 'java/lang/NoSuchMethodError'{0x000000008a8d64e8}: <clinit>> (0x000000008a8d64e8) thrown at [./src/hotspot/share/prims/jni.cpp, line 1362]
Event: 10.957 Thread 0x00000261f48a7000 Exception <a 'java/lang/NoSuchMethodError'{0x000000008a8eeb28}: <clinit>> (0x000000008a8eeb28) thrown at [./src/hotspot/share/prims/jni.cpp, line 1362]
Event: 10.957 Thread 0x00000261f48a7000 Exception <a 'java/lang/NoSuchMethodError'{0x000000008a8f0008}: <clinit>> (0x000000008a8f0008) thrown at [./src/hotspot/share/prims/jni.cpp, line 1362]
Event: 10.996 Thread 0x00000261f48a7000 Exception <a 'java/lang/NoSuchMethodError'{0x000000008a44c2b0}: <clinit>> (0x000000008a44c2b0) thrown at [./src/hotspot/share/prims/jni.cpp, line 1362]
Event: 10.997 Thread 0x00000261f48a7000 Exception <a 'java/lang/NoSuchMethodError'{0x000000008a4828a0}: <clinit>> (0x000000008a4828a0) thrown at [./src/hotspot/share/prims/jni.cpp, line 1362]
Event: 10.999 Thread 0x00000261f48a7000 Exception <a 'java/lang/NoSuchMethodError'{0x000000008a4afc00}: <clinit>> (0x000000008a4afc00) thrown at [./src/hotspot/share/prims/jni.cpp, line 1362]
Event: 11.000 Thread 0x00000261f48a7000 Exception <a 'java/lang/NoSuchMethodError'{0x000000008a4c2a90}: <clinit>> (0x000000008a4c2a90) thrown at [./src/hotspot/share/prims/jni.cpp, line 1362]
Event: 11.271 Thread 0x00000261efd78800 Implicit null exception at 0x00000261dbc1ebb9 to 0x00000261dbc1f410
Event: 11.624 Thread 0x00000261f48a9800 Exception <a 'java/lang/NoSuchMethodError'{0x000000008adc4a70}: 'void java.lang.invoke.DirectMethodHandle$Holder.invokeStatic(java.lang.Object, long)'> (0x000000008adc4a70) thrown at [./src/hotspot/share/interpreter/linkResolver.cpp, line 773]
Event: 11.625 Thread 0x00000261f48a9800 Exception <a 'java/lang/NoSuchMethodError'{0x000000008adc9c88}: 'java.lang.Object java.lang.invoke.DirectMethodHandle$Holder.invokeStatic(java.lang.Object, long)'> (0x000000008adc9c88) thrown at [./src/hotspot/share/interpreter/linkResolver.cpp, line 773]
Event: 11.627 Thread 0x00000261f48a9800 Exception <a 'java/lang/NoSuchMethodError'{0x000000008add8238}: 'java.lang.Object java.lang.invoke.DirectMethodHandle$Holder.invokeStaticInit(java.lang.Object, java.lang.Object, long, java.lang.Object)'> (0x000000008add8238) thrown at [./src/hotspot/share/interpreter/linkResolver.cpp, line 773]
Event: 11.628 Thread 0x00000261f48a9800 Exception <a 'java/lang/NoSuchMethodError'{0x000000008adde3d0}: 'java.lang.Object java.lang.invoke.DirectMethodHandle$Holder.invokeStatic(java.lang.Object, java.lang.Object, long)'> (0x000000008adde3d0) thrown at [./src/hotspot/share/interpreter/linkResolver.cpp, line 773]
Event: 11.628 Thread 0x00000261f48a9800 Exception <a 'java/lang/NoSuchMethodError'{0x000000008ade4948}: 'java.lang.Object java.lang.invoke.Invokers$Holder.linkToTargetMethod(java.lang.Object, long, java.lang.Object)'> (0x000000008ade4948) thrown at [./src/hotspot/share/interpreter/linkResolver.cpp, line 773]

Events (20 events):
Event: 11.625 loading class java/lang/ProcessHandleImpl
Event: 11.626 loading class java/lang/ProcessHandleImpl done
Event: 11.628 loading class java/lang/ProcessImpl$2
Event: 11.629 loading class java/lang/ProcessImpl$2 done
Event: 11.629 loading class java/lang/Process$PipeInputStream
Event: 11.629 loading class java/lang/Process$PipeInputStream done
Event: 11.629 Executing VM operation: Deoptimize
Event: 11.631 Executing VM operation: Deoptimize done
Event: 11.631 loading class com/android/utils/GrabProcessOutput$Wait
Event: 11.631 loading class com/android/utils/GrabProcessOutput$Wait done
Event: 11.632 loading class com/android/utils/GrabProcessOutput
Event: 11.632 loading class com/android/utils/GrabProcessOutput done
Event: 11.632 loading class com/android/utils/GrabProcessOutput$1
Event: 11.632 loading class com/android/utils/GrabProcessOutput$1 done
Event: 11.632 loading class com/android/utils/GrabProcessOutput$2
Event: 11.632 loading class com/android/utils/GrabProcessOutput$2 done
Event: 11.633 Thread 0x00000261f48a9000 Thread added: 0x00000261f48a9000
Event: 11.633 Thread 0x00000261f48ac000 Thread added: 0x00000261f48ac000
Event: 11.633 loading class com/google/common/util/concurrent/OverflowAvoidingLockSupport
Event: 11.633 loading class com/google/common/util/concurrent/OverflowAvoidingLockSupport done


Dynamic libraries:
0x00007ff64e880000 - 0x00007ff64e88a000 	C:\Program Files\Android\Android Studio\jre\bin\java.exe
0x00007ffab73f0000 - 0x00007ffab75e5000 	C:\Windows\SYSTEM32\ntdll.dll
0x00007ffab6f50000 - 0x00007ffab700d000 	C:\Windows\System32\KERNEL32.DLL
0x00007ffab4cf0000 - 0x00007ffab4fb8000 	C:\Windows\System32\KERNELBASE.dll
0x00007ffab4b30000 - 0x00007ffab4c30000 	C:\Windows\System32\ucrtbase.dll
0x00007ffaaea00000 - 0x00007ffaaea19000 	C:\Program Files\Android\Android Studio\jre\bin\jli.dll
0x00007ffaae940000 - 0x00007ffaae957000 	C:\Program Files\Android\Android Studio\jre\bin\VCRUNTIME140.dll
0x00007ffab5b00000 - 0x00007ffab5ca0000 	C:\Windows\System32\USER32.dll
0x00007ffab4c30000 - 0x00007ffab4c52000 	C:\Windows\System32\win32u.dll
0x00007ffab54b0000 - 0x00007ffab54da000 	C:\Windows\System32\GDI32.dll
0x00007ffab5340000 - 0x00007ffab544b000 	C:\Windows\System32\gdi32full.dll
0x00007ffab5010000 - 0x00007ffab50ad000 	C:\Windows\System32\msvcp_win.dll
0x00007ffa9b070000 - 0x00007ffa9b30a000 	C:\Windows\WinSxS\amd64_microsoft.windows.common-controls_6595b64144ccf1df_6.0.19041.844_none_ca00b6081b84eb1d\COMCTL32.dll
0x00007ffab7230000 - 0x00007ffab72ce000 	C:\Windows\System32\msvcrt.dll
0x00007ffab6520000 - 0x00007ffab6550000 	C:\Windows\System32\IMM32.DLL
0x00007ffa970f0000 - 0x00007ffa9718d000 	C:\Program Files\Android\Android Studio\jre\bin\msvcp140.dll
0x00007ffa75720000 - 0x00007ffa761ef000 	C:\Program Files\Android\Android Studio\jre\bin\server\jvm.dll
0x00007ffab6db0000 - 0x00007ffab6e5c000 	C:\Windows\System32\ADVAPI32.dll
0x00007ffab7010000 - 0x00007ffab70ab000 	C:\Windows\System32\sechost.dll
0x00007ffab6000000 - 0x00007ffab612b000 	C:\Windows\System32\RPCRT4.dll
0x00007ffab72d0000 - 0x00007ffab72d8000 	C:\Windows\System32\PSAPI.DLL
0x00007ffa9aa40000 - 0x00007ffa9aa49000 	C:\Windows\SYSTEM32\WSOCK32.dll
0x00007ffab6260000 - 0x00007ffab62cb000 	C:\Windows\System32\WS2_32.dll
0x00007ffaac020000 - 0x00007ffaac02a000 	C:\Windows\SYSTEM32\VERSION.dll
0x00007ffaac030000 - 0x00007ffaac057000 	C:\Windows\SYSTEM32\WINMM.dll
0x00007ffab33c0000 - 0x00007ffab33d2000 	C:\Windows\SYSTEM32\kernel.appcore.dll
0x00007ffab3360000 - 0x00007ffab3371000 	C:\Program Files\Android\Android Studio\jre\bin\verify.dll
0x00007ffab2f80000 - 0x00007ffab3164000 	C:\Windows\SYSTEM32\DBGHELP.DLL
0x00007ffaa5330000 - 0x00007ffaa535c000 	C:\Windows\SYSTEM32\dbgcore.DLL
0x00007ffab52c0000 - 0x00007ffab5340000 	C:\Windows\System32\bcryptPrimitives.dll
0x00007ffaaea20000 - 0x00007ffaaea49000 	C:\Program Files\Android\Android Studio\jre\bin\java.dll
0x00007ffab3340000 - 0x00007ffab334b000 	C:\Program Files\Android\Android Studio\jre\bin\jimage.dll
0x00007ffab3280000 - 0x00007ffab3298000 	C:\Program Files\Android\Android Studio\jre\bin\zip.dll
0x00007ffab65e0000 - 0x00007ffab6d22000 	C:\Windows\System32\SHELL32.dll
0x00007ffab2720000 - 0x00007ffab2eb1000 	C:\Windows\SYSTEM32\windows.storage.dll
0x00007ffab5ca0000 - 0x00007ffab5ff5000 	C:\Windows\System32\combase.dll
0x00007ffab4530000 - 0x00007ffab455c000 	C:\Windows\SYSTEM32\Wldp.dll
0x00007ffab6130000 - 0x00007ffab61de000 	C:\Windows\System32\SHCORE.dll
0x00007ffab6d50000 - 0x00007ffab6da5000 	C:\Windows\System32\shlwapi.dll
0x00007ffab4a70000 - 0x00007ffab4a8f000 	C:\Windows\SYSTEM32\profapi.dll
0x00007ffaae960000 - 0x00007ffaae97a000 	C:\Program Files\Android\Android Studio\jre\bin\net.dll
0x00007ffaaf460000 - 0x00007ffaaf56b000 	C:\Windows\SYSTEM32\WINHTTP.dll
0x00007ffab4240000 - 0x00007ffab42aa000 	C:\Windows\system32\mswsock.dll
0x00007ffaae790000 - 0x00007ffaae7a4000 	C:\Program Files\Android\Android Studio\jre\bin\nio.dll
0x00007ffa9cb10000 - 0x00007ffa9cb37000 	C:\Users\ojhdt\.gradle\native\8bec1ad78214c89d9ad589b4d07fe93259594b29d510b10fafb7a158f7737e5d\windows-amd64\native-platform.dll
0x00007ffa961d0000 - 0x00007ffa9630d000 	C:\Users\ojhdt\.gradle\native\53dbd7edfb1c66fb8903c78663c9afc45aea4f116125fa6feffd364cf09443e8\windows-amd64\native-platform-file-events.dll
0x00007ffab3330000 - 0x00007ffab333a000 	C:\Program Files\Android\Android Studio\jre\bin\management.dll
0x00007ffab0000000 - 0x00007ffab000c000 	C:\Program Files\Android\Android Studio\jre\bin\management_ext.dll
0x00007ffab4410000 - 0x00007ffab4428000 	C:\Windows\SYSTEM32\CRYPTSP.dll
0x00007ffab3bb0000 - 0x00007ffab3be4000 	C:\Windows\system32\rsaenh.dll
0x00007ffab4c60000 - 0x00007ffab4c87000 	C:\Windows\System32\bcrypt.dll
0x00007ffab49f0000 - 0x00007ffab4a1e000 	C:\Windows\SYSTEM32\USERENV.dll
0x00007ffab4430000 - 0x00007ffab443c000 	C:\Windows\SYSTEM32\CRYPTBASE.dll
0x00007ffab3f30000 - 0x00007ffab3f6b000 	C:\Windows\SYSTEM32\IPHLPAPI.DLL
0x00007ffab6f40000 - 0x00007ffab6f48000 	C:\Windows\System32\NSI.dll
0x00007ffaad180000 - 0x00007ffaad197000 	C:\Windows\SYSTEM32\dhcpcsvc6.DLL
0x00007ffaad060000 - 0x00007ffaad07d000 	C:\Windows\SYSTEM32\dhcpcsvc.DLL
0x00007ffab3f70000 - 0x00007ffab403c000 	C:\Windows\SYSTEM32\DNSAPI.dll

dbghelp: loaded successfully - version: 4.0.5 - missing functions: none
symbol engine: initialized successfully - sym options: 0x614 - pdb path: .;C:\Program Files\Android\Android Studio\jre\bin;C:\Windows\SYSTEM32;C:\Windows\WinSxS\amd64_microsoft.windows.common-controls_6595b64144ccf1df_6.0.19041.844_none_ca00b6081b84eb1d;C:\Program Files\Android\Android Studio\jre\bin\server;C:\Users\ojhdt\.gradle\native\8bec1ad78214c89d9ad589b4d07fe93259594b29d510b10fafb7a158f7737e5d\windows-amd64;C:\Users\ojhdt\.gradle\native\53dbd7edfb1c66fb8903c78663c9afc45aea4f116125fa6feffd364cf09443e8\windows-amd64

VM Arguments:
jvm_args: --add-opens=java.base/java.util=ALL-UNNAMED --add-opens=java.base/java.lang=ALL-UNNAMED --add-opens=java.base/java.lang.invoke=ALL-UNNAMED --add-opens=java.base/java.util=ALL-UNNAMED --add-opens=java.prefs/java.util.prefs=ALL-UNNAMED --add-opens=java.prefs/java.util.prefs=ALL-UNNAMED --add-opens=java.base/java.nio.charset=ALL-UNNAMED --add-opens=java.base/java.net=ALL-UNNAMED --add-opens=java.base/java.util.concurrent.atomic=ALL-UNNAMED -Xmx2048m -Dfile.encoding=UTF-8 -Duser.country=CN -Duser.language=zh -Duser.variant 
java_command: org.gradle.launcher.daemon.bootstrap.GradleDaemon 7.0.2
java_class_path (initial): C:\Users\ojhdt\.gradle\wrapper\dists\gradle-7.0.2-bin\857tjihv64xamwrf0h14cai3r\gradle-7.0.2\lib\gradle-launcher-7.0.2.jar
Launcher Type: SUN_STANDARD

[Global flags]
     intx CICompilerCount                          = 4                                         {product} {ergonomic}
     uint ConcGCThreads                            = 3                                         {product} {ergonomic}
     uint G1ConcRefinementThreads                  = 10                                        {product} {ergonomic}
   size_t G1HeapRegionSize                         = 1048576                                   {product} {ergonomic}
    uintx GCDrainStackTargetSize                   = 64                                        {product} {ergonomic}
   size_t InitialHeapSize                          = 257949696                                 {product} {ergonomic}
   size_t MarkStackSize                            = 4194304                                   {product} {ergonomic}
   size_t MaxHeapSize                              = 2147483648                                {product} {command line}
   size_t MaxNewSize                               = 1287651328                                {product} {ergonomic}
   size_t MinHeapDeltaBytes                        = 1048576                                   {product} {ergonomic}
    uintx NonNMethodCodeHeapSize                   = 5836300                                {pd product} {ergonomic}
    uintx NonProfiledCodeHeapSize                  = 122910970                              {pd product} {ergonomic}
    uintx ProfiledCodeHeapSize                     = 122910970                              {pd product} {ergonomic}
    uintx ReservedCodeCacheSize                    = 251658240                              {pd product} {ergonomic}
     bool SegmentedCodeCache                       = true                                      {product} {ergonomic}
     bool UseCompressedClassPointers               = true                                 {lp64_product} {ergonomic}
     bool UseCompressedOops                        = true                                 {lp64_product} {ergonomic}
     bool UseG1GC                                  = true                                      {product} {ergonomic}
     bool UseLargePagesIndividualAllocation        = false                                  {pd product} {ergonomic}

Logging:
Log output configuration:
 #0: stdout all=warning uptime,level,tags
 #1: stderr all=off uptime,level,tags

Environment Variables:
PATH=C:\Program Files\Eclipse Foundation\jdk-11.0.12.7-hotspot\bin;C:\Program Files (x86)\Common Files\Intel\Shared Libraries\redist\intel64\compiler;C:\Program Files (x86)\Common Files\Oracle\Java\javapath;C:\Program Files (x86)\NetSarang\Xshell 6\;C:\Windows\system32;C:\Windows;C:\Windows\System32\Wbem;C:\Windows\System32\WindowsPowerShell\v1.0\;C:\Windows\System32\OpenSSH\;C:\Program Files\Git\cmd;C:\mingw-w64\x86_64-8.1.0-win32-seh-rt_v6-rev0\mingw64\bin;C:\Program Files\Common Files\Autodesk Shared\;C:\Program Files (x86)\nodejs\;C:\Program Files (x86)\ZeroTier\One\;C:\Users\ojhdt\AppData\Local\Android\Sdk\platform-tools;C:\Users\ojhdt\AppData\Local\Programs\Python\Python36\Scripts\;C:\Users\ojhdt\AppData\Local\Programs\Python\Python36\;C:\Users\ojhdt\AppData\Local\Microsoft\WindowsApps;C:\Users\ojhdt\AppData\Local\GitHubDesktop\bin;C:\Users\ojhdt\AppData\Local\Programs\Microsoft VS Code\bin;C:\src\flutter\bin;C:\Users\ojhdt\AppData\Local\nvs\;C:\Users\ojhdt\AppData\Roaming\npm
USERNAME=ojhdt
OS=Windows_NT
PROCESSOR_IDENTIFIER=AMD64 Family 23 Model 96 Stepping 1, AuthenticAMD



---------------  S Y S T E M  ---------------

OS: Windows 10 , 64 bit Build 19041 (10.0.19041.928)
OS uptime: 3 days 2:45 hours
Hyper-V role detected

CPU:total 12 (initial active 12) (12 cores per cpu, 2 threads per core) family 23 model 96 stepping 1 microcode 0x0, cmov, cx8, fxsr, mmx, sse, sse2, sse3, ssse3, sse4.1, sse4.2, popcnt, avx, avx2, aes, clmul, mmxext, 3dnowpref, lzcnt, sse4a, ht, tsc, tscinvbit, tscinv, bmi1, bmi2, adx, 

Memory: 4k page, system-wide physical 15741M (3990M free)
TotalPageFile size 16541M (AvailPageFile size 7M)
current process WorkingSet (physical memory assigned to process): 504M, peak: 505M
current process commit charge ("private bytes"): 574M, peak: 576M

vm_info: OpenJDK 64-Bit Server VM (11.0.10+0-b96-7249189) for windows-amd64 JRE (11.0.10+0-b96-7249189), built on Mar 31 2021 21:44:00 by "builder" with MS VC++ 14.0 (VS2015)

END.
